2023-03-20 23:06:12.743 [info] Log level: Info
2023-03-20 23:06:12.743 [info] Validating found git in: "git"
2023-03-20 23:06:12.743 [info] Using git "2.40.0" from "git"
2023-03-20 23:06:12.743 [info] > git rev-parse --show-toplevel [43ms]
2023-03-20 23:06:12.743 [info] > git rev-parse --git-dir --git-common-dir [0ms]
2023-03-20 23:06:12.743 [info] Open repository: /home/brantellah
2023-03-20 23:06:12.743 [info] > git rev-parse --show-toplevel [51ms]
2023-03-20 23:06:12.743 [info] > git rev-parse --show-toplevel [4ms]
2023-03-20 23:06:12.743 [info] > git config --get commit.template [23ms]
2023-03-20 23:06:12.743 [info] > git rev-parse --show-toplevel [2ms]
2023-03-20 23:06:12.743 [info] > git rev-parse --show-toplevel [7ms]
2023-03-20 23:06:12.743 [info] > git rev-parse --show-toplevel [2ms]
2023-03-20 23:06:12.743 [info] > git rev-parse --git-dir --git-common-dir [3ms]
2023-03-20 23:06:12.743 [info] Open repository: /home/brantellah/.nvm
2023-03-20 23:06:12.743 [info] > git for-each-ref --format=%(refname)%00%(upstream:short)%00%(objectname)%00%(upstream:track)%00%(upstream:remotename)%00%(upstream:remoteref) refs/heads/main refs/remotes/main [28ms]
2023-03-20 23:06:12.744 [info] > git config --get commit.template [10ms]
2023-03-20 23:06:12.745 [info] > git rev-parse --show-toplevel [16ms]
2023-03-20 23:06:12.756 [info] > git rev-parse --git-dir --git-common-dir [7ms]
2023-03-20 23:06:12.765 [info] Open repository: /home/brantellah/.rbenv
2023-03-20 23:06:12.780 [info] > git rev-parse --show-toplevel [7ms]
2023-03-20 23:06:12.786 [info] > git for-each-ref --format %(refname) %(objectname) %(*objectname) refs/tags [32ms]
2023-03-20 23:06:12.794 [info] > git rev-parse --show-toplevel [9ms]
2023-03-20 23:06:12.800 [info] > git config --get commit.template [20ms]
2023-03-20 23:06:12.806 [info] > git status -z -uall [14ms]
2023-03-20 23:06:12.818 [info] > git rev-parse --show-toplevel [19ms]
2023-03-20 23:06:12.838 [info] > git config --get commit.template [7ms]
2023-03-20 23:06:12.839 [info] > git for-each-ref --format=%(refname)%00%(upstream:short)%00%(objectname)%00%(upstream:track)%00%(upstream:remotename)%00%(upstream:remoteref) refs/heads/master refs/remotes/master [34ms]
2023-03-20 23:06:12.845 [info] > git rev-parse --show-toplevel [20ms]
2023-03-20 23:06:12.858 [info] > git rev-parse --show-toplevel [7ms]
2023-03-20 23:06:12.865 [info] > git status -z -uall [21ms]
2023-03-20 23:06:12.873 [info] > git for-each-ref --format %(refname) %(objectname) %(*objectname) refs/tags [18ms]
2023-03-20 23:06:12.886 [info] > git status -z -uall [8ms]
2023-03-20 23:06:12.887 [info] > git rev-parse --show-toplevel [23ms]
2023-03-20 23:06:12.892 [info] > git config --get commit.template [6ms]
2023-03-20 23:06:12.899 [info] > git rev-parse --git-dir --git-common-dir [8ms]
2023-03-20 23:06:12.906 [info] Open repository: /home/brantellah/phase-0-git-basics-lab
2023-03-20 23:06:12.926 [info] > git config --get commit.template [2ms]
2023-03-20 23:06:12.926 [info] > git for-each-ref --format=%(refname)%00%(upstream:short)%00%(objectname)%00%(upstream:track)%00%(upstream:remotename)%00%(upstream:remoteref) refs/heads/master refs/remotes/master [9ms]
2023-03-20 23:06:12.931 [info] > git rev-parse --show-toplevel [19ms]
2023-03-20 23:06:12.942 [info] > git status -z -uall [11ms]
2023-03-20 23:06:12.959 [info] > git for-each-ref --format=%(refname)%00%(upstream:short)%00%(objectname)%00%(upstream:track)%00%(upstream:remotename)%00%(upstream:remoteref) refs/heads/master refs/remotes/master [5ms]
2023-03-20 23:06:12.970 [info] > git status -z -uall [6ms]
2023-03-20 23:06:13.125 [info] > git status -z -uall [386ms]
2023-03-20 23:06:13.159 [info] > git config --get commit.template [15ms]
2023-03-20 23:06:13.170 [info] > git for-each-ref --format=%(refname)%00%(upstream:short)%00%(objectname)%00%(upstream:track)%00%(upstream:remotename)%00%(upstream:remoteref) refs/heads/main refs/remotes/main [5ms]
2023-03-20 23:06:13.193 [info] > git check-ignore -v -z --stdin [42ms]
2023-03-20 23:06:13.305 [info] > git status -z -uall [130ms]
2023-03-20 23:06:13.670 [info] > git show --textconv :table.html [25ms]
2023-03-20 23:06:13.671 [info] > git show --textconv :shaffie.html [18ms]
2023-03-20 23:06:13.675 [info] > git ls-files --stage -- /home/brantellah/table.html [16ms]
2023-03-20 23:06:13.681 [info] > git ls-files --stage -- /home/brantellah/shaffie.html [18ms]
2023-03-20 23:06:13.686 [info] > git cat-file -s 68eb73533396bc1473fef0f4706810a02d98df98 [6ms]
2023-03-20 23:06:13.687 [info] > git cat-file -s 3a636ba9fa743855fb3b253f2fbad7215f1dc6c2 [2ms]
2023-03-20 23:06:17.325 [info] > git config --get commit.template [9ms]
2023-03-20 23:06:17.326 [info] > git for-each-ref --format=%(refname)%00%(upstream:short)%00%(objectname)%00%(upstream:track)%00%(upstream:remotename)%00%(upstream:remoteref) refs/heads/main refs/remotes/main [2ms]
2023-03-20 23:06:17.400 [info] > git status -z -uall [69ms]
2023-03-20 23:06:22.410 [info] > git config --get commit.template [0ms]
2023-03-20 23:06:22.414 [info] > git for-each-ref --format=%(refname)%00%(upstream:short)%00%(objectname)%00%(upstream:track)%00%(upstream:remotename)%00%(upstream:remoteref) refs/heads/main refs/remotes/main [1ms]
2023-03-20 23:06:22.477 [info] > git status -z -uall [60ms]
2023-03-20 23:06:27.502 [info] > git config --get commit.template [1ms]
2023-03-20 23:06:27.510 [info] > git for-each-ref --format=%(refname)%00%(upstream:short)%00%(objectname)%00%(upstream:track)%00%(upstream:remotename)%00%(upstream:remoteref) refs/heads/main refs/remotes/main [2ms]
2023-03-20 23:06:27.593 [info] > git status -z -uall [76ms]
2023-03-20 23:06:32.615 [info] > git config --get commit.template [3ms]
2023-03-20 23:06:32.625 [info] > git for-each-ref --format=%(refname)%00%(upstream:short)%00%(objectname)%00%(upstream:track)%00%(upstream:remotename)%00%(upstream:remoteref) refs/heads/main refs/remotes/main [3ms]
2023-03-20 23:06:32.704 [info] > git status -z -uall [73ms]
2023-03-20 23:29:33.187 [info] > git check-ignore -v -z --stdin [20ms]
2023-03-20 23:29:47.565 [info] > git config --get commit.template [1ms]
2023-03-20 23:29:47.579 [info] > git for-each-ref --format=%(refname)%00%(upstream:short)%00%(objectname)%00%(upstream:track)%00%(upstream:remotename)%00%(upstream:remoteref) refs/heads/main refs/remotes/main [4ms]
2023-03-20 23:29:47.790 [info] > git status -z -uall [202ms]
2023-03-20 23:29:52.807 [info] > git config --get commit.template [8ms]
2023-03-20 23:29:52.809 [info] > git for-each-ref --format=%(refname)%00%(upstream:short)%00%(objectname)%00%(upstream:track)%00%(upstream:remotename)%00%(upstream:remoteref) refs/heads/main refs/remotes/main [1ms]
2023-03-20 23:29:52.887 [info] > git status -z -uall [74ms]
2023-03-20 23:29:53.215 [info] > git check-ignore -v -z --stdin [27ms]
2023-03-20 23:29:53.216 [info] > git check-ignore -v -z --stdin [13ms]
2023-03-20 23:29:53.216 [info] > git check-ignore -v -z --stdin [2ms]
2023-03-20 23:29:53.217 [info] > git check-ignore -v -z --stdin [36ms]
2023-03-20 23:29:57.915 [info] > git config --get commit.template [8ms]
2023-03-20 23:29:57.916 [info] > git for-each-ref --format=%(refname)%00%(upstream:short)%00%(objectname)%00%(upstream:track)%00%(upstream:remotename)%00%(upstream:remoteref) refs/heads/main refs/remotes/main [1ms]
2023-03-20 23:29:57.990 [info] > git status -z -uall [71ms]
2023-03-20 23:30:03.024 [info] > git config --get commit.template [14ms]
2023-03-20 23:30:03.027 [info] > git for-each-ref --format=%(refname)%00%(upstream:short)%00%(objectname)%00%(upstream:track)%00%(upstream:remotename)%00%(upstream:remoteref) refs/heads/main refs/remotes/main [4ms]
2023-03-20 23:30:03.111 [info] > git status -z -uall [72ms]
2023-03-20 23:30:05.602 [info] > git check-ignore -v -z --stdin [12ms]
2023-03-20 23:30:08.124 [info] > git config --get commit.template [1ms]
2023-03-20 23:30:08.130 [info] > git for-each-ref --format=%(refname)%00%(upstream:short)%00%(objectname)%00%(upstream:track)%00%(upstream:remotename)%00%(upstream:remoteref) refs/heads/main refs/remotes/main [2ms]
2023-03-20 23:30:08.201 [info] > git status -z -uall [67ms]
2023-03-20 23:30:13.227 [info] > git config --get commit.template [9ms]
2023-03-20 23:30:13.230 [info] > git for-each-ref --format=%(refname)%00%(upstream:short)%00%(objectname)%00%(upstream:track)%00%(upstream:remotename)%00%(upstream:remoteref) refs/heads/main refs/remotes/main [3ms]
2023-03-20 23:30:13.308 [info] > git status -z -uall [71ms]
2023-03-20 23:30:16.259 [info] > git check-ignore -v -z --stdin [2ms]
2023-03-20 23:30:18.331 [info] > git config --get commit.template [7ms]
2023-03-20 23:30:18.333 [info] > git for-each-ref --format=%(refname)%00%(upstream:short)%00%(objectname)%00%(upstream:track)%00%(upstream:remotename)%00%(upstream:remoteref) refs/heads/main refs/remotes/main [2ms]
2023-03-20 23:30:18.407 [info] > git status -z -uall [70ms]
2023-03-20 23:30:19.469 [info] > git check-ignore -v -z --stdin [13ms]
2023-03-20 23:30:23.427 [info] > git config --get commit.template [2ms]
2023-03-20 23:30:23.435 [info] > git for-each-ref --format=%(refname)%00%(upstream:short)%00%(objectname)%00%(upstream:track)%00%(upstream:remotename)%00%(upstream:remoteref) refs/heads/main refs/remotes/main [2ms]
2023-03-20 23:30:23.508 [info] > git status -z -uall [69ms]
2023-03-20 23:30:28.520 [info] > git config --get commit.template [4ms]
2023-03-20 23:30:28.521 [info] > git for-each-ref --format=%(refname)%00%(upstream:short)%00%(objectname)%00%(upstream:track)%00%(upstream:remotename)%00%(upstream:remoteref) refs/heads/main refs/remotes/main [1ms]
2023-03-20 23:30:28.586 [info] > git status -z -uall [62ms]
2023-03-20 23:30:29.803 [info] > git check-ignore -v -z --stdin [3ms]
2023-03-20 23:30:33.600 [info] > git config --get commit.template [4ms]
2023-03-20 23:30:33.601 [info] > git for-each-ref --format=%(refname)%00%(upstream:short)%00%(objectname)%00%(upstream:track)%00%(upstream:remotename)%00%(upstream:remoteref) refs/heads/main refs/remotes/main [2ms]
2023-03-20 23:30:33.670 [info] > git status -z -uall [66ms]
2023-03-20 23:30:38.678 [info] > git config --get commit.template [0ms]
2023-03-20 23:30:38.683 [info] > git for-each-ref --format=%(refname)%00%(upstream:short)%00%(objectname)%00%(upstream:track)%00%(upstream:remotename)%00%(upstream:remoteref) refs/heads/main refs/remotes/main [2ms]
2023-03-20 23:30:38.751 [info] > git status -z -uall [63ms]
2023-03-20 23:30:43.778 [info] > git config --get commit.template [11ms]
2023-03-20 23:30:43.782 [info] > git for-each-ref --format=%(refname)%00%(upstream:short)%00%(objectname)%00%(upstream:track)%00%(upstream:remotename)%00%(upstream:remoteref) refs/heads/main refs/remotes/main [4ms]
2023-03-20 23:30:43.861 [info] > git status -z -uall [73ms]
2023-03-20 23:30:48.886 [info] > git config --get commit.template [10ms]
2023-03-20 23:30:48.889 [info] > git for-each-ref --format=%(refname)%00%(upstream:short)%00%(objectname)%00%(upstream:track)%00%(upstream:remotename)%00%(upstream:remoteref) refs/heads/main refs/remotes/main [4ms]
2023-03-20 23:30:48.968 [info] > git status -z -uall [70ms]
2023-03-20 23:32:31.903 [info] > git config --get commit.template [7ms]
2023-03-20 23:32:31.904 [info] > git for-each-ref --format=%(refname)%00%(upstream:short)%00%(objectname)%00%(upstream:track)%00%(upstream:remotename)%00%(upstream:remoteref) refs/heads/main refs/remotes/main [2ms]
2023-03-20 23:32:32.061 [info] > git status -z -uall [152ms]
2023-03-20 23:32:37.116 [info] > git config --get commit.template [19ms]
2023-03-20 23:32:37.122 [info] > git for-each-ref --format=%(refname)%00%(upstream:short)%00%(objectname)%00%(upstream:track)%00%(upstream:remotename)%00%(upstream:remoteref) refs/heads/main refs/remotes/main [8ms]
2023-03-20 23:32:37.302 [info] > git status -z -uall [170ms]
