2023-03-20 00:04:23.118 [info] Log level: Info
2023-03-20 00:04:23.118 [info] Validating found git in: "git"
2023-03-20 00:04:23.118 [info] Using git "2.40.0" from "git"
2023-03-20 00:04:23.118 [info] > git rev-parse --show-toplevel [37ms]
2023-03-20 00:04:23.118 [info] > git rev-parse --git-dir --git-common-dir [1ms]
2023-03-20 00:04:23.118 [info] Open repository: /home/brantellah
2023-03-20 00:04:23.118 [info] > git rev-parse --show-toplevel [31ms]
2023-03-20 00:04:23.118 [info] > git rev-parse --show-toplevel [5ms]
2023-03-20 00:04:23.118 [info] > git config --get commit.template [15ms]
2023-03-20 00:04:23.118 [info] > git rev-parse --show-toplevel [2ms]
2023-03-20 00:04:23.118 [info] No remotes found in the git config file.
2023-03-20 00:04:23.118 [info] > git rev-parse --show-toplevel [5ms]
2023-03-20 00:04:23.118 [info] > git for-each-ref --format=%(refname)%00%(upstream:short)%00%(objectname)%00%(upstream:track)%00%(upstream:remotename)%00%(upstream:remoteref) refs/heads/main refs/remotes/main [5ms]
2023-03-20 00:04:23.118 [info] > git rev-parse --git-dir --git-common-dir [9ms]
2023-03-20 00:04:23.118 [info] Open repository: /home/brantellah/.nvm
2023-03-20 00:04:23.118 [info] > git rev-parse --show-toplevel [8ms]
2023-03-20 00:04:23.118 [info] > git rev-parse --git-dir --git-common-dir [7ms]
2023-03-20 00:04:23.118 [info] Open repository: /home/brantellah/.rbenv
2023-03-20 00:04:23.118 [info] > git config --get commit.template [22ms]
2023-03-20 00:04:23.129 [info] > git rev-parse --show-toplevel [13ms]
2023-03-20 00:04:23.141 [info] > git config --get commit.template [20ms]
2023-03-20 00:04:23.143 [info] > git for-each-ref --format %(refname) %(objectname) %(*objectname) refs/tags [2ms]
2023-03-20 00:04:23.148 [info] > git rev-parse --show-toplevel [16ms]
2023-03-20 00:04:23.159 [info] > git rev-parse --show-toplevel [8ms]
2023-03-20 00:04:23.166 [info] > git status -z -uall [19ms]
2023-03-20 00:04:23.166 [info] > git for-each-ref --format=%(refname)%00%(upstream:short)%00%(objectname)%00%(upstream:track)%00%(upstream:remotename)%00%(upstream:remoteref) refs/heads/master refs/remotes/master [9ms]
2023-03-20 00:04:23.182 [info] > git status -z -uall [12ms]
2023-03-20 00:04:23.189 [info] > git rev-parse --show-toplevel [23ms]
2023-03-20 00:04:23.200 [info] > git rev-parse --show-toplevel [8ms]
2023-03-20 00:04:23.206 [info] > git config --get commit.template [24ms]
2023-03-20 00:04:23.212 [info] > git rev-parse --git-dir --git-common-dir [7ms]
2023-03-20 00:04:23.221 [info] Open repository: /home/brantellah/Hotforex
2023-03-20 00:04:23.227 [info] > git config --get commit.template [29ms]
2023-03-20 00:04:23.238 [info] > git rev-parse --show-toplevel [12ms]
2023-03-20 00:04:23.259 [info] > git status -z -uall [181ms] (cancelled)
2023-03-20 00:04:23.260 [info] > git rev-parse --show-toplevel [16ms]
2023-03-20 00:04:23.266 [info] > git config --get commit.template [30ms]
2023-03-20 00:04:23.266 [info] > git for-each-ref --format %(refname) %(objectname) %(*objectname) refs/tags [35ms]
2023-03-20 00:04:23.276 [info] > git rev-parse --show-toplevel [11ms]
2023-03-20 00:04:23.281 [info] > git for-each-ref --format=%(refname)%00%(upstream:short)%00%(objectname)%00%(upstream:track)%00%(upstream:remotename)%00%(upstream:remoteref) refs/heads/master refs/remotes/master [33ms]
2023-03-20 00:04:23.290 [info] > git status -z -uall [19ms]
2023-03-20 00:04:23.290 [info] > git status -z -uall [5ms]
2023-03-20 00:04:23.290 [info] > git rev-parse --git-dir --git-common-dir [9ms]
2023-03-20 00:04:23.295 [info] Open repository: /home/brantellah/phase-0-git-basics-lab
2023-03-20 00:04:23.302 [info] > git for-each-ref --format=%(refname)%00%(upstream:short)%00%(objectname)%00%(upstream:track)%00%(upstream:remotename)%00%(upstream:remoteref) refs/heads/main refs/remotes/main [13ms]
2023-03-20 00:04:23.310 [info] > git status -z -uall [4ms]
2023-03-20 00:04:23.312 [info] > git config --get commit.template [11ms]
2023-03-20 00:04:23.318 [info] > git for-each-ref --format=%(refname)%00%(upstream:short)%00%(objectname)%00%(upstream:track)%00%(upstream:remotename)%00%(upstream:remoteref) refs/heads/master refs/remotes/master [2ms]
2023-03-20 00:04:23.324 [info] > git status -z -uall [3ms]
2023-03-20 00:04:23.928 [info] > git check-ignore -v -z --stdin [11ms]
2023-03-20 00:04:23.929 [info] > git check-ignore -v -z --stdin [10ms]
2023-03-20 00:04:23.930 [info] > git check-ignore -v -z --stdin [8ms]
2023-03-20 00:04:23.930 [info] > git check-ignore -v -z --stdin [6ms]
2023-03-20 00:04:23.930 [info] > git check-ignore -v -z --stdin [3ms]
2023-03-20 00:04:27.019 [info] > git config --get commit.template [5ms]
2023-03-20 00:04:27.023 [info] No remotes found in the git config file.
2023-03-20 00:04:27.024 [info] > git for-each-ref --format=%(refname)%00%(upstream:short)%00%(objectname)%00%(upstream:track)%00%(upstream:remotename)%00%(upstream:remoteref) refs/heads/main refs/remotes/main [1ms]
2023-03-20 00:04:27.877 [info] > git status -z -uall [849ms] (cancelled)
2023-03-20 00:04:30.425 [info] > git check-ignore -v -z --stdin [1ms]
2023-03-20 00:04:31.007 [info] > git check-ignore -v -z --stdin [1ms]
2023-03-20 00:05:09.714 [info] > git show --textconv :index.html [5ms]
2023-03-20 00:05:09.716 [info] > git ls-files --stage -- /home/brantellah/index.html [3ms]
2023-03-20 00:13:06.349 [warning] ENOENT: no such file or directory, open '/home/brantellah/Hotforex/.git/HEAD'
2023-03-20 00:13:06.356 [warning] getRemotes() - ENOENT: no such file or directory, open '/home/brantellah/Hotforex/.git/config'
2023-03-20 00:13:06.367 [warning] ENOENT: no such file or directory, open '/home/brantellah/Hotforex/.git/HEAD'
2023-03-20 00:13:06.374 [warning] getRemotes() - ENOENT: no such file or directory, open '/home/brantellah/Hotforex/.git/config'
2023-03-20 00:13:07.023 [info] > git check-ignore -v -z --stdin [9ms]
2023-03-20 00:13:07.026 [info] > git check-ignore -v -z --stdin [5ms]
2023-03-20 00:15:19.551 [info] > git show --textconv :my_list.html [9ms]
2023-03-20 00:15:19.553 [info] > git ls-files --stage -- /home/brantellah/my_list.html [3ms]
2023-03-20 00:20:33.421 [info] > git ls-files --stage -- /home/brantellah/index.html [15ms]
2023-03-20 00:20:33.431 [info] > git ls-files --stage -- /home/brantellah/my_list.html [16ms]
2023-03-20 00:20:33.445 [info] > git cat-file -s 2d6a7432d4f654192edc9c34c93d5b32d35a7d83 [14ms]
2023-03-20 00:20:33.447 [info] > git cat-file -s 804e277aa689168240dea06814cac0049e3d6c09 [2ms]
2023-03-20 00:20:33.474 [info] > git show --textconv :index.html [13ms]
2023-03-20 00:20:33.476 [info] > git show --textconv :my_list.html [3ms]
2023-03-20 00:21:26.183 [info] > git config --get commit.template [13ms]
2023-03-20 00:21:26.185 [info] > git config --get commit.template [6ms]
2023-03-20 00:21:26.201 [info] > git for-each-ref --format=%(refname)%00%(upstream:short)%00%(objectname)%00%(upstream:track)%00%(upstream:remotename)%00%(upstream:remoteref) refs/heads/master refs/remotes/master [2ms]
2023-03-20 00:21:26.207 [info] > git for-each-ref --format %(refname) %(objectname) %(*objectname) refs/tags [14ms]
2023-03-20 00:21:26.220 [info] > git status -z -uall [13ms]
2023-03-20 00:21:26.222 [info] > git status -z -uall [3ms]
2023-03-20 00:21:26.306 [info] > git ls-files --stage -- /home/brantellah/index.html [7ms]
2023-03-20 00:21:26.312 [info] > git ls-files --stage -- /home/brantellah/my_list.html [6ms]
2023-03-20 00:21:26.316 [info] > git cat-file -s 2d6a7432d4f654192edc9c34c93d5b32d35a7d83 [5ms]
2023-03-20 00:21:26.317 [info] > git cat-file -s 804e277aa689168240dea06814cac0049e3d6c09 [2ms]
2023-03-20 00:21:26.338 [info] > git show --textconv :index.html [7ms]
2023-03-20 00:21:26.341 [info] > git show --textconv :my_list.html [3ms]
2023-03-20 00:21:37.083 [info] > git check-ignore -v -z --stdin [10ms]
2023-03-20 00:21:47.252 [info] > git check-ignore -v -z --stdin [8ms]
2023-03-20 00:21:51.012 [info] > git check-ignore -v -z --stdin [7ms]
2023-03-20 00:22:00.680 [info] > git show --textconv :Development/code/index.html [8ms]
2023-03-20 00:22:00.685 [info] > git ls-files --stage -- /home/brantellah/Development/code/index.html [5ms]
2023-03-20 00:22:00.916 [info] > git check-ignore -v -z --stdin [5ms]
2023-03-20 00:23:22.291 [info] > git show --textconv :Development/index.html [11ms]
2023-03-20 00:23:22.293 [info] > git ls-files --stage -- /home/brantellah/Development/index.html [6ms]
2023-03-20 00:23:22.530 [info] > git check-ignore -v -z --stdin [10ms]
2023-03-20 00:25:26.281 [info] > git ls-files --stage -- /home/brantellah/my_list.html [11ms]
2023-03-20 00:25:26.286 [info] > git ls-files --stage -- /home/brantellah/Development/index.html [6ms]
2023-03-20 00:25:26.290 [info] > git cat-file -s 804e277aa689168240dea06814cac0049e3d6c09 [5ms]
2023-03-20 00:25:26.292 [info] > git cat-file -s 2d6a7432d4f654192edc9c34c93d5b32d35a7d83 [3ms]
2023-03-20 00:25:26.305 [info] > git show --textconv :my_list.html [5ms]
2023-03-20 00:25:26.308 [info] > git show --textconv :Development/index.html [3ms]
2023-03-20 00:28:04.503 [info] > git ls-files --stage -- /home/brantellah/my_list.html [5ms]
2023-03-20 00:28:04.507 [info] > git ls-files --stage -- /home/brantellah/Development/index.html [4ms]
2023-03-20 00:28:04.511 [info] > git cat-file -s 804e277aa689168240dea06814cac0049e3d6c09 [4ms]
2023-03-20 00:28:04.512 [info] > git cat-file -s 2d6a7432d4f654192edc9c34c93d5b32d35a7d83 [2ms]
2023-03-20 00:28:04.526 [info] > git show --textconv :my_list.html [4ms]
2023-03-20 00:28:04.529 [info] > git show --textconv :Development/index.html [3ms]
2023-03-20 00:28:47.050 [info] > git show --textconv :Development/code/debug1: [5ms]
2023-03-20 00:28:47.053 [info] > git ls-files --stage -- /home/brantellah/Development/code/debug1: [4ms]
2023-03-20 00:28:51.543 [info] > git show --textconv :Development/code/OpenSSH_8.1p1, [5ms]
2023-03-20 00:28:51.545 [info] > git ls-files --stage -- /home/brantellah/Development/code/OpenSSH_8.1p1, [3ms]
2023-03-20 00:29:02.345 [info] > git show --textconv :my_list.html [10ms]
2023-03-20 00:29:02.350 [info] > git ls-files --stage -- /home/brantellah/my_list.html [6ms]
2023-03-20 00:29:02.356 [info] > git cat-file -s 804e277aa689168240dea06814cac0049e3d6c09 [0ms]
2023-03-20 00:29:04.022 [info] > git show --textconv :my_list.txt [4ms]
2023-03-20 00:29:04.025 [info] > git ls-files --stage -- /home/brantellah/my_list.txt [4ms]
2023-03-20 00:29:04.029 [info] > git cat-file -s 4453c65ab52d8ae1ecf7ea18bdbe63121a7eceef [1ms]
2023-03-20 00:29:08.893 [info] > git check-ignore -v -z --stdin [9ms]
2023-03-20 00:29:13.359 [info] > git show --textconv :Development/code/my_list.html/package-lock.json [6ms]
2023-03-20 00:29:13.361 [info] > git ls-files --stage -- /home/brantellah/Development/code/my_list.html/package-lock.json [3ms]
2023-03-20 00:40:52.601 [info] > git check-ignore -v -z --stdin [22ms]
2023-03-20 00:40:52.602 [info] > git check-ignore -v -z --stdin [11ms]
2023-03-20 00:40:52.610 [info] > git check-ignore -v -z --stdin [10ms]
2023-03-20 00:43:53.630 [info] > git check-ignore -v -z --stdin [5ms]
