have_library: checking for gdbm_open() in -lgdbm... -------------------- yes

"gcc -o conftest -I../../.ext/include/x86_64-linux -I../.././include -I../.././ext/gdbm    -g -O2 -fPIC conftest.c  -L. -L../.. -L. -fstack-protector-strong -rdynamic -Wl,-export-dynamic     -Wl,-rpath,/home/brantellah/.rvm/rubies/ruby-2.7.4/lib -L/home/brantellah/.rvm/rubies/ruby-2.7.4/lib -lruby-static -lz -lpthread -lrt -lrt -lgmp -ldl -lcrypt -lm   -lm   -lc"
checked program was:
/* begin */
1: #include "ruby.h"
2: 
3: int main(int argc, char **argv)
4: {
5:   return !!argv[argc];
6: }
/* end */

"gcc -o conftest -I../../.ext/include/x86_64-linux -I../.././include -I../.././ext/gdbm    -g -O2 -fPIC conftest.c  -L. -L../.. -L. -fstack-protector-strong -rdynamic -Wl,-export-dynamic     -Wl,-rpath,/home/brantellah/.rvm/rubies/ruby-2.7.4/lib -L/home/brantellah/.rvm/rubies/ruby-2.7.4/lib -lruby-static -lz -lpthread -lrt -lrt -lgmp -ldl -lcrypt -lm  -lgdbm  -lm   -lc"
conftest.c: In function ‘t’:
conftest.c:14:57: error: ‘gdbm_open’ undeclared (first use in this function)
   14 | int t(void) { void ((*volatile p)()); p = (void ((*)()))gdbm_open; return !p; }
      |                                                         ^~~~~~~~~
conftest.c:14:57: note: each undeclared identifier is reported only once for each function it appears in
checked program was:
/* begin */
 1: #include "ruby.h"
 2: 
 3: /*top*/
 4: extern int t(void);
 5: int main(int argc, char **argv)
 6: {
 7:   if (argc > 1000000) {
 8:     int (* volatile tp)(void)=(int (*)(void))&t;
 9:     printf("%d", (*tp)());
10:   }
11: 
12:   return !!argv[argc];
13: }
14: int t(void) { void ((*volatile p)()); p = (void ((*)()))gdbm_open; return !p; }
/* end */

"gcc -o conftest -I../../.ext/include/x86_64-linux -I../.././include -I../.././ext/gdbm    -g -O2 -fPIC conftest.c  -L. -L../.. -L. -fstack-protector-strong -rdynamic -Wl,-export-dynamic     -Wl,-rpath,/home/brantellah/.rvm/rubies/ruby-2.7.4/lib -L/home/brantellah/.rvm/rubies/ruby-2.7.4/lib -lruby-static -lz -lpthread -lrt -lrt -lgmp -ldl -lcrypt -lm  -lgdbm  -lm   -lc"
checked program was:
/* begin */
 1: #include "ruby.h"
 2: 
 3: /*top*/
 4: extern int t(void);
 5: int main(int argc, char **argv)
 6: {
 7:   if (argc > 1000000) {
 8:     int (* volatile tp)(void)=(int (*)(void))&t;
 9:     printf("%d", (*tp)());
10:   }
11: 
12:   return !!argv[argc];
13: }
14: extern void gdbm_open();
15: int t(void) { gdbm_open(); return 0; }
/* end */

--------------------

have_header: checking for gdbm.h... -------------------- yes

"gcc -E -I../../.ext/include/x86_64-linux -I../.././include -I../.././ext/gdbm    -g -O2 -fPIC  conftest.c -o conftest.i"
checked program was:
/* begin */
1: #include "ruby.h"
2: 
3: #include <gdbm.h>
/* end */

--------------------

checking for sizeof(DBM) is available... -------------------- yes

"gcc -I../../.ext/include/x86_64-linux -I../.././include -I../.././ext/gdbm    -g -O2 -fPIC   -c conftest.c"
conftest.c:5:36: error: ‘DBM’ undeclared here (not in a function)
    5 | const int sizeof_DBM = (int)sizeof(DBM);
      |                                    ^~~
checked program was:
/* begin */
1: #include "ruby.h"
2: 
3: #include <gdbm.h>
4: 
5: const int sizeof_DBM = (int)sizeof(DBM);
/* end */

--------------------

extconf.h is:
/* begin */
1: #ifndef EXTCONF_H
2: #define EXTCONF_H
3: #define HAVE_GDBM_H 1
4: #define DBM_SIZEOF_DBM 0
5: #endif
/* end */

