2023-03-18 10:24:50.952 [info] Log level: Info
2023-03-18 10:24:50.952 [info] Validating found git in: "git"
2023-03-18 10:24:50.952 [info] Using git "2.40.0" from "git"
2023-03-18 10:24:50.952 [info] > git rev-parse --show-toplevel [51ms]
2023-03-18 10:24:50.952 [info] fatal: not a git repository (or any parent up to mount point /mnt)
Stopping at filesystem boundary (GIT_DISCOVERY_ACROSS_FILESYSTEM not set).
2023-03-18 10:24:50.959 [info] > git rev-parse --show-toplevel [8ms]
2023-03-18 10:24:50.959 [info] fatal: not a git repository (or any parent up to mount point /mnt)
Stopping at filesystem boundary (GIT_DISCOVERY_ACROSS_FILESYSTEM not set).
2023-03-18 10:24:51.010 [info] > git rev-parse --show-toplevel [44ms]
2023-03-18 10:24:51.010 [info] fatal: not a git repository (or any parent up to mount point /mnt)
Stopping at filesystem boundary (GIT_DISCOVERY_ACROSS_FILESYSTEM not set).
2023-03-18 10:24:51.024 [info] > git rev-parse --show-toplevel [9ms]
2023-03-18 10:24:51.024 [info] fatal: not a git repository (or any parent up to mount point /mnt)
Stopping at filesystem boundary (GIT_DISCOVERY_ACROSS_FILESYSTEM not set).
2023-03-18 10:24:51.036 [info] > git rev-parse --show-toplevel [7ms]
2023-03-18 10:24:51.036 [info] fatal: not a git repository (or any parent up to mount point /mnt)
Stopping at filesystem boundary (GIT_DISCOVERY_ACROSS_FILESYSTEM not set).
2023-03-18 10:24:51.048 [info] > git rev-parse --show-toplevel [6ms]
2023-03-18 10:24:51.048 [info] fatal: not a git repository (or any parent up to mount point /mnt)
Stopping at filesystem boundary (GIT_DISCOVERY_ACROSS_FILESYSTEM not set).
2023-03-18 10:24:51.059 [info] > git rev-parse --show-toplevel [8ms]
2023-03-18 10:24:51.059 [info] fatal: not a git repository (or any parent up to mount point /mnt)
Stopping at filesystem boundary (GIT_DISCOVERY_ACROSS_FILESYSTEM not set).
2023-03-18 10:24:51.071 [info] > git rev-parse --show-toplevel [8ms]
2023-03-18 10:24:51.071 [info] fatal: not a git repository (or any parent up to mount point /mnt)
Stopping at filesystem boundary (GIT_DISCOVERY_ACROSS_FILESYSTEM not set).
2023-03-18 10:24:51.084 [info] > git rev-parse --show-toplevel [8ms]
2023-03-18 10:24:51.084 [info] fatal: not a git repository (or any parent up to mount point /mnt)
Stopping at filesystem boundary (GIT_DISCOVERY_ACROSS_FILESYSTEM not set).
2023-03-18 10:24:51.094 [info] > git rev-parse --show-toplevel [6ms]
2023-03-18 10:24:51.094 [info] fatal: not a git repository (or any parent up to mount point /mnt)
Stopping at filesystem boundary (GIT_DISCOVERY_ACROSS_FILESYSTEM not set).
2023-03-18 10:24:51.107 [info] > git rev-parse --show-toplevel [7ms]
2023-03-18 10:24:51.107 [info] fatal: not a git repository (or any parent up to mount point /mnt)
Stopping at filesystem boundary (GIT_DISCOVERY_ACROSS_FILESYSTEM not set).
2023-03-18 10:24:51.118 [info] > git rev-parse --show-toplevel [7ms]
2023-03-18 10:24:51.118 [info] fatal: not a git repository (or any parent up to mount point /mnt)
Stopping at filesystem boundary (GIT_DISCOVERY_ACROSS_FILESYSTEM not set).
2023-03-18 10:24:51.129 [info] > git rev-parse --show-toplevel [7ms]
2023-03-18 10:24:51.129 [info] fatal: not a git repository (or any parent up to mount point /mnt)
Stopping at filesystem boundary (GIT_DISCOVERY_ACROSS_FILESYSTEM not set).
2023-03-18 10:24:51.140 [info] > git rev-parse --show-toplevel [7ms]
2023-03-18 10:24:51.140 [info] fatal: not a git repository (or any parent up to mount point /mnt)
Stopping at filesystem boundary (GIT_DISCOVERY_ACROSS_FILESYSTEM not set).
2023-03-18 10:24:51.151 [info] > git rev-parse --show-toplevel [7ms]
2023-03-18 10:24:51.151 [info] fatal: not a git repository (or any parent up to mount point /mnt)
Stopping at filesystem boundary (GIT_DISCOVERY_ACROSS_FILESYSTEM not set).
2023-03-18 10:24:51.162 [info] > git rev-parse --show-toplevel [6ms]
2023-03-18 10:24:51.162 [info] fatal: not a git repository (or any parent up to mount point /mnt)
Stopping at filesystem boundary (GIT_DISCOVERY_ACROSS_FILESYSTEM not set).
2023-03-18 10:24:51.173 [info] > git rev-parse --show-toplevel [7ms]
2023-03-18 10:24:51.173 [info] fatal: not a git repository (or any parent up to mount point /mnt)
Stopping at filesystem boundary (GIT_DISCOVERY_ACROSS_FILESYSTEM not set).
2023-03-18 10:24:51.183 [info] > git rev-parse --show-toplevel [6ms]
2023-03-18 10:24:51.183 [info] fatal: not a git repository (or any parent up to mount point /mnt)
Stopping at filesystem boundary (GIT_DISCOVERY_ACROSS_FILESYSTEM not set).
2023-03-18 10:24:51.193 [info] > git rev-parse --show-toplevel [6ms]
2023-03-18 10:24:51.193 [info] fatal: not a git repository (or any parent up to mount point /mnt)
Stopping at filesystem boundary (GIT_DISCOVERY_ACROSS_FILESYSTEM not set).
2023-03-18 10:25:00.882 [info] > git rev-parse --show-toplevel [180ms]
2023-03-18 10:25:00.882 [info] fatal: not a git repository (or any parent up to mount point /mnt)
Stopping at filesystem boundary (GIT_DISCOVERY_ACROSS_FILESYSTEM not set).
2023-03-18 11:05:36.804 [info] > git rev-parse --show-toplevel [83ms]
2023-03-18 11:05:36.999 [info] > git rev-parse --show-toplevel [17ms]
2023-03-18 11:05:36.999 [info] fatal: not a git repository (or any parent up to mount point /mnt)
Stopping at filesystem boundary (GIT_DISCOVERY_ACROSS_FILESYSTEM not set).
2023-03-18 11:05:57.509 [info] > git rev-parse --show-toplevel [10ms]
2023-03-18 11:05:57.509 [info] fatal: not a git repository (or any parent up to mount point /mnt)
Stopping at filesystem boundary (GIT_DISCOVERY_ACROSS_FILESYSTEM not set).
2023-03-18 11:06:36.344 [info] > git rev-parse --show-toplevel [2ms]
2023-03-18 22:05:50.453 [info] > git rev-parse --show-toplevel [4ms]
2023-03-18 22:05:50.453 [info] fatal: not a git repository (or any parent up to mount point /mnt)
Stopping at filesystem boundary (GIT_DISCOVERY_ACROSS_FILESYSTEM not set).
2023-03-18 22:05:55.922 [info] > git rev-parse --show-toplevel [2ms]
2023-03-18 22:07:50.637 [info] > git rev-parse --show-toplevel [1ms]
2023-03-18 22:10:23.164 [info] > git rev-parse --show-toplevel [5ms]
2023-03-18 22:10:23.164 [info] fatal: not a git repository (or any parent up to mount point /mnt)
Stopping at filesystem boundary (GIT_DISCOVERY_ACROSS_FILESYSTEM not set).
2023-03-18 22:10:25.092 [info] > git rev-parse --show-toplevel [2ms]
2023-03-18 22:10:26.541 [info] > git rev-parse --show-toplevel [29ms]
2023-03-18 22:10:26.541 [info] fatal: not a git repository (or any parent up to mount point /mnt)
Stopping at filesystem boundary (GIT_DISCOVERY_ACROSS_FILESYSTEM not set).
2023-03-18 22:10:28.828 [info] > git rev-parse --show-toplevel [2ms]
2023-03-18 22:10:40.916 [info] > git rev-parse --show-toplevel [2ms]
2023-03-18 22:39:07.017 [info] > git rev-parse --show-toplevel [27ms]
2023-03-18 22:39:07.017 [info] fatal: not a git repository (or any parent up to mount point /mnt)
Stopping at filesystem boundary (GIT_DISCOVERY_ACROSS_FILESYSTEM not set).
2023-03-18 22:39:07.025 [info] > git rev-parse --show-toplevel [4ms]
2023-03-18 22:39:07.025 [info] fatal: not a git repository (or any parent up to mount point /mnt)
Stopping at filesystem boundary (GIT_DISCOVERY_ACROSS_FILESYSTEM not set).
2023-03-18 22:39:07.032 [info] > git rev-parse --show-toplevel [4ms]
2023-03-18 22:39:07.032 [info] fatal: not a git repository (or any parent up to mount point /mnt)
Stopping at filesystem boundary (GIT_DISCOVERY_ACROSS_FILESYSTEM not set).
2023-03-18 22:39:07.040 [info] > git rev-parse --show-toplevel [5ms]
2023-03-18 22:39:07.040 [info] fatal: not a git repository (or any parent up to mount point /mnt)
Stopping at filesystem boundary (GIT_DISCOVERY_ACROSS_FILESYSTEM not set).
2023-03-18 22:39:07.049 [info] > git rev-parse --show-toplevel [5ms]
2023-03-18 22:39:07.049 [info] fatal: not a git repository (or any parent up to mount point /mnt)
Stopping at filesystem boundary (GIT_DISCOVERY_ACROSS_FILESYSTEM not set).
2023-03-18 22:40:07.055 [info] > git rev-parse --show-toplevel [7ms]
2023-03-18 22:40:07.055 [info] fatal: not a git repository (or any parent up to mount point /mnt)
Stopping at filesystem boundary (GIT_DISCOVERY_ACROSS_FILESYSTEM not set).
2023-03-18 22:47:07.032 [info] > git rev-parse --show-toplevel [37ms]
2023-03-18 22:47:07.032 [info] fatal: not a git repository (or any parent up to mount point /mnt)
Stopping at filesystem boundary (GIT_DISCOVERY_ACROSS_FILESYSTEM not set).
2023-03-18 22:47:07.041 [info] > git rev-parse --show-toplevel [5ms]
2023-03-18 22:47:07.041 [info] fatal: not a git repository (or any parent up to mount point /mnt)
Stopping at filesystem boundary (GIT_DISCOVERY_ACROSS_FILESYSTEM not set).
2023-03-18 22:47:07.049 [info] > git rev-parse --show-toplevel [5ms]
2023-03-18 22:47:07.049 [info] fatal: not a git repository (or any parent up to mount point /mnt)
Stopping at filesystem boundary (GIT_DISCOVERY_ACROSS_FILESYSTEM not set).
2023-03-18 22:47:07.058 [info] > git rev-parse --show-toplevel [5ms]
2023-03-18 22:47:07.058 [info] fatal: not a git repository (or any parent up to mount point /mnt)
Stopping at filesystem boundary (GIT_DISCOVERY_ACROSS_FILESYSTEM not set).
2023-03-18 22:47:07.067 [info] > git rev-parse --show-toplevel [6ms]
2023-03-18 22:47:07.067 [info] fatal: not a git repository (or any parent up to mount point /mnt)
Stopping at filesystem boundary (GIT_DISCOVERY_ACROSS_FILESYSTEM not set).
2023-03-18 22:47:07.076 [info] > git rev-parse --show-toplevel [5ms]
2023-03-18 22:47:07.076 [info] fatal: not a git repository (or any parent up to mount point /mnt)
Stopping at filesystem boundary (GIT_DISCOVERY_ACROSS_FILESYSTEM not set).
2023-03-18 22:47:07.084 [info] > git rev-parse --show-toplevel [5ms]
2023-03-18 22:47:07.084 [info] fatal: not a git repository (or any parent up to mount point /mnt)
Stopping at filesystem boundary (GIT_DISCOVERY_ACROSS_FILESYSTEM not set).
2023-03-18 22:48:07.044 [info] > git rev-parse --show-toplevel [37ms]
2023-03-18 22:48:07.044 [info] fatal: not a git repository (or any parent up to mount point /mnt)
Stopping at filesystem boundary (GIT_DISCOVERY_ACROSS_FILESYSTEM not set).
2023-03-18 22:48:07.054 [info] > git rev-parse --show-toplevel [6ms]
2023-03-18 22:48:07.054 [info] fatal: not a git repository (or any parent up to mount point /mnt)
Stopping at filesystem boundary (GIT_DISCOVERY_ACROSS_FILESYSTEM not set).
2023-03-18 22:48:07.068 [info] > git rev-parse --show-toplevel [9ms]
2023-03-18 22:48:07.068 [info] fatal: not a git repository (or any parent up to mount point /mnt)
Stopping at filesystem boundary (GIT_DISCOVERY_ACROSS_FILESYSTEM not set).
2023-03-18 22:48:07.076 [info] > git rev-parse --show-toplevel [5ms]
2023-03-18 22:48:07.076 [info] fatal: not a git repository (or any parent up to mount point /mnt)
Stopping at filesystem boundary (GIT_DISCOVERY_ACROSS_FILESYSTEM not set).
2023-03-18 22:48:07.084 [info] > git rev-parse --show-toplevel [4ms]
2023-03-18 22:48:07.084 [info] fatal: not a git repository (or any parent up to mount point /mnt)
Stopping at filesystem boundary (GIT_DISCOVERY_ACROSS_FILESYSTEM not set).
2023-03-18 22:48:07.092 [info] > git rev-parse --show-toplevel [5ms]
2023-03-18 22:48:07.092 [info] fatal: not a git repository (or any parent up to mount point /mnt)
Stopping at filesystem boundary (GIT_DISCOVERY_ACROSS_FILESYSTEM not set).
2023-03-18 22:48:07.101 [info] > git rev-parse --show-toplevel [5ms]
2023-03-18 22:48:07.101 [info] fatal: not a git repository (or any parent up to mount point /mnt)
Stopping at filesystem boundary (GIT_DISCOVERY_ACROSS_FILESYSTEM not set).
2023-03-18 22:49:07.044 [info] > git rev-parse --show-toplevel [6ms]
2023-03-18 22:49:07.044 [info] fatal: not a git repository (or any parent up to mount point /mnt)
Stopping at filesystem boundary (GIT_DISCOVERY_ACROSS_FILESYSTEM not set).
2023-03-18 22:50:07.025 [info] > git rev-parse --show-toplevel [28ms]
2023-03-18 22:50:07.025 [info] fatal: not a git repository (or any parent up to mount point /mnt)
Stopping at filesystem boundary (GIT_DISCOVERY_ACROSS_FILESYSTEM not set).
2023-03-18 22:50:07.035 [info] > git rev-parse --show-toplevel [6ms]
2023-03-18 22:50:07.035 [info] fatal: not a git repository (or any parent up to mount point /mnt)
Stopping at filesystem boundary (GIT_DISCOVERY_ACROSS_FILESYSTEM not set).
2023-03-18 22:50:07.044 [info] > git rev-parse --show-toplevel [6ms]
2023-03-18 22:50:07.044 [info] fatal: not a git repository (or any parent up to mount point /mnt)
Stopping at filesystem boundary (GIT_DISCOVERY_ACROSS_FILESYSTEM not set).
2023-03-18 22:50:07.053 [info] > git rev-parse --show-toplevel [6ms]
2023-03-18 22:50:07.053 [info] fatal: not a git repository (or any parent up to mount point /mnt)
Stopping at filesystem boundary (GIT_DISCOVERY_ACROSS_FILESYSTEM not set).
2023-03-18 22:50:07.062 [info] > git rev-parse --show-toplevel [6ms]
2023-03-18 22:50:07.062 [info] fatal: not a git repository (or any parent up to mount point /mnt)
Stopping at filesystem boundary (GIT_DISCOVERY_ACROSS_FILESYSTEM not set).
2023-03-18 22:51:07.032 [info] > git rev-parse --show-toplevel [8ms]
2023-03-18 22:51:07.032 [info] fatal: not a git repository (or any parent up to mount point /mnt)
Stopping at filesystem boundary (GIT_DISCOVERY_ACROSS_FILESYSTEM not set).
2023-03-18 22:51:07.043 [info] > git rev-parse --show-toplevel [7ms]
2023-03-18 22:51:07.043 [info] fatal: not a git repository (or any parent up to mount point /mnt)
Stopping at filesystem boundary (GIT_DISCOVERY_ACROSS_FILESYSTEM not set).
2023-03-18 22:57:07.009 [info] > git rev-parse --show-toplevel [11ms]
2023-03-18 22:57:07.009 [info] fatal: not a git repository (or any parent up to mount point /mnt)
Stopping at filesystem boundary (GIT_DISCOVERY_ACROSS_FILESYSTEM not set).
