[2023-03-15 14:13:34] __rvm_package_extract
__rvm_package_extract () 
{ 
    rvm_debug __rvm_package_extract:$#: "$@";
    \typeset __extract_src __extract_target __tempdir __path __file __return;
    __extract_src="$1";
    __extract_target="$2";
    shift 2;
    __return=0;
    __tempdir="$( TMPDIR="${rvm_tmp_path}" mktemp -d -t rvm-tmp.XXXXXXXXX )";
    __rvm_package_extract_run "$__extract_src" "$__tempdir" "$@" || __return=$?;
    if (( __return == 0 )); then
        for __path in "$__tempdir"/*;
        do
            __file="${__path##*/}";
            if [[ -n "${__file}" && -e "$__extract_target/${__file}" ]]; then
                \command \rm -rf "$__extract_target/${__file}" || __return=$?;
            fi;
            \command \mv -f "${__path}" "$__extract_target/" || __return=$?;
        done;
    fi;
    if [[ -n "$__tempdir" ]]; then
        \command \rm -rf "$__tempdir";
    fi;
    return $__return
}
current path: /home/brantellah/.rvm/src
PATH=/bin:/home/brantellah/.rvm/bin:/home/brantellah/.nvm/versions/node/v19.7.0/bin:/usr/local/sbin:/usr/local/bin:/usr/sbin:/usr/bin:/sbin:/bin:/usr/games:/usr/local/games:/usr/lib/wsl/lib:/mnt/c/Program Files/WindowsApps/CanonicalGroupLimited.Ubuntu_2204.1.8.0_x64__79rhkp1fndgsc:/mnt/c/Windows/system32:/mnt/c/Windows:/mnt/c/Windows/System32/Wbem:/mnt/c/Windows/System32/WindowsPowerShell/v1.0/:/mnt/c/Windows/System32/OpenSSH/:/mnt/c/Users/HP/AppData/Local/Microsoft/WindowsApps:/mnt/c/Users/HP/AppData/Local/Programs/Microsoft VS Code/bin:/snap/bin:/home/brantellah/.rvm/bin
command(3): __rvm_package_extract /home/brantellah/.rvm/archives/ruby-3.0.0.tar.gz /home/brantellah/.rvm/tmp/rvm_src_2112
++ /scripts/functions/utility_package : __rvm_package_extract()  86 > rvm_debug __rvm_package_extract:2: /home/brantellah/.rvm/archives/ruby-3.0.0.tar.gz /home/brantellah/.rvm/tmp/rvm_src_2112
++ /scripts/functions/logging : rvm_debug()  215 > ((  0  ))
++ /scripts/functions/logging : rvm_debug()  215 > return 0
++ /scripts/functions/utility_package : __rvm_package_extract()  87 > typeset __extract_src __extract_target __tempdir __path __file __return
++ /scripts/functions/utility_package : __rvm_package_extract()  88 > __extract_src=/home/brantellah/.rvm/archives/ruby-3.0.0.tar.gz
++ /scripts/functions/utility_package : __rvm_package_extract()  89 > __extract_target=/home/brantellah/.rvm/tmp/rvm_src_2112
++ /scripts/functions/utility_package : __rvm_package_extract()  90 > shift 2
++ /scripts/functions/utility_package : __rvm_package_extract()  91 > __return=0
+++ /scripts/functions/utility_package : __rvm_package_extract()  92 > TMPDIR=/home/brantellah/.rvm/tmp
+++ /scripts/functions/utility_package : __rvm_package_extract()  92 > mktemp -d -t rvm-tmp.XXXXXXXXX
++ /scripts/functions/utility_package : __rvm_package_extract()  92 > __tempdir=/home/brantellah/.rvm/tmp/rvm-tmp.NnGngwzje
++ /scripts/functions/utility_package : __rvm_package_extract()  93 > __rvm_package_extract_run /home/brantellah/.rvm/archives/ruby-3.0.0.tar.gz /home/brantellah/.rvm/tmp/rvm-tmp.NnGngwzje
++ /scripts/functions/utility_package : __rvm_package_extract_run()  42 > typeset __extract_run_src __extract_run_target __exclude_elements
++ /scripts/functions/utility_package : __rvm_package_extract_run()  43 > __extract_run_src=/home/brantellah/.rvm/archives/ruby-3.0.0.tar.gz
++ /scripts/functions/utility_package : __rvm_package_extract_run()  44 > __extract_run_target=/home/brantellah/.rvm/tmp/rvm-tmp.NnGngwzje
++ /scripts/functions/utility_package : __rvm_package_extract_run()  45 > shift 2
++ /scripts/functions/utility_package : __rvm_package_extract_run()  46 > __exclude_elements=()
++ /scripts/functions/utility_package : __rvm_package_extract_run()  49 > [[    != *\ \-\-\n\o\-\s\a\m\e\-\o\w\n\e\r\ * ]]
++ /scripts/functions/utility_package : __rvm_package_extract_run()  50 > __rvm_tar --help
++ /scripts/functions/utility_package : __rvm_package_extract_run()  50 > __rvm_grep -- --no-same-owner
++ /scripts/functions/support : __rvm_grep()  260 > GREP_OPTIONS=
++ /scripts/functions/support : __rvm_grep()  260 > command grep -- --no-same-owner
++ /scripts/functions/utility_package : __rvm_package_extract_run()  52 > rvm_tar_options=--no-same-owner
++ /scripts/functions/utility_package : __rvm_package_extract_run()  55 > [[ -d /home/brantellah/.rvm/tmp/rvm-tmp.NnGngwzje ]]
++ /scripts/functions/utility_package : __rvm_package_extract_run()  56 > case "$__extract_run_src" in
++ /scripts/functions/utility_package : __rvm_package_extract_run()  69 > __map_tar_excludes
++ /scripts/functions/utility_package : __map_tar_excludes()  34 > typeset __exclude_element
++ /scripts/functions/utility_package : __rvm_package_extract_run()  70 > [[ -n '' ]]
++ /scripts/functions/utility_package : __rvm_package_extract_run()  72 > __rvm_tar -xzf /home/brantellah/.rvm/archives/ruby-3.0.0.tar.gz -C /home/brantellah/.rvm/tmp/rvm-tmp.NnGngwzje --no-same-owner
++ /scripts/functions/support : __rvm_tar()  277 > tar -xzf /home/brantellah/.rvm/archives/ruby-3.0.0.tar.gz -C /home/brantellah/.rvm/tmp/rvm-tmp.NnGngwzje --no-same-owner
++ /scripts/functions/utility_package : __rvm_package_extract_run()  79 > __rvm_fix_group_permissions /home/brantellah/.rvm/tmp/rvm-tmp.NnGngwzje/ruby-3.0.0
++ /scripts/functions/utility_package : __rvm_fix_group_permissions()  6 > umask -S
++ /scripts/functions/utility_package : __rvm_fix_group_permissions()  6 > __rvm_grep g=rw
++ /scripts/functions/support : __rvm_grep()  260 > GREP_OPTIONS=
++ /scripts/functions/support : __rvm_grep()  260 > command grep g=rw
++ /scripts/functions/support : __rvm_grep()  260 > return 1
++ /scripts/functions/utility_package : __rvm_package_extract()  95 > ((  __return == 0  ))
++ /scripts/functions/utility_package : __rvm_package_extract()  97 > for __path in "$__tempdir"/*
++ /scripts/functions/utility_package : __rvm_package_extract()  99 > __file=ruby-3.0.0
++ /scripts/functions/utility_package : __rvm_package_extract()  101 > [[ -n ruby-3.0.0 ]]
++ /scripts/functions/utility_package : __rvm_package_extract()  101 > [[ -e /home/brantellah/.rvm/tmp/rvm_src_2112/ruby-3.0.0 ]]
++ /scripts/functions/utility_package : __rvm_package_extract()  105 > command mv -f /home/brantellah/.rvm/tmp/rvm-tmp.NnGngwzje/ruby-3.0.0 /home/brantellah/.rvm/tmp/rvm_src_2112/
++ /scripts/functions/utility_package : __rvm_package_extract()  108 > [[ -n /home/brantellah/.rvm/tmp/rvm-tmp.NnGngwzje ]]
++ /scripts/functions/utility_package : __rvm_package_extract()  109 > command rm -rf /home/brantellah/.rvm/tmp/rvm-tmp.NnGngwzje
++ /scripts/functions/utility_package : __rvm_package_extract()  111 > return 0
