2023-03-18 22:04:45.918 [info] Log level: Info
2023-03-18 22:04:45.918 [info] Validating found git in: "git"
2023-03-18 22:04:45.918 [info] Using git "2.40.0" from "git"
2023-03-18 22:04:45.918 [info] > git rev-parse --show-toplevel [4ms]
2023-03-18 22:04:45.918 [info] > git rev-parse --git-dir --git-common-dir [4ms]
2023-03-18 22:04:45.918 [info] Open repository: /home/brantellah
2023-03-18 22:04:45.918 [info] > git rev-parse --show-toplevel [17ms]
2023-03-18 22:04:45.924 [info] > git rev-parse --show-toplevel [14ms]
2023-03-18 22:04:45.931 [info] > git config --get commit.template [27ms]
2023-03-18 22:04:45.933 [info] > git rev-parse --show-toplevel [3ms]
2023-03-18 22:04:45.940 [info] No remotes found in the git config file.
2023-03-18 22:04:45.941 [info] > git rev-parse --show-toplevel [5ms]
2023-03-18 22:04:45.943 [info] > git for-each-ref --format=%(refname)%00%(upstream:short)%00%(objectname)%00%(upstream:track)%00%(upstream:remotename)%00%(upstream:remoteref) refs/heads/main refs/remotes/main [4ms]
2023-03-18 22:04:45.949 [info] > git rev-parse --git-dir --git-common-dir [6ms]
2023-03-18 22:04:45.952 [info] Open repository: /home/brantellah/.nvm
2023-03-18 22:04:45.961 [info] > git rev-parse --show-toplevel [4ms]
2023-03-18 22:04:45.965 [info] > git rev-parse --git-dir --git-common-dir [2ms]
2023-03-18 22:04:45.968 [info] Open repository: /home/brantellah/.rbenv
2023-03-18 22:04:45.972 [info] > git config --get commit.template [12ms]
2023-03-18 22:04:45.977 [info] > git rev-parse --show-toplevel [6ms]
2023-03-18 22:04:45.989 [info] > git rev-parse --show-toplevel [8ms]
2023-03-18 22:04:45.992 [info] > git config --get commit.template [16ms]
2023-03-18 22:04:45.994 [info] > git rev-parse --show-toplevel [3ms]
2023-03-18 22:04:45.997 [info] > git for-each-ref --format %(refname) %(objectname) %(*objectname) refs/tags [13ms]
2023-03-18 22:04:46.004 [info] > git rev-parse --show-toplevel [8ms]
2023-03-18 22:04:46.008 [info] > git for-each-ref --format=%(refname)%00%(upstream:short)%00%(objectname)%00%(upstream:track)%00%(upstream:remotename)%00%(upstream:remoteref) refs/heads/master refs/remotes/master [4ms]
2023-03-18 22:04:46.012 [info] > git rev-parse --show-toplevel [5ms]
2023-03-18 22:04:46.016 [info] > git rev-parse --git-dir --git-common-dir [0ms]
2023-03-18 22:04:46.020 [info] Open repository: /home/brantellah/Hotforex
2023-03-18 22:04:46.031 [info] > git status -z -uall [20ms]
2023-03-18 22:04:46.036 [info] > git rev-parse --show-toplevel [14ms]
2023-03-18 22:04:46.046 [info] > git config --get commit.template [19ms]
2023-03-18 22:04:46.054 [info] > git status -z -uall [106ms] (cancelled)
2023-03-18 22:04:46.055 [info] > git status -z -uall [55ms]
2023-03-18 22:04:46.055 [info] > git config --get commit.template [12ms]
2023-03-18 22:04:46.055 [info] > git rev-parse --show-toplevel [16ms]
2023-03-18 22:04:46.058 [info] > git rev-parse --git-dir --git-common-dir [1ms]
2023-03-18 22:04:46.061 [info] Open repository: /home/brantellah/phase-0-git-basics-lab
2023-03-18 22:04:46.062 [info] > git for-each-ref --format=%(refname)%00%(upstream:short)%00%(objectname)%00%(upstream:track)%00%(upstream:remotename)%00%(upstream:remoteref) refs/heads/main refs/remotes/main [10ms]
2023-03-18 22:04:46.075 [info] > git status -z -uall [10ms]
2023-03-18 22:04:46.082 [info] > git config --get commit.template [7ms]
2023-03-18 22:04:46.083 [info] > git config --get commit.template [11ms]
2023-03-18 22:04:46.083 [info] > git for-each-ref --format=%(refname)%00%(upstream:short)%00%(objectname)%00%(upstream:track)%00%(upstream:remotename)%00%(upstream:remoteref) refs/heads/master refs/remotes/master [14ms]
2023-03-18 22:04:46.086 [info] > git config --get commit.template [5ms]
2023-03-18 22:04:46.094 [info] > git status -z -uall [9ms]
2023-03-18 22:04:46.094 [info] > git for-each-ref --format=%(refname)%00%(upstream:short)%00%(objectname)%00%(upstream:track)%00%(upstream:remotename)%00%(upstream:remoteref) refs/heads/master refs/remotes/master [5ms]
2023-03-18 22:04:46.099 [info] > git status -z -uall [3ms]
2023-03-18 22:04:46.102 [info] > git for-each-ref --format=%(refname)%00%(upstream:short)%00%(objectname)%00%(upstream:track)%00%(upstream:remotename)%00%(upstream:remoteref) refs/heads/main refs/remotes/main [8ms]
2023-03-18 22:04:46.105 [info] > git for-each-ref --format %(refname) %(objectname) %(*objectname) refs/tags [14ms]
2023-03-18 22:04:46.108 [info] > git status -z -uall [3ms]
2023-03-18 22:04:46.114 [info] > git status -z -uall [7ms]
2023-03-18 22:04:46.643 [info] > git check-ignore -v -z --stdin [33ms]
2023-03-18 22:04:46.646 [info] > git check-ignore -v -z --stdin [27ms]
2023-03-18 22:04:46.647 [info] > git check-ignore -v -z --stdin [22ms]
2023-03-18 22:04:46.648 [info] > git check-ignore -v -z --stdin [16ms]
2023-03-18 22:04:46.648 [info] > git check-ignore -v -z --stdin [9ms]
2023-03-18 22:04:49.870 [info] > git config --get commit.template [6ms]
2023-03-18 22:04:49.873 [info] No remotes found in the git config file.
2023-03-18 22:04:49.874 [info] > git for-each-ref --format=%(refname)%00%(upstream:short)%00%(objectname)%00%(upstream:track)%00%(upstream:remotename)%00%(upstream:remoteref) refs/heads/main refs/remotes/main [1ms]
2023-03-18 22:04:50.662 [info] > git status -z -uall [785ms] (cancelled)
2023-03-18 22:04:59.665 [info] > git check-ignore -v -z --stdin [3ms]
2023-03-18 22:05:00.296 [info] > git check-ignore -v -z --stdin [1ms]
2023-03-18 22:05:08.348 [info] > git show --textconv :my_list.txt [4ms]
2023-03-18 22:05:08.351 [info] > git ls-files --stage -- /home/brantellah/my_list.txt [3ms]
2023-03-18 22:05:13.778 [info] > git show --textconv :my_list.html [5ms]
2023-03-18 22:05:13.780 [info] > git ls-files --stage -- /home/brantellah/my_list.html [4ms]
2023-03-18 22:09:21.314 [info] > git check-ignore -v -z --stdin [2ms]
2023-03-18 22:09:34.874 [info] > git show --textconv :my_list.txt [7ms]
2023-03-18 22:09:34.876 [info] > git ls-files --stage -- /home/brantellah/my_list.txt [3ms]
2023-03-18 22:09:43.953 [info] > git show --textconv :my_list.html [6ms]
2023-03-18 22:09:43.955 [info] > git ls-files --stage -- /home/brantellah/my_list.html [3ms]
2023-03-18 22:10:07.325 [info] > git show --textconv :my_list.txt [8ms]
2023-03-18 22:10:07.328 [info] > git ls-files --stage -- /home/brantellah/my_list.txt [4ms]
2023-03-18 22:10:54.694 [info] > git show --textconv :my_list.html [7ms]
2023-03-18 22:10:54.696 [info] > git ls-files --stage -- /home/brantellah/my_list.html [2ms]
2023-03-18 22:11:07.184 [info] > git show --textconv :my_list.txt [8ms]
2023-03-18 22:11:07.184 [info] > git ls-files --stage -- /home/brantellah/my_list.txt [1ms]
2023-03-18 22:11:27.951 [info] > git show --textconv :my_list.html [9ms]
2023-03-18 22:11:27.952 [info] > git ls-files --stage -- /home/brantellah/my_list.html [2ms]
2023-03-18 22:14:11.613 [info] > git show --textconv :my_list.txt [8ms]
2023-03-18 22:14:11.614 [info] > git ls-files --stage -- /home/brantellah/my_list.txt [3ms]
2023-03-18 23:03:12.245 [info] > git check-ignore -v -z --stdin [1ms]
2023-03-18 23:05:42.447 [info] > git show --textconv :hello [5ms]
2023-03-18 23:05:42.448 [info] > git ls-files --stage -- /home/brantellah/hello [0ms]
2023-03-18 23:05:42.701 [info] > git check-ignore -v -z --stdin [4ms]
2023-03-18 23:53:22.581 [info] > git show --textconv :.npm/_logs/2023-03-19T06_52_47_882Z-debug-0.log [5ms]
2023-03-18 23:53:22.582 [info] > git ls-files --stage -- /home/brantellah/.npm/_logs/2023-03-19T06_52_47_882Z-debug-0.log [2ms]
2023-03-18 23:53:23.001 [info] > git check-ignore -v -z --stdin [2ms]
2023-03-18 23:56:51.299 [info] > git check-ignore -v -z --stdin [3ms]
