"pkg-config --exists openssl"
| pkg-config --libs openssl
=> "-lssl -lcrypto\n"
"gcc -o conftest -I../../../.ext/include/x86_64-linux -I../../.././include -I../../.././ext/digest/md5    -g -O2 -fPIC conftest.c  -L. -L../../.. -L. -fstack-protector-strong -rdynamic -Wl,-export-dynamic     -Wl,-rpath,/home/brantellah/.rvm/rubies/ruby-2.7.4/lib -L/home/brantellah/.rvm/rubies/ruby-2.7.4/lib -lruby-static -lz -lpthread -lrt -lrt -lgmp -ldl -lcrypt -lm   -lm   -lc"
checked program was:
/* begin */
1: #include "ruby.h"
2: 
3: int main(int argc, char **argv)
4: {
5:   return !!argv[argc];
6: }
/* end */

"gcc -o conftest -I../../../.ext/include/x86_64-linux -I../../.././include -I../../.././ext/digest/md5    -g -O2 -fPIC conftest.c  -L. -L../../.. -L. -fstack-protector-strong -rdynamic -Wl,-export-dynamic     -Wl,-rpath,/home/brantellah/.rvm/rubies/ruby-2.7.4/lib -L/home/brantellah/.rvm/rubies/ruby-2.7.4/lib -lruby-static -lz -lpthread -lrt -lrt -lgmp -ldl -lcrypt -lm  -lssl -lcrypto -lm   -lc"
checked program was:
/* begin */
1: #include "ruby.h"
2: 
3: int main(int argc, char **argv)
4: {
5:   return !!argv[argc];
6: }
/* end */

| pkg-config --cflags-only-I openssl
=> "\n"
| pkg-config --cflags-only-other openssl
=> "\n"
| pkg-config --libs-only-l openssl
=> "-lssl -lcrypto\n"
package configuration for openssl
incflags: 
cflags: 
ldflags: 
libs: -lssl -lcrypto

have_header: checking for openssl/ssl.h... -------------------- yes

"gcc -E -I../../../.ext/include/x86_64-linux -I../../.././include -I../../.././ext/digest/md5     -g -O2 -fPIC   conftest.c -o conftest.i"
checked program was:
/* begin */
1: #include "ruby.h"
2: 
3: #include <openssl/ssl.h>
/* end */

--------------------

have_library: checking for CRYPTO_malloc() in -lcrypto... -------------------- yes

"gcc -o conftest -I../../../.ext/include/x86_64-linux -I../../.././include -I../../.././ext/digest/md5     -g -O2 -fPIC  conftest.c  -L. -L../../.. -L. -fstack-protector-strong -rdynamic -Wl,-export-dynamic      -lssl -lcrypto -Wl,-rpath,/home/brantellah/.rvm/rubies/ruby-2.7.4/lib -L/home/brantellah/.rvm/rubies/ruby-2.7.4/lib -lruby-static -lz -lpthread -lrt -lrt -lgmp -ldl -lcrypt -lm  -lcrypto  -lssl -lcrypto -lm   -lc"
conftest.c: In function ‘t’:
conftest.c:14:57: error: ‘CRYPTO_malloc’ undeclared (first use in this function)
   14 | int t(void) { void ((*volatile p)()); p = (void ((*)()))CRYPTO_malloc; return !p; }
      |                                                         ^~~~~~~~~~~~~
conftest.c:14:57: note: each undeclared identifier is reported only once for each function it appears in
checked program was:
/* begin */
 1: #include "ruby.h"
 2: 
 3: /*top*/
 4: extern int t(void);
 5: int main(int argc, char **argv)
 6: {
 7:   if (argc > 1000000) {
 8:     int (* volatile tp)(void)=(int (*)(void))&t;
 9:     printf("%d", (*tp)());
10:   }
11: 
12:   return !!argv[argc];
13: }
14: int t(void) { void ((*volatile p)()); p = (void ((*)()))CRYPTO_malloc; return !p; }
/* end */

"gcc -o conftest -I../../../.ext/include/x86_64-linux -I../../.././include -I../../.././ext/digest/md5     -g -O2 -fPIC  conftest.c  -L. -L../../.. -L. -fstack-protector-strong -rdynamic -Wl,-export-dynamic      -lssl -lcrypto -Wl,-rpath,/home/brantellah/.rvm/rubies/ruby-2.7.4/lib -L/home/brantellah/.rvm/rubies/ruby-2.7.4/lib -lruby-static -lz -lpthread -lrt -lrt -lgmp -ldl -lcrypt -lm  -lcrypto  -lssl -lcrypto -lm   -lc"
checked program was:
/* begin */
 1: #include "ruby.h"
 2: 
 3: /*top*/
 4: extern int t(void);
 5: int main(int argc, char **argv)
 6: {
 7:   if (argc > 1000000) {
 8:     int (* volatile tp)(void)=(int (*)(void))&t;
 9:     printf("%d", (*tp)());
10:   }
11: 
12:   return !!argv[argc];
13: }
14: extern void CRYPTO_malloc();
15: int t(void) { CRYPTO_malloc(); return 0; }
/* end */

--------------------

have_library: checking for SSL_new() in -lssl... -------------------- yes

"gcc -o conftest -I../../../.ext/include/x86_64-linux -I../../.././include -I../../.././ext/digest/md5     -g -O2 -fPIC  conftest.c  -L. -L../../.. -L. -fstack-protector-strong -rdynamic -Wl,-export-dynamic     -lcrypto  -lssl -lcrypto -Wl,-rpath,/home/brantellah/.rvm/rubies/ruby-2.7.4/lib -L/home/brantellah/.rvm/rubies/ruby-2.7.4/lib -lruby-static -lz -lpthread -lrt -lrt -lgmp -ldl -lcrypt -lm  -lssl -lcrypto  -lssl -lcrypto -lm   -lc"
conftest.c: In function ‘t’:
conftest.c:14:57: error: ‘SSL_new’ undeclared (first use in this function)
   14 | int t(void) { void ((*volatile p)()); p = (void ((*)()))SSL_new; return !p; }
      |                                                         ^~~~~~~
conftest.c:14:57: note: each undeclared identifier is reported only once for each function it appears in
checked program was:
/* begin */
 1: #include "ruby.h"
 2: 
 3: /*top*/
 4: extern int t(void);
 5: int main(int argc, char **argv)
 6: {
 7:   if (argc > 1000000) {
 8:     int (* volatile tp)(void)=(int (*)(void))&t;
 9:     printf("%d", (*tp)());
10:   }
11: 
12:   return !!argv[argc];
13: }
14: int t(void) { void ((*volatile p)()); p = (void ((*)()))SSL_new; return !p; }
/* end */

"gcc -o conftest -I../../../.ext/include/x86_64-linux -I../../.././include -I../../.././ext/digest/md5     -g -O2 -fPIC  conftest.c  -L. -L../../.. -L. -fstack-protector-strong -rdynamic -Wl,-export-dynamic     -lcrypto  -lssl -lcrypto -Wl,-rpath,/home/brantellah/.rvm/rubies/ruby-2.7.4/lib -L/home/brantellah/.rvm/rubies/ruby-2.7.4/lib -lruby-static -lz -lpthread -lrt -lrt -lgmp -ldl -lcrypt -lm  -lssl -lcrypto  -lssl -lcrypto -lm   -lc"
checked program was:
/* begin */
 1: #include "ruby.h"
 2: 
 3: /*top*/
 4: extern int t(void);
 5: int main(int argc, char **argv)
 6: {
 7:   if (argc > 1000000) {
 8:     int (* volatile tp)(void)=(int (*)(void))&t;
 9:     printf("%d", (*tp)());
10:   }
11: 
12:   return !!argv[argc];
13: }
14: extern void SSL_new();
15: int t(void) { SSL_new(); return 0; }
/* end */

--------------------

"gcc -I../../../.ext/include/x86_64-linux -I../../.././include -I../../.././ext/digest/md5     -g -O2 -fPIC   -Werror=deprecated-declarations -c conftest.c"
checked program was:
/* begin */
1: #include "ruby.h"
/* end */

have_func: checking for MD5_Transform() in openssl/md5.h with -Werror=deprecated-declarations... -------------------- no

"gcc -o conftest -I../../../.ext/include/x86_64-linux -I../../.././include -I../../.././ext/digest/md5     -g -O2 -fPIC  conftest.c  -L. -L../../.. -L. -fstack-protector-strong -rdynamic -Wl,-export-dynamic     -lssl -lcrypto  -lssl -lcrypto -Wl,-rpath,/home/brantellah/.rvm/rubies/ruby-2.7.4/lib -L/home/brantellah/.rvm/rubies/ruby-2.7.4/lib -lruby-static -lz -lpthread -lrt -lrt -lgmp -ldl -lcrypt -lm  -Werror=deprecated-declarations -lssl -lcrypto  -lssl -lcrypto -lm   -lc"
conftest.c: In function ‘t’:
conftest.c:16:1: error: ‘MD5_Transform’ is deprecated: Since OpenSSL 3.0 [-Werror=deprecated-declarations]
   16 | int t(void) { void ((*volatile p)()); p = (void ((*)()))MD5_Transform; return !p; }
      | ^~~
In file included from conftest.c:3:
/usr/include/openssl/md5.h:54:28: note: declared here
   54 | OSSL_DEPRECATEDIN_3_0 void MD5_Transform(MD5_CTX *c, const unsigned char *b);
      |                            ^~~~~~~~~~~~~
cc1: some warnings being treated as errors
checked program was:
/* begin */
 1: #include "ruby.h"
 2: 
 3: #include <openssl/md5.h>
 4: 
 5: /*top*/
 6: extern int t(void);
 7: int main(int argc, char **argv)
 8: {
 9:   if (argc > 1000000) {
10:     int (* volatile tp)(void)=(int (*)(void))&t;
11:     printf("%d", (*tp)());
12:   }
13: 
14:   return !!argv[argc];
15: }
16: int t(void) { void ((*volatile p)()); p = (void ((*)()))MD5_Transform; return !p; }
/* end */

"gcc -o conftest -I../../../.ext/include/x86_64-linux -I../../.././include -I../../.././ext/digest/md5     -g -O2 -fPIC  conftest.c  -L. -L../../.. -L. -fstack-protector-strong -rdynamic -Wl,-export-dynamic     -lssl -lcrypto  -lssl -lcrypto -Wl,-rpath,/home/brantellah/.rvm/rubies/ruby-2.7.4/lib -L/home/brantellah/.rvm/rubies/ruby-2.7.4/lib -lruby-static -lz -lpthread -lrt -lrt -lgmp -ldl -lcrypt -lm  -Werror=deprecated-declarations -lssl -lcrypto  -lssl -lcrypto -lm   -lc"
conftest.c: In function ‘t’:
conftest.c:17:1: error: ‘MD5_Transform’ is deprecated: Since OpenSSL 3.0 [-Werror=deprecated-declarations]
   17 | int t(void) { MD5_Transform(); return 0; }
      | ^~~
In file included from conftest.c:3:
/usr/include/openssl/md5.h:54:28: note: declared here
   54 | OSSL_DEPRECATEDIN_3_0 void MD5_Transform(MD5_CTX *c, const unsigned char *b);
      |                            ^~~~~~~~~~~~~
conftest.c:17:15: error: too few arguments to function ‘MD5_Transform’
   17 | int t(void) { MD5_Transform(); return 0; }
      |               ^~~~~~~~~~~~~
In file included from conftest.c:3:
/usr/include/openssl/md5.h:54:28: note: declared here
   54 | OSSL_DEPRECATEDIN_3_0 void MD5_Transform(MD5_CTX *c, const unsigned char *b);
      |                            ^~~~~~~~~~~~~
cc1: some warnings being treated as errors
checked program was:
/* begin */
 1: #include "ruby.h"
 2: 
 3: #include <openssl/md5.h>
 4: 
 5: /*top*/
 6: extern int t(void);
 7: int main(int argc, char **argv)
 8: {
 9:   if (argc > 1000000) {
10:     int (* volatile tp)(void)=(int (*)(void))&t;
11:     printf("%d", (*tp)());
12:   }
13: 
14:   return !!argv[argc];
15: }
16: extern void MD5_Transform();
17: int t(void) { MD5_Transform(); return 0; }
/* end */

--------------------

have_header: checking for sys/cdefs.h... -------------------- yes

"gcc -E -I../../../.ext/include/x86_64-linux -I../../.././include -I../../.././ext/digest/md5     -g -O2 -fPIC   conftest.c -o conftest.i"
checked program was:
/* begin */
1: #include "ruby.h"
2: 
3: #include <sys/cdefs.h>
/* end */

--------------------

extconf.h is:
/* begin */
1: #ifndef EXTCONF_H
2: #define EXTCONF_H
3: #define HAVE_CONFIG_H 1
4: #define HAVE_OPENSSL_SSL_H 1
5: #define HAVE_SYS_CDEFS_H 1
6: #endif
/* end */

