2023-03-20 21:34:16.309 [info] Log level: Info
2023-03-20 21:34:16.309 [info] Validating found git in: "git"
2023-03-20 21:34:16.309 [info] Using git "2.40.0" from "git"
2023-03-20 21:34:16.309 [info] > git rev-parse --show-toplevel [60ms]
2023-03-20 21:34:16.314 [info] > git rev-parse --git-dir --git-common-dir [0ms]
2023-03-20 21:34:16.331 [info] Open repository: /home/brantellah
2023-03-20 21:34:16.393 [info] > git rev-parse --show-toplevel [54ms]
2023-03-20 21:34:16.404 [info] > git rev-parse --show-toplevel [5ms]
2023-03-20 21:34:16.410 [info] > git config --get commit.template [22ms]
2023-03-20 21:34:16.412 [info] > git rev-parse --show-toplevel [3ms]
2023-03-20 21:34:16.428 [info] > git rev-parse --show-toplevel [7ms]
2023-03-20 21:34:16.434 [info] > git rev-parse --show-toplevel [2ms]
2023-03-20 21:34:16.440 [info] > git for-each-ref --format=%(refname)%00%(upstream:short)%00%(objectname)%00%(upstream:track)%00%(upstream:remotename)%00%(upstream:remoteref) refs/heads/main refs/remotes/main [14ms]
2023-03-20 21:34:16.447 [info] > git rev-parse --git-dir --git-common-dir [8ms]
2023-03-20 21:34:16.454 [info] Open repository: /home/brantellah/.nvm
2023-03-20 21:34:16.472 [info] > git config --get commit.template [2ms]
2023-03-20 21:34:16.472 [info] > git rev-parse --show-toplevel [12ms]
2023-03-20 21:34:16.485 [info] > git rev-parse --git-dir --git-common-dir [8ms]
2023-03-20 21:34:16.492 [info] Open repository: /home/brantellah/.rbenv
2023-03-20 21:34:16.508 [info] > git for-each-ref --format %(refname) %(objectname) %(*objectname) refs/tags [23ms]
2023-03-20 21:34:16.515 [info] > git config --get commit.template [11ms]
2023-03-20 21:34:16.516 [info] > git rev-parse --show-toplevel [18ms]
2023-03-20 21:34:16.529 [info] > git rev-parse --show-toplevel [7ms]
2023-03-20 21:34:16.535 [info] > git rev-parse --show-toplevel [2ms]
2023-03-20 21:34:16.542 [info] > git rev-parse --show-toplevel [1ms]
2023-03-20 21:34:16.548 [info] > git for-each-ref --format=%(refname)%00%(upstream:short)%00%(objectname)%00%(upstream:track)%00%(upstream:remotename)%00%(upstream:remoteref) refs/heads/master refs/remotes/master [20ms]
2023-03-20 21:34:16.557 [info] > git status -z -uall [44ms]
2023-03-20 21:34:16.557 [info] > git rev-parse --show-toplevel [10ms]
2023-03-20 21:34:16.575 [info] > git status -z -uall [21ms]
2023-03-20 21:34:16.576 [info] > git rev-parse --show-toplevel [13ms]
2023-03-20 21:34:16.600 [info] > git rev-parse --git-dir --git-common-dir [20ms]
2023-03-20 21:34:16.610 [info] Open repository: /home/brantellah/phase-0-git-basics-lab
2023-03-20 21:34:16.618 [info] > git config --get commit.template [43ms]
2023-03-20 21:34:16.625 [info] > git rev-parse --show-toplevel [7ms]
2023-03-20 21:34:16.631 [info] > git config --get commit.template [32ms]
2023-03-20 21:34:16.638 [info] > git config --get commit.template [15ms]
2023-03-20 21:34:16.643 [info] > git for-each-ref --format %(refname) %(objectname) %(*objectname) refs/tags [7ms]
2023-03-20 21:34:16.655 [info] > git status -z -uall [6ms]
2023-03-20 21:34:16.655 [info] > git for-each-ref --format=%(refname)%00%(upstream:short)%00%(objectname)%00%(upstream:track)%00%(upstream:remotename)%00%(upstream:remoteref) refs/heads/master refs/remotes/master [13ms]
2023-03-20 21:34:16.661 [info] > git for-each-ref --format=%(refname)%00%(upstream:short)%00%(objectname)%00%(upstream:track)%00%(upstream:remotename)%00%(upstream:remoteref) refs/heads/master refs/remotes/master [7ms]
2023-03-20 21:34:16.681 [info] > git status -z -uall [21ms]
2023-03-20 21:34:16.685 [info] > git status -z -uall [17ms]
2023-03-20 21:34:16.889 [info] > git check-ignore -v -z --stdin [30ms]
2023-03-20 21:34:17.116 [info] > git status -z -uall [671ms]
2023-03-20 21:34:17.136 [info] > git config --get commit.template [7ms]
2023-03-20 21:34:17.137 [info] > git for-each-ref --format=%(refname)%00%(upstream:short)%00%(objectname)%00%(upstream:track)%00%(upstream:remotename)%00%(upstream:remoteref) refs/heads/main refs/remotes/main [3ms]
2023-03-20 21:34:17.223 [info] > git status -z -uall [81ms]
2023-03-20 21:35:53.630 [info] > git show --textconv :table.html [32ms]
2023-03-20 21:35:53.630 [info] > git ls-files --stage -- /home/brantellah/table.html [28ms]
2023-03-20 21:35:53.636 [info] > git cat-file -s 68eb73533396bc1473fef0f4706810a02d98df98 [2ms]
