2023-03-18 09:58:13.094 [info] Log level: Info
2023-03-18 09:58:13.094 [info] Validating found git in: "git"
2023-03-18 09:58:13.094 [info] Using git "2.40.0" from "git"
2023-03-18 09:58:13.094 [info] > git rev-parse --show-toplevel [34ms]
2023-03-18 09:58:13.094 [info] fatal: not a git repository (or any parent up to mount point /mnt)
Stopping at filesystem boundary (GIT_DISCOVERY_ACROSS_FILESYSTEM not set).
2023-03-18 09:58:13.127 [info] > git rev-parse --show-toplevel [33ms]
2023-03-18 09:58:13.127 [info] fatal: not a git repository (or any parent up to mount point /mnt)
Stopping at filesystem boundary (GIT_DISCOVERY_ACROSS_FILESYSTEM not set).
2023-03-18 09:58:13.139 [info] > git rev-parse --show-toplevel [7ms]
2023-03-18 09:58:13.139 [info] fatal: not a git repository (or any parent up to mount point /mnt)
Stopping at filesystem boundary (GIT_DISCOVERY_ACROSS_FILESYSTEM not set).
2023-03-18 09:58:13.153 [info] > git rev-parse --show-toplevel [11ms]
2023-03-18 09:58:13.153 [info] fatal: not a git repository (or any parent up to mount point /mnt)
Stopping at filesystem boundary (GIT_DISCOVERY_ACROSS_FILESYSTEM not set).
2023-03-18 09:58:13.179 [info] > git rev-parse --show-toplevel [16ms]
2023-03-18 09:58:13.179 [info] fatal: not a git repository (or any parent up to mount point /mnt)
Stopping at filesystem boundary (GIT_DISCOVERY_ACROSS_FILESYSTEM not set).
2023-03-18 09:58:13.203 [info] > git rev-parse --show-toplevel [16ms]
2023-03-18 09:58:13.203 [info] fatal: not a git repository (or any parent up to mount point /mnt)
Stopping at filesystem boundary (GIT_DISCOVERY_ACROSS_FILESYSTEM not set).
2023-03-18 09:58:13.227 [info] > git rev-parse --show-toplevel [16ms]
2023-03-18 09:58:13.227 [info] fatal: not a git repository (or any parent up to mount point /mnt)
Stopping at filesystem boundary (GIT_DISCOVERY_ACROSS_FILESYSTEM not set).
2023-03-18 09:58:13.250 [info] > git rev-parse --show-toplevel [15ms]
2023-03-18 09:58:13.250 [info] fatal: not a git repository (or any parent up to mount point /mnt)
Stopping at filesystem boundary (GIT_DISCOVERY_ACROSS_FILESYSTEM not set).
2023-03-18 09:58:13.275 [info] > git rev-parse --show-toplevel [17ms]
2023-03-18 09:58:13.276 [info] fatal: not a git repository (or any parent up to mount point /mnt)
Stopping at filesystem boundary (GIT_DISCOVERY_ACROSS_FILESYSTEM not set).
2023-03-18 09:58:13.300 [info] > git rev-parse --show-toplevel [17ms]
2023-03-18 09:58:13.300 [info] fatal: not a git repository (or any parent up to mount point /mnt)
Stopping at filesystem boundary (GIT_DISCOVERY_ACROSS_FILESYSTEM not set).
2023-03-18 09:58:13.326 [info] > git rev-parse --show-toplevel [17ms]
2023-03-18 09:58:13.326 [info] fatal: not a git repository (or any parent up to mount point /mnt)
Stopping at filesystem boundary (GIT_DISCOVERY_ACROSS_FILESYSTEM not set).
2023-03-18 09:58:13.352 [info] > git rev-parse --show-toplevel [17ms]
2023-03-18 09:58:13.352 [info] fatal: not a git repository (or any parent up to mount point /mnt)
Stopping at filesystem boundary (GIT_DISCOVERY_ACROSS_FILESYSTEM not set).
2023-03-18 09:58:13.375 [info] > git rev-parse --show-toplevel [16ms]
2023-03-18 09:58:13.375 [info] fatal: not a git repository (or any parent up to mount point /mnt)
Stopping at filesystem boundary (GIT_DISCOVERY_ACROSS_FILESYSTEM not set).
2023-03-18 09:58:13.401 [info] > git rev-parse --show-toplevel [17ms]
2023-03-18 09:58:13.401 [info] fatal: not a git repository (or any parent up to mount point /mnt)
Stopping at filesystem boundary (GIT_DISCOVERY_ACROSS_FILESYSTEM not set).
2023-03-18 09:58:13.428 [info] > git rev-parse --show-toplevel [16ms]
2023-03-18 09:58:13.428 [info] fatal: not a git repository (or any parent up to mount point /mnt)
Stopping at filesystem boundary (GIT_DISCOVERY_ACROSS_FILESYSTEM not set).
2023-03-18 09:58:13.453 [info] > git rev-parse --show-toplevel [17ms]
2023-03-18 09:58:13.453 [info] fatal: not a git repository (or any parent up to mount point /mnt)
Stopping at filesystem boundary (GIT_DISCOVERY_ACROSS_FILESYSTEM not set).
2023-03-18 09:58:13.476 [info] > git rev-parse --show-toplevel [15ms]
2023-03-18 09:58:13.476 [info] fatal: not a git repository (or any parent up to mount point /mnt)
Stopping at filesystem boundary (GIT_DISCOVERY_ACROSS_FILESYSTEM not set).
2023-03-18 09:58:13.499 [info] > git rev-parse --show-toplevel [16ms]
2023-03-18 09:58:13.499 [info] fatal: not a git repository (or any parent up to mount point /mnt)
Stopping at filesystem boundary (GIT_DISCOVERY_ACROSS_FILESYSTEM not set).
2023-03-18 10:01:57.723 [info] > git rev-parse --show-toplevel [8ms]
2023-03-18 10:01:57.723 [info] fatal: not a git repository (or any parent up to mount point /mnt)
Stopping at filesystem boundary (GIT_DISCOVERY_ACROSS_FILESYSTEM not set).
