0 verbose cli /home/brantellah/.nvm/versions/node/v19.7.0/bin/node /home/brantellah/.nvm/versions/node/v19.7.0/bin/npm
1 info using npm@9.5.0
2 info using node@v19.7.0
3 timing npm:load:whichnode Completed in 2ms
4 timing config:load:defaults Completed in 1ms
5 timing config:load:file:/home/brantellah/.nvm/versions/node/v19.7.0/lib/node_modules/npm/npmrc Completed in 1ms
6 timing config:load:builtin Completed in 1ms
7 timing config:load:cli Completed in 1ms
8 timing config:load:env Completed in 0ms
9 timing config:load:project Completed in 2ms
10 timing config:load:file:/home/brantellah/.npmrc Completed in 1ms
11 timing config:load:user Completed in 1ms
12 timing config:load:file:/home/brantellah/.nvm/versions/node/v19.7.0/etc/npmrc Completed in 0ms
13 timing config:load:global Completed in 1ms
14 timing config:load:setEnvs Completed in 1ms
15 timing config:load Completed in 8ms
16 timing npm:load:configload Completed in 8ms
17 timing npm:load:mkdirpcache Completed in 0ms
18 timing npm:load:mkdirplogs Completed in 0ms
19 verbose title npm test
20 verbose argv "test"
21 timing npm:load:setTitle Completed in 0ms
22 timing config:load:flatten Completed in 2ms
23 timing npm:load:display Completed in 2ms
24 verbose logfile logs-max:10 dir:/home/brantellah/.npm/_logs/2023-03-21T17_49_00_054Z-
25 verbose logfile /home/brantellah/.npm/_logs/2023-03-21T17_49_00_054Z-debug-0.log
26 timing npm:load:logFile Completed in 5ms
27 timing npm:load:timers Completed in 1ms
28 timing npm:load:configScope Completed in 0ms
29 timing npm:load Completed in 20ms
30 silly logfile start cleaning logs, removing 32 files
31 timing command:run-script Completed in 3ms
32 timing command:test Completed in 5ms
33 verbose stack Error: ENOENT: no such file or directory, open '/home/brantellah/package.json'
34 verbose cwd /home/brantellah
35 verbose Linux 5.15.90.1-microsoft-standard-WSL2
36 verbose node v19.7.0
37 verbose npm  v9.5.0
38 error code ENOENT
39 error syscall open
40 error path /home/brantellah/package.json
41 error errno -2
42 error enoent ENOENT: no such file or directory, open '/home/brantellah/package.json'
43 error enoent This is related to npm not being able to find a file.
43 error enoent
44 verbose exit -2
45 timing npm Completed in 40ms
46 verbose code -2
47 error A complete log of this run can be found in:
47 error     /home/brantellah/.npm/_logs/2023-03-21T17_49_00_054Z-debug-0.log
