0 verbose cli /home/brantellah/.nvm/versions/node/v19.7.0/bin/node /home/brantellah/.nvm/versions/node/v19.7.0/bin/npm
1 info using npm@9.5.0
2 info using node@v19.7.0
3 timing npm:load:whichnode Completed in 2ms
4 timing config:load:defaults Completed in 3ms
5 timing config:load:file:/home/brantellah/.nvm/versions/node/v19.7.0/lib/node_modules/npm/npmrc Completed in 0ms
6 timing config:load:builtin Completed in 0ms
7 timing config:load:cli Completed in 3ms
8 timing config:load:env Completed in 0ms
9 timing config:load:file:/home/brantellah/.cache/typescript/4.9/.npmrc Completed in 1ms
10 timing config:load:project Completed in 3ms
11 timing config:load:file:/home/brantellah/.npmrc Completed in 0ms
12 timing config:load:user Completed in 0ms
13 timing config:load:file:/home/brantellah/.nvm/versions/node/v19.7.0/etc/npmrc Completed in 1ms
14 timing config:load:global Completed in 1ms
15 timing config:load:setEnvs Completed in 0ms
16 timing config:load Completed in 11ms
17 timing npm:load:configload Completed in 13ms
18 timing npm:load:mkdirpcache Completed in 0ms
19 timing npm:load:mkdirplogs Completed in 0ms
20 verbose title npm install @types/node@ts4.9
21 verbose argv "install" "--ignore-scripts" "@types/node@ts4.9" "--save-dev" "--user-agent" "typesInstaller/4.9.5"
22 timing npm:load:setTitle Completed in 2ms
23 timing config:load:flatten Completed in 4ms
24 timing npm:load:display Completed in 5ms
25 verbose logfile logs-max:10 dir:/home/brantellah/.npm/_logs/2023-03-20T07_50_10_152Z-
26 verbose logfile /home/brantellah/.npm/_logs/2023-03-20T07_50_10_152Z-debug-0.log
27 timing npm:load:logFile Completed in 7ms
28 timing npm:load:timers Completed in 0ms
29 timing npm:load:configScope Completed in 0ms
30 timing npm:load Completed in 30ms
31 timing arborist:ctor Completed in 1ms
32 silly logfile start cleaning logs, removing 1 files
33 silly logfile done cleaning log files
34 timing idealTree:init Completed in 20ms
35 timing arborist:ctor Completed in 1ms
36 http fetch GET 200 https://registry.npmjs.org/@types%2fnode 1858ms (cache miss)
37 timing idealTree:userRequests Completed in 1872ms
38 silly idealTree buildDeps
39 silly fetch manifest @types/node@18.15.3
40 silly placeDep ROOT @types/node@18.15.3 OK for:  want: 18.15.3
41 timing idealTree:#root Completed in 5ms
42 timing idealTree:node_modules/@types/node Completed in 0ms
43 timing idealTree:buildDeps Completed in 6ms
44 timing idealTree:fixDepFlags Completed in 1ms
45 timing idealTree Completed in 1899ms
46 timing reify:loadTrees Completed in 1900ms
47 timing reify:diffTrees Completed in 1ms
48 silly reify moves {}
49 timing reify:retireShallow Completed in 1ms
50 timing reify:createSparse Completed in 4ms
51 timing reify:loadBundles Completed in 0ms
52 silly audit bulk request { 'types-registry': [ '0.1.636' ], '@types/node': [ '18.15.3' ] }
53 silly tarball no local data for @types/node@https://registry.npmjs.org/@types/node/-/node-18.15.3.tgz. Extracting by manifest.
54 http fetch POST 200 https://registry.npmjs.org/-/npm/v1/security/advisories/bulk 474ms
55 timing auditReport:getReport Completed in 476ms
56 silly audit report {}
57 timing auditReport:init Completed in 0ms
58 timing reify:audit Completed in 476ms
59 http fetch GET 200 https://registry.npmjs.org/@types/node/-/node-18.15.3.tgz 843ms (cache miss)
60 timing reifyNode:node_modules/@types/node Completed in 848ms
61 timing reify:unpack Completed in 848ms
62 timing reify:unretire Completed in 0ms
63 timing build:queue Completed in 0ms
64 timing build:deps Completed in 0ms
65 timing build Completed in 0ms
66 timing reify:build Completed in 0ms
67 timing reify:trash Completed in 0ms
68 timing reify:save Completed in 4ms
69 timing reify Completed in 2772ms
70 silly ADD node_modules/@types/node
71 timing command:install Completed in 2778ms
72 verbose exit 0
73 timing npm Completed in 2821ms
74 info ok
