2023-03-19 23:31:01.404 [info] Log level: Info
2023-03-19 23:31:01.404 [info] Validating found git in: "git"
2023-03-19 23:31:01.404 [info] Using git "2.40.0" from "git"
2023-03-19 23:31:01.404 [info] > git rev-parse --show-toplevel [39ms]
2023-03-19 23:31:01.404 [info] > git rev-parse --git-dir --git-common-dir [1ms]
2023-03-19 23:31:01.404 [info] Open repository: /home/brantellah
2023-03-19 23:31:01.404 [info] > git config --get commit.template [14ms]
2023-03-19 23:31:01.404 [info] > git rev-parse --show-toplevel [60ms]
2023-03-19 23:31:01.404 [info] No remotes found in the git config file.
2023-03-19 23:31:01.404 [info] > git rev-parse --show-toplevel [10ms]
2023-03-19 23:31:01.404 [info] > git for-each-ref --format=%(refname)%00%(upstream:short)%00%(objectname)%00%(upstream:track)%00%(upstream:remotename)%00%(upstream:remoteref) refs/heads/main refs/remotes/main [12ms]
2023-03-19 23:31:01.404 [info] > git rev-parse --show-toplevel [8ms]
2023-03-19 23:31:01.404 [info] > git rev-parse --show-toplevel [3ms]
2023-03-19 23:31:01.404 [info] > git rev-parse --git-dir --git-common-dir [1ms]
2023-03-19 23:31:01.404 [info] Open repository: /home/brantellah/.nvm
2023-03-19 23:31:01.404 [info] > git rev-parse --show-toplevel [6ms]
2023-03-19 23:31:01.404 [info] > git rev-parse --git-dir --git-common-dir [2ms]
2023-03-19 23:31:01.404 [info] Open repository: /home/brantellah/.rbenv
2023-03-19 23:31:01.404 [info] > git config --get commit.template [22ms]
2023-03-19 23:31:01.404 [info] > git rev-parse --show-toplevel [13ms]
2023-03-19 23:31:01.404 [info] > git config --get commit.template [7ms]
2023-03-19 23:31:01.404 [info] > git for-each-ref --format %(refname) %(objectname) %(*objectname) refs/tags [12ms]
2023-03-19 23:31:01.404 [info] > git rev-parse --show-toplevel [11ms]
2023-03-19 23:31:01.404 [info] > git rev-parse --show-toplevel [6ms]
2023-03-19 23:31:01.404 [info] > git rev-parse --show-toplevel [4ms]
2023-03-19 23:31:01.404 [info] > git for-each-ref --format=%(refname)%00%(upstream:short)%00%(objectname)%00%(upstream:track)%00%(upstream:remotename)%00%(upstream:remoteref) refs/heads/master refs/remotes/master [17ms]
2023-03-19 23:31:01.404 [info] > git rev-parse --show-toplevel [10ms]
2023-03-19 23:31:01.404 [info] > git rev-parse --git-dir --git-common-dir [1ms]
2023-03-19 23:31:01.404 [info] Open repository: /home/brantellah/Hotforex
2023-03-19 23:31:01.404 [info] > git status -z -uall [20ms]
2023-03-19 23:31:01.404 [info] > git rev-parse --show-toplevel [5ms]
2023-03-19 23:31:01.404 [info] > git config --get commit.template [5ms]
2023-03-19 23:31:01.404 [info] > git status -z -uall [68ms]
2023-03-19 23:31:01.404 [info] > git rev-parse --show-toplevel [12ms]
2023-03-19 23:31:01.404 [info] > git config --get commit.template [8ms]
2023-03-19 23:31:01.404 [info] > git for-each-ref --format=%(refname)%00%(upstream:short)%00%(objectname)%00%(upstream:track)%00%(upstream:remotename)%00%(upstream:remoteref) refs/heads/main refs/remotes/main [10ms]
2023-03-19 23:31:01.404 [info] > git rev-parse --git-dir --git-common-dir [18ms]
2023-03-19 23:31:01.405 [info] Open repository: /home/brantellah/phase-0-git-basics-lab
2023-03-19 23:31:01.405 [info] > git status -z -uall [23ms]
2023-03-19 23:31:01.405 [info] > git config --get commit.template [32ms]
2023-03-19 23:31:01.405 [info] > git config --get commit.template [18ms]
2023-03-19 23:31:01.405 [info] > git for-each-ref --format=%(refname)%00%(upstream:short)%00%(objectname)%00%(upstream:track)%00%(upstream:remotename)%00%(upstream:remoteref) refs/heads/master refs/remotes/master [23ms]
2023-03-19 23:31:01.405 [info] > git status -z -uall [11ms]
2023-03-19 23:31:01.405 [info] > git config --get commit.template [20ms]
2023-03-19 23:31:01.405 [info] > git for-each-ref --format %(refname) %(objectname) %(*objectname) refs/tags [13ms]
2023-03-19 23:31:01.405 [info] > git for-each-ref --format=%(refname)%00%(upstream:short)%00%(objectname)%00%(upstream:track)%00%(upstream:remotename)%00%(upstream:remoteref) refs/heads/master refs/remotes/master [14ms]
2023-03-19 23:31:01.411 [info] > git status -z -uall [13ms]
2023-03-19 23:31:01.411 [info] > git for-each-ref --format=%(refname)%00%(upstream:short)%00%(objectname)%00%(upstream:track)%00%(upstream:remotename)%00%(upstream:remoteref) refs/heads/main refs/remotes/main [7ms]
2023-03-19 23:31:01.418 [info] > git status -z -uall [8ms]
2023-03-19 23:31:01.418 [info] > git status -z -uall [3ms]
2023-03-19 23:31:01.695 [info] > git show --textconv :my_list.html [4ms]
2023-03-19 23:31:01.695 [info] > git ls-files --stage -- /home/brantellah/my_list.html [1ms]
2023-03-19 23:31:01.873 [info] > git check-ignore -v -z --stdin [12ms]
2023-03-19 23:31:01.875 [info] > git check-ignore -v -z --stdin [9ms]
2023-03-19 23:31:01.875 [info] > git check-ignore -v -z --stdin [4ms]
2023-03-19 23:31:02.015 [info] > git status -z -uall [851ms] (cancelled)
2023-03-19 23:31:14.247 [info] > git config --get commit.template [0ms]
2023-03-19 23:31:14.250 [info] No remotes found in the git config file.
2023-03-19 23:31:14.250 [info] > git for-each-ref --format=%(refname)%00%(upstream:short)%00%(objectname)%00%(upstream:track)%00%(upstream:remotename)%00%(upstream:remoteref) refs/heads/main refs/remotes/main [0ms]
2023-03-19 23:31:15.053 [info] > git status -z -uall [800ms] (cancelled)
2023-03-19 23:31:29.993 [info] > git show --textconv :my_list.txt [4ms]
2023-03-19 23:31:29.994 [info] > git ls-files --stage -- /home/brantellah/my_list.txt [2ms]
2023-03-19 23:43:06.511 [info] > git check-ignore -v -z --stdin [6ms]
2023-03-19 23:43:06.511 [info] > git check-ignore -v -z --stdin [1ms]
2023-03-19 23:43:08.667 [info] > git check-ignore -v -z --stdin [1ms]
2023-03-19 23:43:09.637 [info] > git check-ignore -v -z --stdin [1ms]
2023-03-19 23:43:11.204 [info] > git check-ignore -v -z --stdin [4ms]
2023-03-19 23:52:25.344 [info] > git show --textconv :hello [7ms]
2023-03-19 23:52:25.346 [info] > git ls-files --stage -- /home/brantellah/hello [3ms]
2023-03-19 23:53:17.738 [info] > git show --textconv :index.html [6ms]
2023-03-19 23:53:17.740 [info] > git ls-files --stage -- /home/brantellah/index.html [3ms]
2023-03-19 23:53:17.991 [info] > git check-ignore -v -z --stdin [1ms]
2023-03-19 23:59:56.644 [info] > git show --textconv :hello [13ms]
2023-03-19 23:59:56.646 [info] > git ls-files --stage -- /home/brantellah/hello [3ms]
2023-03-20 00:00:54.255 [info] > git show --textconv :my_list.txt [9ms]
2023-03-20 00:00:54.257 [info] > git ls-files --stage -- /home/brantellah/my_list.txt [5ms]
2023-03-20 00:01:10.884 [info] > git check-ignore -v -z --stdin [0ms]
