2023-03-20 00:46:45.572 [info] Log level: Info
2023-03-20 00:46:45.572 [info] Validating found git in: "git"
2023-03-20 00:46:45.572 [info] Using git "2.40.0" from "git"
2023-03-20 00:46:45.572 [info] > git rev-parse --show-toplevel [29ms]
2023-03-20 00:46:45.572 [info] > git rev-parse --git-dir --git-common-dir [2ms]
2023-03-20 00:46:45.572 [info] Open repository: /home/brantellah
2023-03-20 00:46:45.572 [info] > git rev-parse --show-toplevel [28ms]
2023-03-20 00:46:45.573 [info] > git rev-parse --show-toplevel [5ms]
2023-03-20 00:46:45.582 [info] > git config --get commit.template [19ms]
2023-03-20 00:46:45.585 [info] > git rev-parse --show-toplevel [4ms]
2023-03-20 00:46:45.594 [info] No remotes found in the git config file.
2023-03-20 00:46:45.594 [info] > git rev-parse --show-toplevel [5ms]
2023-03-20 00:46:45.598 [info] > git for-each-ref --format=%(refname)%00%(upstream:short)%00%(objectname)%00%(upstream:track)%00%(upstream:remotename)%00%(upstream:remoteref) refs/heads/main refs/remotes/main [5ms]
2023-03-20 00:46:45.605 [info] > git rev-parse --git-dir --git-common-dir [8ms]
2023-03-20 00:46:45.610 [info] Open repository: /home/brantellah/.nvm
2023-03-20 00:46:45.624 [info] > git rev-parse --show-toplevel [8ms]
2023-03-20 00:46:45.632 [info] > git rev-parse --git-dir --git-common-dir [2ms]
2023-03-20 00:46:45.637 [info] Open repository: /home/brantellah/.rbenv
2023-03-20 00:46:45.641 [info] > git config --get commit.template [18ms]
2023-03-20 00:46:45.650 [info] > git rev-parse --show-toplevel [10ms]
2023-03-20 00:46:45.659 [info] > git config --get commit.template [14ms]
2023-03-20 00:46:45.660 [info] > git for-each-ref --format %(refname) %(objectname) %(*objectname) refs/tags [1ms]
2023-03-20 00:46:45.667 [info] > git rev-parse --show-toplevel [14ms]
2023-03-20 00:46:45.687 [info] > git status -z -uall [21ms]
2023-03-20 00:46:45.687 [info] > git rev-parse --show-toplevel [12ms]
2023-03-20 00:46:45.705 [info] > git rev-parse --show-toplevel [15ms]
2023-03-20 00:46:45.710 [info] > git for-each-ref --format=%(refname)%00%(upstream:short)%00%(objectname)%00%(upstream:track)%00%(upstream:remotename)%00%(upstream:remoteref) refs/heads/master refs/remotes/master [26ms]
2023-03-20 00:46:45.716 [info] > git status -z -uall [1ms]
2023-03-20 00:46:45.724 [info] > git rev-parse --show-toplevel [15ms]
2023-03-20 00:46:45.729 [info] > git config --get commit.template [24ms]
2023-03-20 00:46:45.735 [info] > git rev-parse --show-toplevel [8ms]
2023-03-20 00:46:45.747 [info] > git rev-parse --git-dir --git-common-dir [8ms]
2023-03-20 00:46:45.752 [info] Open repository: /home/brantellah/phase-0-git-basics-lab
2023-03-20 00:46:45.757 [info] > git config --get commit.template [23ms]
2023-03-20 00:46:45.768 [info] > git for-each-ref --format %(refname) %(objectname) %(*objectname) refs/tags [24ms]
2023-03-20 00:46:45.784 [info] > git status -z -uall [10ms]
2023-03-20 00:46:45.784 [info] > git config --get commit.template [19ms]
2023-03-20 00:46:45.789 [info] > git for-each-ref --format=%(refname)%00%(upstream:short)%00%(objectname)%00%(upstream:track)%00%(upstream:remotename)%00%(upstream:remoteref) refs/heads/master refs/remotes/master [8ms]
2023-03-20 00:46:45.806 [info] > git status -z -uall [12ms]
2023-03-20 00:46:45.814 [info] > git for-each-ref --format=%(refname)%00%(upstream:short)%00%(objectname)%00%(upstream:track)%00%(upstream:remotename)%00%(upstream:remoteref) refs/heads/master refs/remotes/master [13ms]
2023-03-20 00:46:45.823 [info] > git status -z -uall [220ms] (cancelled)
2023-03-20 00:46:45.823 [info] > git status -z -uall [3ms]
2023-03-20 00:46:46.281 [info] > git check-ignore -v -z --stdin [8ms]
2023-03-20 00:46:46.282 [info] > git check-ignore -v -z --stdin [5ms]
2023-03-20 00:46:46.283 [info] > git check-ignore -v -z --stdin [3ms]
2023-03-20 00:46:46.287 [info] > git check-ignore -v -z --stdin [18ms]
2023-03-20 00:46:47.264 [info] > git check-ignore -v -z --stdin [8ms]
2023-03-20 00:46:48.032 [info] > git check-ignore -v -z --stdin [11ms]
2023-03-20 00:46:52.954 [info] > git config --get commit.template [6ms]
2023-03-20 00:46:52.959 [info] No remotes found in the git config file.
2023-03-20 00:46:52.961 [info] > git for-each-ref --format=%(refname)%00%(upstream:short)%00%(objectname)%00%(upstream:track)%00%(upstream:remotename)%00%(upstream:remoteref) refs/heads/main refs/remotes/main [2ms]
2023-03-20 00:46:53.774 [info] > git status -z -uall [809ms] (cancelled)
2023-03-20 00:47:50.370 [info] > git show --textconv :Development/html 1 [6ms]
2023-03-20 00:47:50.372 [info] > git ls-files --stage -- /home/brantellah/Development/html 1 [2ms]
2023-03-20 00:47:50.809 [info] > git check-ignore -v -z --stdin [3ms]
2023-03-20 00:48:36.201 [info] > git check-ignore -v -z --stdin [7ms]
2023-03-20 00:48:36.204 [info] > git check-ignore -v -z --stdin [4ms]
2023-03-20 00:48:39.387 [info] > git check-ignore -v -z --stdin [18ms]
2023-03-20 00:48:41.686 [info] > git check-ignore -v -z --stdin [13ms]
2023-03-20 00:48:49.789 [info] > git show --textconv :.rvm/src/ruby-3.0.0/lib/cgi/html.rb [9ms]
2023-03-20 00:48:49.791 [info] > git ls-files --stage -- /home/brantellah/.rvm/src/ruby-3.0.0/lib/cgi/html.rb [3ms]
2023-03-20 00:48:49.796 [info] > git cat-file -s 154394332003443f4a453844c93a54aa8f9ff85c [1ms]
2023-03-20 00:48:50.000 [info] > git check-ignore -v -z --stdin [7ms]
2023-03-20 00:50:06.371 [info] > git check-ignore -v -z --stdin [6ms]
2023-03-20 00:50:06.861 [info] > git ls-files --stage -- /home/brantellah/.vscode-server/bin/ee2b180d582a7f601fa6ecfdad8d9fd269ab1884/extensions/html-language-features/server/dist/node/htmlServerMain.js [109ms]
2023-03-20 00:50:06.869 [info] > git cat-file -s 771b5d70159b65d8400e28a3807d375dd0cad8f1 [2ms]
2023-03-20 00:50:06.874 [info] > git show --textconv :.vscode-server/bin/ee2b180d582a7f601fa6ecfdad8d9fd269ab1884/extensions/html-language-features/server/dist/node/htmlServerMain.js [126ms]
2023-03-20 00:50:10.222 [info] > git check-ignore -v -z --stdin [38ms]
2023-03-20 00:50:28.889 [info] > git check-ignore -v -z --stdin [19ms]
2023-03-20 00:50:33.863 [info] > git check-ignore -v -z --stdin [10ms]
2023-03-20 00:50:34.472 [info] > git check-ignore -v -z --stdin [7ms]
2023-03-20 00:50:43.360 [info] > git check-ignore -v -z --stdin [9ms]
2023-03-20 00:54:07.349 [info] > git check-ignore -v -z --stdin [10ms]
2023-03-20 00:54:14.436 [info] > git show --textconv :my_list.html [7ms]
2023-03-20 00:54:14.440 [info] > git ls-files --stage -- /home/brantellah/my_list.html [5ms]
2023-03-20 00:54:14.445 [info] > git cat-file -s 804e277aa689168240dea06814cac0049e3d6c09 [0ms]
2023-03-20 00:54:20.298 [info] > git show --textconv :Assignmet.html [10ms]
2023-03-20 00:54:20.303 [info] > git ls-files --stage -- /home/brantellah/Assignmet.html [6ms]
2023-03-20 00:54:29.354 [info] > git show --textconv :Attribute [12ms]
2023-03-20 00:54:29.361 [info] > git ls-files --stage -- /home/brantellah/Attribute [8ms]
2023-03-20 00:54:37.837 [info] > git show --textconv :Assignmet.html [11ms]
2023-03-20 00:54:37.842 [info] > git ls-files --stage -- /home/brantellah/Assignmet.html [8ms]
2023-03-20 00:54:45.213 [info] > git show --textconv :attribute.html [10ms]
2023-03-20 00:54:45.219 [info] > git ls-files --stage -- /home/brantellah/attribute.html [7ms]
2023-03-20 01:05:17.967 [info] > git show --textconv :my_list.html [10ms]
2023-03-20 01:05:17.972 [info] > git ls-files --stage -- /home/brantellah/my_list.html [5ms]
2023-03-20 01:05:17.978 [info] > git cat-file -s 804e277aa689168240dea06814cac0049e3d6c09 [0ms]
2023-03-20 01:20:07.921 [info] > git show --textconv :index.html [14ms]
2023-03-20 01:20:07.924 [info] > git ls-files --stage -- /home/brantellah/index.html [6ms]
2023-03-20 01:20:08.177 [info] > git check-ignore -v -z --stdin [13ms]
2023-03-20 01:20:49.612 [info] > git ls-files --stage -- /home/brantellah/my_list.html [8ms]
2023-03-20 01:20:49.620 [info] > git ls-files --stage -- /home/brantellah/index.html [9ms]
2023-03-20 01:20:49.634 [info] > git cat-file -s 804e277aa689168240dea06814cac0049e3d6c09 [15ms]
2023-03-20 01:20:49.635 [info] > git cat-file -s eba6cb1dc11bb2c69088f390e2b6f5288bc64b7b [1ms]
2023-03-20 01:20:49.661 [info] > git show --textconv :my_list.html [6ms]
2023-03-20 01:20:49.664 [info] > git show --textconv :index.html [3ms]
2023-03-20 01:21:27.227 [info] > git ls-files --stage -- /home/brantellah/my_list.html [13ms]
2023-03-20 01:21:27.238 [info] > git ls-files --stage -- /home/brantellah/index.html [13ms]
2023-03-20 01:21:27.247 [info] > git cat-file -s 804e277aa689168240dea06814cac0049e3d6c09 [10ms]
2023-03-20 01:21:27.248 [info] > git cat-file -s eba6cb1dc11bb2c69088f390e2b6f5288bc64b7b [2ms]
2023-03-20 01:21:27.265 [info] > git show --textconv :my_list.html [6ms]
2023-03-20 01:21:27.268 [info] > git show --textconv :index.html [3ms]
