2023-03-21 09:41:29.559 [info] Log level: Info
2023-03-21 09:41:29.559 [info] Validating found git in: "git"
2023-03-21 09:41:29.559 [info] Using git "2.40.0" from "git"
2023-03-21 09:41:29.559 [info] > git rev-parse --show-toplevel [61ms]
2023-03-21 09:41:29.559 [info] > git rev-parse --git-dir --git-common-dir [1ms]
2023-03-21 09:41:29.559 [info] Open repository: /home/brantellah
2023-03-21 09:41:29.559 [info] > git config --get commit.template [51ms]
2023-03-21 09:41:29.559 [info] > git rev-parse --show-toplevel [60ms]
2023-03-21 09:41:29.559 [info] > git rev-parse --show-toplevel [5ms]
2023-03-21 09:41:29.559 [info] > git rev-parse --show-toplevel [12ms]
2023-03-21 09:41:29.559 [info] > git rev-parse --show-toplevel [2ms]
2023-03-21 09:41:29.559 [info] > git rev-parse --show-toplevel [2ms]
2023-03-21 09:41:29.559 [info] > git rev-parse --git-dir --git-common-dir [1ms]
2023-03-21 09:41:29.559 [info] Open repository: /home/brantellah/.nvm
2023-03-21 09:41:29.559 [info] > git rev-parse --show-toplevel [7ms]
2023-03-21 09:41:29.559 [info] > git config --get commit.template [7ms]
2023-03-21 09:41:29.559 [info] > git rev-parse --git-dir --git-common-dir [10ms]
2023-03-21 09:41:29.559 [info] Open repository: /home/brantellah/.rbenv
2023-03-21 09:41:29.559 [info] > git for-each-ref --format %(refname) %(objectname) %(*objectname) refs/tags [26ms]
2023-03-21 09:41:29.559 [info] > git for-each-ref --format=%(refname)%00%(upstream:short)%00%(objectname)%00%(upstream:track)%00%(upstream:remotename)%00%(upstream:remoteref) refs/heads/main refs/remotes/main [96ms]
2023-03-21 09:41:29.559 [info] > git status -z -uall [11ms]
2023-03-21 09:41:29.559 [info] > git config --get commit.template [33ms]
2023-03-21 09:41:29.559 [info] > git rev-parse --show-toplevel [39ms]
2023-03-21 09:41:29.559 [info] > git rev-parse --show-toplevel [12ms]
2023-03-21 09:41:29.559 [info] > git config --get commit.template [15ms]
2023-03-21 09:41:29.559 [info] > git rev-parse --show-toplevel [1ms]
2023-03-21 09:41:29.559 [info] > git for-each-ref --format %(refname) %(objectname) %(*objectname) refs/tags [8ms]
2023-03-21 09:41:29.559 [info] > git rev-parse --show-toplevel [18ms]
2023-03-21 09:41:29.560 [info] > git status -z -uall [9ms]
2023-03-21 09:41:29.562 [info] > git rev-parse --show-toplevel [3ms]
2023-03-21 09:41:29.578 [info] > git for-each-ref --format=%(refname)%00%(upstream:short)%00%(objectname)%00%(upstream:track)%00%(upstream:remotename)%00%(upstream:remoteref) refs/heads/master refs/remotes/master [58ms]
2023-03-21 09:41:29.585 [info] > git rev-parse --show-toplevel [16ms]
2023-03-21 09:41:29.601 [info] > git rev-parse --git-dir --git-common-dir [1ms]
2023-03-21 09:41:29.612 [info] Open repository: /home/brantellah/phase-0-git-basics-lab
2023-03-21 09:41:29.628 [info] > git rev-parse --show-toplevel [9ms]
2023-03-21 09:41:29.650 [info] > git config --get commit.template [28ms]
2023-03-21 09:41:29.651 [info] > git status -z -uall [68ms]
2023-03-21 09:41:29.665 [info] > git rev-parse --show-toplevel [28ms]
2023-03-21 09:41:29.685 [info] > git config --get commit.template [1ms]
2023-03-21 09:41:29.693 [info] > git for-each-ref --format=%(refname)%00%(upstream:short)%00%(objectname)%00%(upstream:track)%00%(upstream:remotename)%00%(upstream:remoteref) refs/heads/master refs/remotes/master [17ms]
2023-03-21 09:41:29.704 [info] > git for-each-ref --format=%(refname)%00%(upstream:short)%00%(objectname)%00%(upstream:track)%00%(upstream:remotename)%00%(upstream:remoteref) refs/heads/master refs/remotes/master [12ms]
2023-03-21 09:41:29.711 [info] > git status -z -uall [13ms]
2023-03-21 09:41:29.711 [info] > git status -z -uall [2ms]
2023-03-21 09:41:29.896 [info] > git check-ignore -v -z --stdin [37ms]
2023-03-21 09:41:29.929 [info] > git status -z -uall [443ms]
2023-03-21 09:41:29.947 [info] > git config --get commit.template [5ms]
2023-03-21 09:41:29.949 [info] > git for-each-ref --format=%(refname)%00%(upstream:short)%00%(objectname)%00%(upstream:track)%00%(upstream:remotename)%00%(upstream:remoteref) refs/heads/main refs/remotes/main [3ms]
2023-03-21 09:41:30.055 [info] > git status -z -uall [101ms]
2023-03-21 09:41:30.394 [info] > git show --textconv :shaffie.html [7ms]
2023-03-21 09:41:30.402 [info] > git ls-files --stage -- /home/brantellah/shaffie.html [9ms]
2023-03-21 09:41:30.406 [info] > git cat-file -s 3a636ba9fa743855fb3b253f2fbad7215f1dc6c2 [1ms]
2023-03-21 09:41:30.544 [info] > git check-ignore -v -z --stdin [11ms]
2023-03-21 09:41:30.545 [info] > git check-ignore -v -z --stdin [8ms]
2023-03-21 09:41:30.545 [info] > git check-ignore -v -z --stdin [2ms]
2023-03-21 09:41:30.545 [info] > git check-ignore -v -z --stdin [17ms]
2023-03-21 09:41:33.987 [info] > git config --get commit.template [18ms]
2023-03-21 09:41:33.990 [info] > git for-each-ref --format=%(refname)%00%(upstream:short)%00%(objectname)%00%(upstream:track)%00%(upstream:remotename)%00%(upstream:remoteref) refs/heads/main refs/remotes/main [8ms]
2023-03-21 09:41:34.161 [info] > git status -z -uall [153ms]
2023-03-21 09:41:39.215 [info] > git config --get commit.template [24ms]
2023-03-21 09:41:39.218 [info] > git for-each-ref --format=%(refname)%00%(upstream:short)%00%(objectname)%00%(upstream:track)%00%(upstream:remotename)%00%(upstream:remoteref) refs/heads/main refs/remotes/main [7ms]
2023-03-21 09:41:39.331 [info] > git status -z -uall [97ms]
2023-03-21 09:41:44.376 [info] > git config --get commit.template [16ms]
2023-03-21 09:41:44.379 [info] > git for-each-ref --format=%(refname)%00%(upstream:short)%00%(objectname)%00%(upstream:track)%00%(upstream:remotename)%00%(upstream:remoteref) refs/heads/main refs/remotes/main [5ms]
2023-03-21 09:41:44.492 [info] > git status -z -uall [102ms]
2023-03-21 09:43:42.330 [info] > git config --get commit.template [3ms]
2023-03-21 09:43:42.331 [info] > git for-each-ref --format=%(refname)%00%(upstream:short)%00%(objectname)%00%(upstream:track)%00%(upstream:remotename)%00%(upstream:remoteref) refs/heads/main refs/remotes/main [2ms]
2023-03-21 09:43:42.408 [info] > git status -z -uall [74ms]
2023-03-21 09:43:47.434 [info] > git config --get commit.template [3ms]
2023-03-21 09:43:47.456 [info] > git for-each-ref --format=%(refname)%00%(upstream:short)%00%(objectname)%00%(upstream:track)%00%(upstream:remotename)%00%(upstream:remoteref) refs/heads/main refs/remotes/main [6ms]
2023-03-21 09:43:47.556 [info] > git status -z -uall [89ms]
2023-03-21 09:43:52.575 [info] > git config --get commit.template [2ms]
2023-03-21 09:43:52.587 [info] > git for-each-ref --format=%(refname)%00%(upstream:short)%00%(objectname)%00%(upstream:track)%00%(upstream:remotename)%00%(upstream:remoteref) refs/heads/main refs/remotes/main [4ms]
2023-03-21 09:43:52.693 [info] > git status -z -uall [98ms]
2023-03-21 09:45:44.277 [info] > git config --get commit.template [6ms]
2023-03-21 09:45:44.278 [info] > git for-each-ref --format=%(refname)%00%(upstream:short)%00%(objectname)%00%(upstream:track)%00%(upstream:remotename)%00%(upstream:remoteref) refs/heads/main refs/remotes/main [2ms]
2023-03-21 09:45:44.354 [info] > git status -z -uall [73ms]
2023-03-21 09:45:49.371 [info] > git config --get commit.template [1ms]
2023-03-21 09:45:49.380 [info] > git for-each-ref --format=%(refname)%00%(upstream:short)%00%(objectname)%00%(upstream:track)%00%(upstream:remotename)%00%(upstream:remoteref) refs/heads/main refs/remotes/main [4ms]
2023-03-21 09:45:49.497 [info] > git status -z -uall [111ms]
2023-03-21 09:45:54.533 [info] > git config --get commit.template [15ms]
2023-03-21 09:45:54.537 [info] > git for-each-ref --format=%(refname)%00%(upstream:short)%00%(objectname)%00%(upstream:track)%00%(upstream:remotename)%00%(upstream:remoteref) refs/heads/main refs/remotes/main [5ms]
2023-03-21 09:45:54.658 [info] > git status -z -uall [113ms]
2023-03-21 09:46:38.687 [info] > git config --get commit.template [8ms]
2023-03-21 09:46:38.687 [info] > git for-each-ref --format=%(refname)%00%(upstream:short)%00%(objectname)%00%(upstream:track)%00%(upstream:remotename)%00%(upstream:remoteref) refs/heads/main refs/remotes/main [3ms]
2023-03-21 09:46:38.763 [info] > git status -z -uall [72ms]
2023-03-21 09:46:43.787 [info] > git config --get commit.template [3ms]
2023-03-21 09:46:43.803 [info] > git for-each-ref --format=%(refname)%00%(upstream:short)%00%(objectname)%00%(upstream:track)%00%(upstream:remotename)%00%(upstream:remoteref) refs/heads/main refs/remotes/main [5ms]
2023-03-21 09:46:43.893 [info] > git status -z -uall [79ms]
2023-03-21 09:46:48.925 [info] > git config --get commit.template [13ms]
2023-03-21 09:46:48.929 [info] > git for-each-ref --format=%(refname)%00%(upstream:short)%00%(objectname)%00%(upstream:track)%00%(upstream:remotename)%00%(upstream:remoteref) refs/heads/main refs/remotes/main [4ms]
2023-03-21 09:46:49.049 [info] > git status -z -uall [110ms]
2023-03-21 09:48:08.238 [info] > git config --get commit.template [8ms]
2023-03-21 09:48:08.239 [info] > git for-each-ref --format=%(refname)%00%(upstream:short)%00%(objectname)%00%(upstream:track)%00%(upstream:remotename)%00%(upstream:remoteref) refs/heads/main refs/remotes/main [2ms]
2023-03-21 09:48:08.312 [info] > git status -z -uall [70ms]
2023-03-21 09:48:13.343 [info] > git config --get commit.template [13ms]
2023-03-21 09:48:13.346 [info] > git for-each-ref --format=%(refname)%00%(upstream:short)%00%(objectname)%00%(upstream:track)%00%(upstream:remotename)%00%(upstream:remoteref) refs/heads/main refs/remotes/main [5ms]
2023-03-21 09:48:13.454 [info] > git status -z -uall [98ms]
2023-03-21 09:48:32.421 [info] > git config --get commit.template [7ms]
2023-03-21 09:48:32.421 [info] > git for-each-ref --format=%(refname)%00%(upstream:short)%00%(objectname)%00%(upstream:track)%00%(upstream:remotename)%00%(upstream:remoteref) refs/heads/main refs/remotes/main [2ms]
2023-03-21 09:48:32.496 [info] > git status -z -uall [70ms]
2023-03-21 09:48:37.518 [info] > git config --get commit.template [3ms]
2023-03-21 09:48:37.534 [info] > git for-each-ref --format=%(refname)%00%(upstream:short)%00%(objectname)%00%(upstream:track)%00%(upstream:remotename)%00%(upstream:remoteref) refs/heads/main refs/remotes/main [6ms]
2023-03-21 09:48:37.644 [info] > git status -z -uall [100ms]
2023-03-21 09:48:42.668 [info] > git config --get commit.template [5ms]
2023-03-21 09:48:42.669 [info] > git for-each-ref --format=%(refname)%00%(upstream:short)%00%(objectname)%00%(upstream:track)%00%(upstream:remotename)%00%(upstream:remoteref) refs/heads/main refs/remotes/main [2ms]
2023-03-21 09:48:42.761 [info] > git status -z -uall [88ms]
2023-03-21 09:48:47.786 [info] > git config --get commit.template [4ms]
2023-03-21 09:48:47.800 [info] > git for-each-ref --format=%(refname)%00%(upstream:short)%00%(objectname)%00%(upstream:track)%00%(upstream:remotename)%00%(upstream:remoteref) refs/heads/main refs/remotes/main [4ms]
2023-03-21 09:48:47.899 [info] > git status -z -uall [89ms]
2023-03-21 09:48:52.911 [info] > git config --get commit.template [1ms]
2023-03-21 09:48:52.918 [info] > git for-each-ref --format=%(refname)%00%(upstream:short)%00%(objectname)%00%(upstream:track)%00%(upstream:remotename)%00%(upstream:remoteref) refs/heads/main refs/remotes/main [2ms]
2023-03-21 09:48:53.012 [info] > git status -z -uall [89ms]
2023-03-21 09:48:58.038 [info] > git config --get commit.template [12ms]
2023-03-21 09:48:58.040 [info] > git for-each-ref --format=%(refname)%00%(upstream:short)%00%(objectname)%00%(upstream:track)%00%(upstream:remotename)%00%(upstream:remoteref) refs/heads/main refs/remotes/main [3ms]
2023-03-21 09:48:58.114 [info] > git status -z -uall [70ms]
2023-03-21 09:49:03.139 [info] > git config --get commit.template [5ms]
2023-03-21 09:49:03.139 [info] > git for-each-ref --format=%(refname)%00%(upstream:short)%00%(objectname)%00%(upstream:track)%00%(upstream:remotename)%00%(upstream:remoteref) refs/heads/main refs/remotes/main [1ms]
2023-03-21 09:49:03.222 [info] > git status -z -uall [79ms]
2023-03-21 09:49:38.472 [info] > git config --get commit.template [9ms]
2023-03-21 09:49:38.473 [info] > git for-each-ref --format=%(refname)%00%(upstream:short)%00%(objectname)%00%(upstream:track)%00%(upstream:remotename)%00%(upstream:remoteref) refs/heads/main refs/remotes/main [2ms]
2023-03-21 09:49:38.556 [info] > git status -z -uall [79ms]
2023-03-21 09:49:43.594 [info] > git config --get commit.template [14ms]
2023-03-21 09:49:43.598 [info] > git for-each-ref --format=%(refname)%00%(upstream:short)%00%(objectname)%00%(upstream:track)%00%(upstream:remotename)%00%(upstream:remoteref) refs/heads/main refs/remotes/main [7ms]
2023-03-21 09:49:43.697 [info] > git status -z -uall [88ms]
2023-03-21 09:49:48.732 [info] > git config --get commit.template [14ms]
2023-03-21 09:49:48.735 [info] > git for-each-ref --format=%(refname)%00%(upstream:short)%00%(objectname)%00%(upstream:track)%00%(upstream:remotename)%00%(upstream:remoteref) refs/heads/main refs/remotes/main [5ms]
2023-03-21 09:49:48.853 [info] > git status -z -uall [108ms]
2023-03-21 09:49:59.694 [info] > git config --get commit.template [6ms]
2023-03-21 09:49:59.694 [info] > git for-each-ref --format=%(refname)%00%(upstream:short)%00%(objectname)%00%(upstream:track)%00%(upstream:remotename)%00%(upstream:remoteref) refs/heads/main refs/remotes/main [1ms]
2023-03-21 09:49:59.776 [info] > git status -z -uall [77ms]
2023-03-21 09:50:04.813 [info] > git config --get commit.template [18ms]
2023-03-21 09:50:04.818 [info] > git for-each-ref --format=%(refname)%00%(upstream:short)%00%(objectname)%00%(upstream:track)%00%(upstream:remotename)%00%(upstream:remoteref) refs/heads/main refs/remotes/main [7ms]
2023-03-21 09:50:04.917 [info] > git status -z -uall [87ms]
2023-03-21 09:50:14.923 [info] > git config --get commit.template [2ms]
2023-03-21 09:50:14.930 [info] > git for-each-ref --format=%(refname)%00%(upstream:short)%00%(objectname)%00%(upstream:track)%00%(upstream:remotename)%00%(upstream:remoteref) refs/heads/main refs/remotes/main [2ms]
2023-03-21 09:50:15.011 [info] > git status -z -uall [75ms]
2023-03-21 09:50:20.049 [info] > git config --get commit.template [17ms]
2023-03-21 09:50:20.053 [info] > git for-each-ref --format=%(refname)%00%(upstream:short)%00%(objectname)%00%(upstream:track)%00%(upstream:remotename)%00%(upstream:remoteref) refs/heads/main refs/remotes/main [5ms]
2023-03-21 09:50:20.208 [info] > git status -z -uall [144ms]
2023-03-21 09:50:32.139 [info] > git config --get commit.template [7ms]
2023-03-21 09:50:32.140 [info] > git for-each-ref --format=%(refname)%00%(upstream:short)%00%(objectname)%00%(upstream:track)%00%(upstream:remotename)%00%(upstream:remoteref) refs/heads/main refs/remotes/main [1ms]
2023-03-21 09:50:32.233 [info] > git status -z -uall [89ms]
2023-03-21 09:50:37.271 [info] > git config --get commit.template [11ms]
2023-03-21 09:50:37.295 [info] > git for-each-ref --format=%(refname)%00%(upstream:short)%00%(objectname)%00%(upstream:track)%00%(upstream:remotename)%00%(upstream:remoteref) refs/heads/main refs/remotes/main [5ms]
2023-03-21 09:50:37.480 [info] > git status -z -uall [170ms]
2023-03-21 09:50:42.515 [info] > git config --get commit.template [16ms]
2023-03-21 09:50:42.519 [info] > git for-each-ref --format=%(refname)%00%(upstream:short)%00%(objectname)%00%(upstream:track)%00%(upstream:remotename)%00%(upstream:remoteref) refs/heads/main refs/remotes/main [5ms]
2023-03-21 09:50:42.609 [info] > git status -z -uall [79ms]
2023-03-21 09:50:47.644 [info] > git config --get commit.template [15ms]
2023-03-21 09:50:47.647 [info] > git for-each-ref --format=%(refname)%00%(upstream:short)%00%(objectname)%00%(upstream:track)%00%(upstream:remotename)%00%(upstream:remoteref) refs/heads/main refs/remotes/main [5ms]
2023-03-21 09:50:47.774 [info] > git status -z -uall [97ms]
2023-03-21 09:51:02.244 [info] > git config --get commit.template [5ms]
2023-03-21 09:51:02.246 [info] > git for-each-ref --format=%(refname)%00%(upstream:short)%00%(objectname)%00%(upstream:track)%00%(upstream:remotename)%00%(upstream:remoteref) refs/heads/main refs/remotes/main [2ms]
2023-03-21 09:51:02.323 [info] > git status -z -uall [72ms]
2023-03-21 09:51:07.341 [info] > git config --get commit.template [2ms]
2023-03-21 09:51:07.351 [info] > git for-each-ref --format=%(refname)%00%(upstream:short)%00%(objectname)%00%(upstream:track)%00%(upstream:remotename)%00%(upstream:remoteref) refs/heads/main refs/remotes/main [2ms]
2023-03-21 09:51:07.429 [info] > git status -z -uall [73ms]
2023-03-21 09:51:12.786 [info] > git config --get commit.template [1ms]
2023-03-21 09:51:12.793 [info] > git for-each-ref --format=%(refname)%00%(upstream:short)%00%(objectname)%00%(upstream:track)%00%(upstream:remotename)%00%(upstream:remoteref) refs/heads/main refs/remotes/main [2ms]
2023-03-21 09:51:12.867 [info] > git status -z -uall [70ms]
2023-03-21 09:51:17.902 [info] > git config --get commit.template [13ms]
2023-03-21 09:51:17.905 [info] > git for-each-ref --format=%(refname)%00%(upstream:short)%00%(objectname)%00%(upstream:track)%00%(upstream:remotename)%00%(upstream:remoteref) refs/heads/main refs/remotes/main [4ms]
2023-03-21 09:51:18.022 [info] > git status -z -uall [108ms]
2023-03-21 09:53:21.647 [info] > git config --get commit.template [14ms]
2023-03-21 09:53:21.650 [info] > git for-each-ref --format=%(refname)%00%(upstream:short)%00%(objectname)%00%(upstream:track)%00%(upstream:remotename)%00%(upstream:remoteref) refs/heads/main refs/remotes/main [4ms]
2023-03-21 09:53:21.734 [info] > git status -z -uall [78ms]
2023-03-21 09:53:26.777 [info] > git config --get commit.template [21ms]
2023-03-21 09:53:26.781 [info] > git for-each-ref --format=%(refname)%00%(upstream:short)%00%(objectname)%00%(upstream:track)%00%(upstream:remotename)%00%(upstream:remoteref) refs/heads/main refs/remotes/main [7ms]
2023-03-21 09:53:26.896 [info] > git status -z -uall [108ms]
2023-03-21 09:53:31.942 [info] > git config --get commit.template [20ms]
2023-03-21 09:53:31.948 [info] > git for-each-ref --format=%(refname)%00%(upstream:short)%00%(objectname)%00%(upstream:track)%00%(upstream:remotename)%00%(upstream:remoteref) refs/heads/main refs/remotes/main [9ms]
2023-03-21 09:53:32.179 [info] > git status -z -uall [217ms]
2023-03-21 09:55:50.113 [info] > git config --get commit.template [8ms]
2023-03-21 09:55:50.114 [info] > git for-each-ref --format=%(refname)%00%(upstream:short)%00%(objectname)%00%(upstream:track)%00%(upstream:remotename)%00%(upstream:remoteref) refs/heads/main refs/remotes/main [3ms]
2023-03-21 09:55:50.189 [info] > git status -z -uall [72ms]
2023-03-21 09:55:55.204 [info] > git config --get commit.template [5ms]
2023-03-21 09:55:55.205 [info] > git for-each-ref --format=%(refname)%00%(upstream:short)%00%(objectname)%00%(upstream:track)%00%(upstream:remotename)%00%(upstream:remoteref) refs/heads/main refs/remotes/main [2ms]
2023-03-21 09:55:55.279 [info] > git status -z -uall [68ms]
2023-03-21 09:56:00.302 [info] > git config --get commit.template [10ms]
2023-03-21 09:56:00.304 [info] > git for-each-ref --format=%(refname)%00%(upstream:short)%00%(objectname)%00%(upstream:track)%00%(upstream:remotename)%00%(upstream:remoteref) refs/heads/main refs/remotes/main [3ms]
2023-03-21 09:56:00.415 [info] > git status -z -uall [104ms]
2023-03-21 09:57:29.403 [info] > git config --get commit.template [2ms]
2023-03-21 09:57:29.412 [info] > git for-each-ref --format=%(refname)%00%(upstream:short)%00%(objectname)%00%(upstream:track)%00%(upstream:remotename)%00%(upstream:remoteref) refs/heads/main refs/remotes/main [2ms]
2023-03-21 09:57:29.488 [info] > git status -z -uall [71ms]
2023-03-21 09:57:34.522 [info] > git config --get commit.template [13ms]
2023-03-21 09:57:34.526 [info] > git for-each-ref --format=%(refname)%00%(upstream:short)%00%(objectname)%00%(upstream:track)%00%(upstream:remotename)%00%(upstream:remoteref) refs/heads/main refs/remotes/main [5ms]
2023-03-21 09:57:34.620 [info] > git status -z -uall [86ms]
2023-03-21 09:57:39.661 [info] > git config --get commit.template [16ms]
2023-03-21 09:57:39.664 [info] > git for-each-ref --format=%(refname)%00%(upstream:short)%00%(objectname)%00%(upstream:track)%00%(upstream:remotename)%00%(upstream:remoteref) refs/heads/main refs/remotes/main [5ms]
2023-03-21 09:57:39.841 [info] > git status -z -uall [162ms]
2023-03-21 09:57:44.863 [info] > git config --get commit.template [6ms]
2023-03-21 09:57:44.864 [info] > git for-each-ref --format=%(refname)%00%(upstream:short)%00%(objectname)%00%(upstream:track)%00%(upstream:remotename)%00%(upstream:remoteref) refs/heads/main refs/remotes/main [2ms]
2023-03-21 09:57:44.958 [info] > git status -z -uall [89ms]
2023-03-21 09:57:49.990 [info] > git config --get commit.template [12ms]
2023-03-21 09:57:49.993 [info] > git for-each-ref --format=%(refname)%00%(upstream:short)%00%(objectname)%00%(upstream:track)%00%(upstream:remotename)%00%(upstream:remoteref) refs/heads/main refs/remotes/main [5ms]
2023-03-21 09:57:50.089 [info] > git status -z -uall [86ms]
2023-03-21 09:57:55.105 [info] > git config --get commit.template [5ms]
2023-03-21 09:57:55.106 [info] > git for-each-ref --format=%(refname)%00%(upstream:short)%00%(objectname)%00%(upstream:track)%00%(upstream:remotename)%00%(upstream:remoteref) refs/heads/main refs/remotes/main [2ms]
2023-03-21 09:57:55.213 [info] > git status -z -uall [102ms]
2023-03-21 09:58:00.237 [info] > git config --get commit.template [9ms]
2023-03-21 09:58:00.238 [info] > git for-each-ref --format=%(refname)%00%(upstream:short)%00%(objectname)%00%(upstream:track)%00%(upstream:remotename)%00%(upstream:remoteref) refs/heads/main refs/remotes/main [2ms]
2023-03-21 09:58:00.312 [info] > git status -z -uall [69ms]
2023-03-21 09:58:05.333 [info] > git config --get commit.template [3ms]
2023-03-21 09:58:05.347 [info] > git for-each-ref --format=%(refname)%00%(upstream:short)%00%(objectname)%00%(upstream:track)%00%(upstream:remotename)%00%(upstream:remoteref) refs/heads/main refs/remotes/main [4ms]
2023-03-21 09:58:05.448 [info] > git status -z -uall [95ms]
2023-03-21 09:58:10.471 [info] > git config --get commit.template [9ms]
2023-03-21 09:58:10.473 [info] > git for-each-ref --format=%(refname)%00%(upstream:short)%00%(objectname)%00%(upstream:track)%00%(upstream:remotename)%00%(upstream:remoteref) refs/heads/main refs/remotes/main [3ms]
2023-03-21 09:58:10.572 [info] > git status -z -uall [91ms]
2023-03-21 09:58:15.604 [info] > git config --get commit.template [12ms]
2023-03-21 09:58:15.608 [info] > git for-each-ref --format=%(refname)%00%(upstream:short)%00%(objectname)%00%(upstream:track)%00%(upstream:remotename)%00%(upstream:remoteref) refs/heads/main refs/remotes/main [5ms]
2023-03-21 09:58:15.704 [info] > git status -z -uall [87ms]
2023-03-21 09:58:20.736 [info] > git config --get commit.template [12ms]
2023-03-21 09:58:20.740 [info] > git for-each-ref --format=%(refname)%00%(upstream:short)%00%(objectname)%00%(upstream:track)%00%(upstream:remotename)%00%(upstream:remoteref) refs/heads/main refs/remotes/main [6ms]
2023-03-21 09:58:20.839 [info] > git status -z -uall [89ms]
2023-03-21 09:58:25.867 [info] > git config --get commit.template [12ms]
2023-03-21 09:58:25.870 [info] > git for-each-ref --format=%(refname)%00%(upstream:short)%00%(objectname)%00%(upstream:track)%00%(upstream:remotename)%00%(upstream:remoteref) refs/heads/main refs/remotes/main [5ms]
2023-03-21 09:58:25.996 [info] > git status -z -uall [118ms]
2023-03-21 09:58:31.027 [info] > git config --get commit.template [11ms]
2023-03-21 09:58:31.031 [info] > git for-each-ref --format=%(refname)%00%(upstream:short)%00%(objectname)%00%(upstream:track)%00%(upstream:remotename)%00%(upstream:remoteref) refs/heads/main refs/remotes/main [4ms]
2023-03-21 09:58:31.134 [info] > git status -z -uall [95ms]
2023-03-21 09:58:32.480 [info] > git check-ignore -v -z --stdin [20ms]
2023-03-21 09:58:36.161 [info] > git config --get commit.template [7ms]
2023-03-21 09:58:36.163 [info] > git for-each-ref --format=%(refname)%00%(upstream:short)%00%(objectname)%00%(upstream:track)%00%(upstream:remotename)%00%(upstream:remoteref) refs/heads/main refs/remotes/main [3ms]
2023-03-21 09:58:36.243 [info] > git status -z -uall [75ms]
2023-03-21 09:58:41.267 [info] > git config --get commit.template [2ms]
2023-03-21 09:58:41.283 [info] > git for-each-ref --format=%(refname)%00%(upstream:short)%00%(objectname)%00%(upstream:track)%00%(upstream:remotename)%00%(upstream:remoteref) refs/heads/main refs/remotes/main [6ms]
2023-03-21 09:58:41.391 [info] > git status -z -uall [98ms]
2023-03-21 09:58:46.422 [info] > git config --get commit.template [12ms]
2023-03-21 09:58:46.423 [info] > git for-each-ref --format=%(refname)%00%(upstream:short)%00%(objectname)%00%(upstream:track)%00%(upstream:remotename)%00%(upstream:remoteref) refs/heads/main refs/remotes/main [4ms]
2023-03-21 09:58:46.525 [info] > git status -z -uall [92ms]
2023-03-21 09:58:51.549 [info] > git config --get commit.template [4ms]
2023-03-21 09:58:51.564 [info] > git for-each-ref --format=%(refname)%00%(upstream:short)%00%(objectname)%00%(upstream:track)%00%(upstream:remotename)%00%(upstream:remoteref) refs/heads/main refs/remotes/main [4ms]
2023-03-21 09:58:51.666 [info] > git status -z -uall [93ms]
2023-03-21 09:58:56.684 [info] > git config --get commit.template [2ms]
2023-03-21 09:58:56.699 [info] > git for-each-ref --format=%(refname)%00%(upstream:short)%00%(objectname)%00%(upstream:track)%00%(upstream:remotename)%00%(upstream:remoteref) refs/heads/main refs/remotes/main [5ms]
2023-03-21 09:58:56.793 [info] > git status -z -uall [85ms]
2023-03-21 09:58:57.204 [info] > git show --textconv :phase-0-html-images-lab/images.html [14ms]
2023-03-21 09:58:57.215 [info] > git ls-files --stage -- /home/brantellah/phase-0-html-images-lab/images.html [13ms]
2023-03-21 09:58:57.285 [info] > git check-ignore -v -z --stdin [17ms]
2023-03-21 09:59:01.809 [info] > git config --get commit.template [2ms]
2023-03-21 09:59:01.823 [info] > git for-each-ref --format=%(refname)%00%(upstream:short)%00%(objectname)%00%(upstream:track)%00%(upstream:remotename)%00%(upstream:remoteref) refs/heads/main refs/remotes/main [4ms]
2023-03-21 09:59:01.931 [info] > git status -z -uall [92ms]
2023-03-21 09:59:06.951 [info] > git config --get commit.template [8ms]
2023-03-21 09:59:06.953 [info] > git for-each-ref --format=%(refname)%00%(upstream:short)%00%(objectname)%00%(upstream:track)%00%(upstream:remotename)%00%(upstream:remoteref) refs/heads/main refs/remotes/main [3ms]
2023-03-21 09:59:07.087 [info] > git status -z -uall [107ms]
2023-03-21 09:59:12.117 [info] > git config --get commit.template [12ms]
2023-03-21 09:59:12.121 [info] > git for-each-ref --format=%(refname)%00%(upstream:short)%00%(objectname)%00%(upstream:track)%00%(upstream:remotename)%00%(upstream:remoteref) refs/heads/main refs/remotes/main [6ms]
2023-03-21 09:59:12.226 [info] > git status -z -uall [95ms]
2023-03-21 09:59:17.239 [info] > git config --get commit.template [2ms]
2023-03-21 09:59:17.248 [info] > git for-each-ref --format=%(refname)%00%(upstream:short)%00%(objectname)%00%(upstream:track)%00%(upstream:remotename)%00%(upstream:remoteref) refs/heads/main refs/remotes/main [2ms]
2023-03-21 09:59:17.348 [info] > git status -z -uall [82ms]
2023-03-21 09:59:22.380 [info] > git config --get commit.template [12ms]
2023-03-21 09:59:22.384 [info] > git for-each-ref --format=%(refname)%00%(upstream:short)%00%(objectname)%00%(upstream:track)%00%(upstream:remotename)%00%(upstream:remoteref) refs/heads/main refs/remotes/main [5ms]
2023-03-21 09:59:22.511 [info] > git status -z -uall [97ms]
2023-03-21 09:59:27.543 [info] > git config --get commit.template [13ms]
2023-03-21 09:59:27.545 [info] > git for-each-ref --format=%(refname)%00%(upstream:short)%00%(objectname)%00%(upstream:track)%00%(upstream:remotename)%00%(upstream:remoteref) refs/heads/main refs/remotes/main [5ms]
2023-03-21 09:59:27.646 [info] > git status -z -uall [90ms]
2023-03-21 09:59:32.680 [info] > git config --get commit.template [15ms]
2023-03-21 09:59:32.680 [info] > git for-each-ref --format=%(refname)%00%(upstream:short)%00%(objectname)%00%(upstream:track)%00%(upstream:remotename)%00%(upstream:remoteref) refs/heads/main refs/remotes/main [3ms]
2023-03-21 09:59:32.788 [info] > git status -z -uall [99ms]
2023-03-21 09:59:37.810 [info] > git config --get commit.template [3ms]
2023-03-21 09:59:37.825 [info] > git for-each-ref --format=%(refname)%00%(upstream:short)%00%(objectname)%00%(upstream:track)%00%(upstream:remotename)%00%(upstream:remoteref) refs/heads/main refs/remotes/main [5ms]
2023-03-21 09:59:37.922 [info] > git status -z -uall [86ms]
2023-03-21 09:59:42.932 [info] > git config --get commit.template [2ms]
2023-03-21 09:59:42.939 [info] > git for-each-ref --format=%(refname)%00%(upstream:short)%00%(objectname)%00%(upstream:track)%00%(upstream:remotename)%00%(upstream:remoteref) refs/heads/main refs/remotes/main [2ms]
2023-03-21 09:59:43.017 [info] > git status -z -uall [74ms]
2023-03-21 09:59:48.042 [info] > git config --get commit.template [5ms]
2023-03-21 09:59:48.043 [info] > git for-each-ref --format=%(refname)%00%(upstream:short)%00%(objectname)%00%(upstream:track)%00%(upstream:remotename)%00%(upstream:remoteref) refs/heads/main refs/remotes/main [2ms]
2023-03-21 09:59:48.131 [info] > git status -z -uall [83ms]
2023-03-21 09:59:53.161 [info] > git config --get commit.template [13ms]
2023-03-21 09:59:53.165 [info] > git for-each-ref --format=%(refname)%00%(upstream:short)%00%(objectname)%00%(upstream:track)%00%(upstream:remotename)%00%(upstream:remoteref) refs/heads/main refs/remotes/main [5ms]
2023-03-21 09:59:53.275 [info] > git status -z -uall [99ms]
2023-03-21 09:59:58.299 [info] > git config --get commit.template [5ms]
2023-03-21 09:59:58.315 [info] > git for-each-ref --format=%(refname)%00%(upstream:short)%00%(objectname)%00%(upstream:track)%00%(upstream:remotename)%00%(upstream:remoteref) refs/heads/main refs/remotes/main [5ms]
2023-03-21 09:59:58.416 [info] > git status -z -uall [91ms]
2023-03-21 10:00:03.438 [info] > git config --get commit.template [5ms]
2023-03-21 10:00:03.439 [info] > git for-each-ref --format=%(refname)%00%(upstream:short)%00%(objectname)%00%(upstream:track)%00%(upstream:remotename)%00%(upstream:remoteref) refs/heads/main refs/remotes/main [1ms]
2023-03-21 10:00:03.528 [info] > git status -z -uall [85ms]
2023-03-21 10:00:08.563 [info] > git config --get commit.template [16ms]
2023-03-21 10:00:08.564 [info] > git for-each-ref --format=%(refname)%00%(upstream:short)%00%(objectname)%00%(upstream:track)%00%(upstream:remotename)%00%(upstream:remoteref) refs/heads/main refs/remotes/main [4ms]
2023-03-21 10:00:08.643 [info] > git status -z -uall [73ms]
2023-03-21 10:00:13.674 [info] > git config --get commit.template [10ms]
2023-03-21 10:00:13.676 [info] > git for-each-ref --format=%(refname)%00%(upstream:short)%00%(objectname)%00%(upstream:track)%00%(upstream:remotename)%00%(upstream:remoteref) refs/heads/main refs/remotes/main [3ms]
2023-03-21 10:00:13.789 [info] > git status -z -uall [105ms]
2023-03-21 10:00:53.808 [info] > git config --get commit.template [7ms]
2023-03-21 10:00:53.809 [info] > git for-each-ref --format=%(refname)%00%(upstream:short)%00%(objectname)%00%(upstream:track)%00%(upstream:remotename)%00%(upstream:remoteref) refs/heads/main refs/remotes/main [2ms]
2023-03-21 10:00:53.887 [info] > git status -z -uall [75ms]
2023-03-21 10:00:58.927 [info] > git config --get commit.template [18ms]
2023-03-21 10:00:58.931 [info] > git for-each-ref --format=%(refname)%00%(upstream:short)%00%(objectname)%00%(upstream:track)%00%(upstream:remotename)%00%(upstream:remoteref) refs/heads/main refs/remotes/main [6ms]
2023-03-21 10:00:59.017 [info] > git status -z -uall [79ms]
2023-03-21 10:01:04.056 [info] > git config --get commit.template [16ms]
2023-03-21 10:01:04.060 [info] > git for-each-ref --format=%(refname)%00%(upstream:short)%00%(objectname)%00%(upstream:track)%00%(upstream:remotename)%00%(upstream:remoteref) refs/heads/main refs/remotes/main [6ms]
2023-03-21 10:01:04.201 [info] > git status -z -uall [133ms]
2023-03-21 10:01:30.241 [info] > git config --get commit.template [1ms]
2023-03-21 10:01:30.248 [info] > git for-each-ref --format=%(refname)%00%(upstream:short)%00%(objectname)%00%(upstream:track)%00%(upstream:remotename)%00%(upstream:remoteref) refs/heads/main refs/remotes/main [2ms]
2023-03-21 10:01:30.331 [info] > git status -z -uall [80ms]
2023-03-21 10:01:35.355 [info] > git config --get commit.template [5ms]
2023-03-21 10:01:35.356 [info] > git for-each-ref --format=%(refname)%00%(upstream:short)%00%(objectname)%00%(upstream:track)%00%(upstream:remotename)%00%(upstream:remoteref) refs/heads/main refs/remotes/main [2ms]
2023-03-21 10:01:35.455 [info] > git status -z -uall [95ms]
2023-03-21 10:01:51.226 [info] > git config --get commit.template [6ms]
2023-03-21 10:01:51.227 [info] > git for-each-ref --format=%(refname)%00%(upstream:short)%00%(objectname)%00%(upstream:track)%00%(upstream:remotename)%00%(upstream:remoteref) refs/heads/main refs/remotes/main [2ms]
2023-03-21 10:01:51.308 [info] > git status -z -uall [77ms]
2023-03-21 10:01:56.338 [info] > git config --get commit.template [14ms]
2023-03-21 10:01:56.341 [info] > git for-each-ref --format=%(refname)%00%(upstream:short)%00%(objectname)%00%(upstream:track)%00%(upstream:remotename)%00%(upstream:remoteref) refs/heads/main refs/remotes/main [6ms]
2023-03-21 10:01:56.446 [info] > git status -z -uall [95ms]
2023-03-21 10:02:01.485 [info] > git config --get commit.template [18ms]
2023-03-21 10:02:01.489 [info] > git for-each-ref --format=%(refname)%00%(upstream:short)%00%(objectname)%00%(upstream:track)%00%(upstream:remotename)%00%(upstream:remoteref) refs/heads/main refs/remotes/main [7ms]
2023-03-21 10:02:01.601 [info] > git status -z -uall [98ms]
2023-03-21 10:02:20.606 [info] > git config --get commit.template [1ms]
2023-03-21 10:02:20.611 [info] > git for-each-ref --format=%(refname)%00%(upstream:short)%00%(objectname)%00%(upstream:track)%00%(upstream:remotename)%00%(upstream:remoteref) refs/heads/main refs/remotes/main [2ms]
2023-03-21 10:02:20.687 [info] > git status -z -uall [72ms]
2023-03-21 10:02:25.725 [info] > git config --get commit.template [18ms]
2023-03-21 10:02:25.726 [info] > git for-each-ref --format=%(refname)%00%(upstream:short)%00%(objectname)%00%(upstream:track)%00%(upstream:remotename)%00%(upstream:remoteref) refs/heads/main refs/remotes/main [6ms]
2023-03-21 10:02:25.837 [info] > git status -z -uall [100ms]
2023-03-21 10:05:16.233 [info] > git config --get commit.template [6ms]
2023-03-21 10:05:16.234 [info] > git for-each-ref --format=%(refname)%00%(upstream:short)%00%(objectname)%00%(upstream:track)%00%(upstream:remotename)%00%(upstream:remoteref) refs/heads/main refs/remotes/main [2ms]
2023-03-21 10:05:16.309 [info] > git status -z -uall [72ms]
2023-03-21 10:05:21.322 [info] > git config --get commit.template [1ms]
2023-03-21 10:05:21.328 [info] > git for-each-ref --format=%(refname)%00%(upstream:short)%00%(objectname)%00%(upstream:track)%00%(upstream:remotename)%00%(upstream:remoteref) refs/heads/main refs/remotes/main [2ms]
2023-03-21 10:05:21.429 [info] > git status -z -uall [95ms]
2023-03-21 10:05:26.457 [info] > git config --get commit.template [13ms]
2023-03-21 10:05:26.460 [info] > git for-each-ref --format=%(refname)%00%(upstream:short)%00%(objectname)%00%(upstream:track)%00%(upstream:remotename)%00%(upstream:remoteref) refs/heads/main refs/remotes/main [4ms]
2023-03-21 10:05:26.561 [info] > git status -z -uall [89ms]
2023-03-21 10:05:31.594 [info] > git config --get commit.template [14ms]
2023-03-21 10:05:31.597 [info] > git for-each-ref --format=%(refname)%00%(upstream:short)%00%(objectname)%00%(upstream:track)%00%(upstream:remotename)%00%(upstream:remoteref) refs/heads/main refs/remotes/main [4ms]
2023-03-21 10:05:31.705 [info] > git status -z -uall [99ms]
2023-03-21 10:05:36.725 [info] > git config --get commit.template [7ms]
2023-03-21 10:05:36.725 [info] > git for-each-ref --format=%(refname)%00%(upstream:short)%00%(objectname)%00%(upstream:track)%00%(upstream:remotename)%00%(upstream:remoteref) refs/heads/main refs/remotes/main [2ms]
2023-03-21 10:05:36.805 [info] > git status -z -uall [75ms]
2023-03-21 10:05:52.055 [info] > git config --get commit.template [8ms]
2023-03-21 10:05:52.056 [info] > git for-each-ref --format=%(refname)%00%(upstream:short)%00%(objectname)%00%(upstream:track)%00%(upstream:remotename)%00%(upstream:remoteref) refs/heads/main refs/remotes/main [2ms]
2023-03-21 10:05:52.135 [info] > git status -z -uall [75ms]
2023-03-21 10:05:57.172 [info] > git config --get commit.template [15ms]
2023-03-21 10:05:57.175 [info] > git for-each-ref --format=%(refname)%00%(upstream:short)%00%(objectname)%00%(upstream:track)%00%(upstream:remotename)%00%(upstream:remoteref) refs/heads/main refs/remotes/main [4ms]
2023-03-21 10:05:57.261 [info] > git status -z -uall [79ms]
2023-03-21 10:06:02.288 [info] > git config --get commit.template [11ms]
2023-03-21 10:06:02.291 [info] > git for-each-ref --format=%(refname)%00%(upstream:short)%00%(objectname)%00%(upstream:track)%00%(upstream:remotename)%00%(upstream:remoteref) refs/heads/main refs/remotes/main [5ms]
2023-03-21 10:06:02.388 [info] > git status -z -uall [87ms]
2023-03-21 10:06:26.991 [info] > git config --get commit.template [5ms]
2023-03-21 10:06:26.992 [info] > git for-each-ref --format=%(refname)%00%(upstream:short)%00%(objectname)%00%(upstream:track)%00%(upstream:remotename)%00%(upstream:remoteref) refs/heads/main refs/remotes/main [1ms]
2023-03-21 10:06:27.071 [info] > git status -z -uall [75ms]
