2023-03-20 09:46:45.040 [info] Log level: Info
2023-03-20 09:46:45.040 [info] Validating found git in: "git"
2023-03-20 09:46:45.040 [info] Using git "2.40.0" from "git"
2023-03-20 09:46:45.040 [info] > git rev-parse --show-toplevel [38ms]
2023-03-20 09:46:45.040 [info] > git rev-parse --git-dir --git-common-dir [1ms]
2023-03-20 09:46:45.040 [info] Open repository: /home/brantellah
2023-03-20 09:46:45.040 [info] > git rev-parse --show-toplevel [59ms]
2023-03-20 09:46:45.040 [info] > git rev-parse --show-toplevel [4ms]
2023-03-20 09:46:45.040 [info] > git config --get commit.template [21ms]
2023-03-20 09:46:45.040 [info] > git rev-parse --show-toplevel [2ms]
2023-03-20 09:46:45.040 [info] > git rev-parse --show-toplevel [8ms]
2023-03-20 09:46:45.040 [info] > git for-each-ref --format=%(refname)%00%(upstream:short)%00%(objectname)%00%(upstream:track)%00%(upstream:remotename)%00%(upstream:remoteref) refs/heads/main refs/remotes/main [10ms]
2023-03-20 09:46:45.040 [info] > git rev-parse --show-toplevel [9ms]
2023-03-20 09:46:45.040 [info] > git rev-parse --git-dir --git-common-dir [1ms]
2023-03-20 09:46:45.040 [info] Open repository: /home/brantellah/.nvm
2023-03-20 09:46:45.040 [info] > git rev-parse --show-toplevel [10ms]
2023-03-20 09:46:45.040 [info] > git config --get commit.template [7ms]
2023-03-20 09:46:45.040 [info] > git rev-parse --git-dir --git-common-dir [12ms]
2023-03-20 09:46:45.040 [info] Open repository: /home/brantellah/.rbenv
2023-03-20 09:46:45.040 [info] > git rev-parse --show-toplevel [6ms]
2023-03-20 09:46:45.040 [info] > git for-each-ref --format %(refname) %(objectname) %(*objectname) refs/tags [27ms]
2023-03-20 09:46:45.040 [info] > git rev-parse --show-toplevel [10ms]
2023-03-20 09:46:45.040 [info] > git config --get commit.template [21ms]
2023-03-20 09:46:45.040 [info] > git rev-parse --show-toplevel [3ms]
2023-03-20 09:46:45.040 [info] > git rev-parse --show-toplevel [3ms]
2023-03-20 09:46:45.040 [info] > git rev-parse --show-toplevel [2ms]
2023-03-20 09:46:45.040 [info] > git status -z -uall [27ms]
2023-03-20 09:46:45.040 [info] > git rev-parse --show-toplevel [20ms]
2023-03-20 09:46:45.040 [info] > git rev-parse --git-dir --git-common-dir [9ms]
2023-03-20 09:46:45.040 [info] Open repository: /home/brantellah/phase-0-git-basics-lab
2023-03-20 09:46:45.040 [info] > git config --get commit.template [34ms]
2023-03-20 09:46:45.040 [info] > git for-each-ref --format=%(refname)%00%(upstream:short)%00%(objectname)%00%(upstream:track)%00%(upstream:remotename)%00%(upstream:remoteref) refs/heads/master refs/remotes/master [61ms]
2023-03-20 09:46:45.040 [info] > git status -z -uall [13ms]
2023-03-20 09:46:45.058 [info] > git for-each-ref --format %(refname) %(objectname) %(*objectname) refs/tags [19ms]
2023-03-20 09:46:45.068 [info] > git config --get commit.template [33ms]
2023-03-20 09:46:45.074 [info] > git status -z -uall [6ms]
2023-03-20 09:46:45.074 [info] > git config --get commit.template [21ms]
2023-03-20 09:46:45.081 [info] > git for-each-ref --format=%(refname)%00%(upstream:short)%00%(objectname)%00%(upstream:track)%00%(upstream:remotename)%00%(upstream:remoteref) refs/heads/master refs/remotes/master [8ms]
2023-03-20 09:46:45.086 [info] > git for-each-ref --format=%(refname)%00%(upstream:short)%00%(objectname)%00%(upstream:track)%00%(upstream:remotename)%00%(upstream:remoteref) refs/heads/master refs/remotes/master [6ms]
2023-03-20 09:46:45.093 [info] > git status -z -uall [8ms]
2023-03-20 09:46:45.093 [info] > git status -z -uall [3ms]
2023-03-20 09:46:45.184 [info] > git status -z -uall [317ms]
2023-03-20 09:46:45.197 [info] > git config --get commit.template [5ms]
2023-03-20 09:46:45.198 [info] > git for-each-ref --format=%(refname)%00%(upstream:short)%00%(objectname)%00%(upstream:track)%00%(upstream:remotename)%00%(upstream:remoteref) refs/heads/main refs/remotes/main [2ms]
2023-03-20 09:46:45.295 [info] > git status -z -uall [94ms]
2023-03-20 09:46:45.298 [info] > git check-ignore -v -z --stdin [19ms]
2023-03-20 09:46:45.651 [info] > git show --textconv :index.html [29ms]
2023-03-20 09:46:45.652 [info] > git ls-files --stage -- /home/brantellah/index.html [25ms]
2023-03-20 09:46:45.656 [info] > git cat-file -s eba6cb1dc11bb2c69088f390e2b6f5288bc64b7b [1ms]
2023-03-20 09:46:48.555 [info] > git config --get commit.template [4ms]
2023-03-20 09:46:48.565 [info] > git for-each-ref --format=%(refname)%00%(upstream:short)%00%(objectname)%00%(upstream:track)%00%(upstream:remotename)%00%(upstream:remoteref) refs/heads/main refs/remotes/main [3ms]
2023-03-20 09:46:48.666 [info] > git status -z -uall [94ms]
2023-03-20 09:46:53.701 [info] > git config --get commit.template [14ms]
2023-03-20 09:46:53.702 [info] > git for-each-ref --format=%(refname)%00%(upstream:short)%00%(objectname)%00%(upstream:track)%00%(upstream:remotename)%00%(upstream:remoteref) refs/heads/main refs/remotes/main [4ms]
2023-03-20 09:46:53.808 [info] > git status -z -uall [96ms]
2023-03-20 09:46:58.829 [info] > git config --get commit.template [3ms]
2023-03-20 09:46:58.837 [info] > git for-each-ref --format=%(refname)%00%(upstream:short)%00%(objectname)%00%(upstream:track)%00%(upstream:remotename)%00%(upstream:remoteref) refs/heads/main refs/remotes/main [3ms]
2023-03-20 09:46:58.911 [info] > git status -z -uall [71ms]
2023-03-20 09:47:03.927 [info] > git config --get commit.template [2ms]
2023-03-20 09:47:03.938 [info] > git for-each-ref --format=%(refname)%00%(upstream:short)%00%(objectname)%00%(upstream:track)%00%(upstream:remotename)%00%(upstream:remoteref) refs/heads/main refs/remotes/main [3ms]
2023-03-20 09:47:04.035 [info] > git status -z -uall [90ms]
2023-03-20 09:47:04.171 [info] > git check-ignore -v -z --stdin [12ms]
2023-03-20 09:47:07.195 [info] > git show --textconv :test.html [18ms]
2023-03-20 09:47:07.205 [info] > git ls-files --stage -- /home/brantellah/test.html [17ms]
2023-03-20 09:47:09.058 [info] > git config --get commit.template [4ms]
2023-03-20 09:47:09.076 [info] > git for-each-ref --format=%(refname)%00%(upstream:short)%00%(objectname)%00%(upstream:track)%00%(upstream:remotename)%00%(upstream:remoteref) refs/heads/main refs/remotes/main [5ms]
2023-03-20 09:47:09.172 [info] > git status -z -uall [86ms]
2023-03-20 09:47:14.198 [info] > git config --get commit.template [3ms]
2023-03-20 09:47:14.212 [info] > git for-each-ref --format=%(refname)%00%(upstream:short)%00%(objectname)%00%(upstream:track)%00%(upstream:remotename)%00%(upstream:remoteref) refs/heads/main refs/remotes/main [3ms]
2023-03-20 09:47:14.318 [info] > git status -z -uall [96ms]
2023-03-20 09:47:19.348 [info] > git config --get commit.template [13ms]
2023-03-20 09:47:19.351 [info] > git for-each-ref --format=%(refname)%00%(upstream:short)%00%(objectname)%00%(upstream:track)%00%(upstream:remotename)%00%(upstream:remoteref) refs/heads/main refs/remotes/main [5ms]
2023-03-20 09:47:19.454 [info] > git status -z -uall [94ms]
2023-03-20 09:47:50.140 [info] > git config --get commit.template [7ms]
2023-03-20 09:47:50.140 [info] > git for-each-ref --format=%(refname)%00%(upstream:short)%00%(objectname)%00%(upstream:track)%00%(upstream:remotename)%00%(upstream:remoteref) refs/heads/main refs/remotes/main [2ms]
2023-03-20 09:47:50.211 [info] > git status -z -uall [67ms]
2023-03-20 09:47:55.229 [info] > git config --get commit.template [5ms]
2023-03-20 09:47:55.230 [info] > git for-each-ref --format=%(refname)%00%(upstream:short)%00%(objectname)%00%(upstream:track)%00%(upstream:remotename)%00%(upstream:remoteref) refs/heads/main refs/remotes/main [1ms]
2023-03-20 09:47:55.328 [info] > git status -z -uall [94ms]
2023-03-20 09:48:00.358 [info] > git config --get commit.template [13ms]
2023-03-20 09:48:00.360 [info] > git for-each-ref --format=%(refname)%00%(upstream:short)%00%(objectname)%00%(upstream:track)%00%(upstream:remotename)%00%(upstream:remoteref) refs/heads/main refs/remotes/main [4ms]
2023-03-20 09:48:00.471 [info] > git status -z -uall [102ms]
2023-03-20 09:48:05.493 [info] > git config --get commit.template [4ms]
2023-03-20 09:48:05.508 [info] > git for-each-ref --format=%(refname)%00%(upstream:short)%00%(objectname)%00%(upstream:track)%00%(upstream:remotename)%00%(upstream:remoteref) refs/heads/main refs/remotes/main [4ms]
2023-03-20 09:48:05.617 [info] > git status -z -uall [90ms]
2023-03-20 09:48:10.656 [info] > git config --get commit.template [17ms]
2023-03-20 09:48:10.657 [info] > git for-each-ref --format=%(refname)%00%(upstream:short)%00%(objectname)%00%(upstream:track)%00%(upstream:remotename)%00%(upstream:remoteref) refs/heads/main refs/remotes/main [7ms]
2023-03-20 09:48:10.765 [info] > git status -z -uall [100ms]
2023-03-20 09:48:15.795 [info] > git config --get commit.template [12ms]
2023-03-20 09:48:15.796 [info] > git for-each-ref --format=%(refname)%00%(upstream:short)%00%(objectname)%00%(upstream:track)%00%(upstream:remotename)%00%(upstream:remoteref) refs/heads/main refs/remotes/main [3ms]
2023-03-20 09:48:15.939 [info] > git status -z -uall [112ms]
2023-03-20 09:48:20.974 [info] > git config --get commit.template [16ms]
2023-03-20 09:48:20.978 [info] > git for-each-ref --format=%(refname)%00%(upstream:short)%00%(objectname)%00%(upstream:track)%00%(upstream:remotename)%00%(upstream:remoteref) refs/heads/main refs/remotes/main [5ms]
2023-03-20 09:48:21.092 [info] > git status -z -uall [87ms]
2023-03-20 09:48:26.126 [info] > git config --get commit.template [15ms]
2023-03-20 09:48:26.130 [info] > git for-each-ref --format=%(refname)%00%(upstream:short)%00%(objectname)%00%(upstream:track)%00%(upstream:remotename)%00%(upstream:remoteref) refs/heads/main refs/remotes/main [5ms]
2023-03-20 09:48:26.250 [info] > git status -z -uall [91ms]
2023-03-20 09:48:31.280 [info] > git config --get commit.template [12ms]
2023-03-20 09:48:31.281 [info] > git for-each-ref --format=%(refname)%00%(upstream:short)%00%(objectname)%00%(upstream:track)%00%(upstream:remotename)%00%(upstream:remoteref) refs/heads/main refs/remotes/main [3ms]
2023-03-20 09:48:31.396 [info] > git status -z -uall [106ms]
2023-03-20 09:48:36.439 [info] > git config --get commit.template [19ms]
2023-03-20 09:48:36.441 [info] > git for-each-ref --format=%(refname)%00%(upstream:short)%00%(objectname)%00%(upstream:track)%00%(upstream:remotename)%00%(upstream:remoteref) refs/heads/main refs/remotes/main [5ms]
2023-03-20 09:48:36.637 [info] > git status -z -uall [162ms]
2023-03-20 09:48:41.676 [info] > git config --get commit.template [17ms]
2023-03-20 09:48:41.679 [info] > git for-each-ref --format=%(refname)%00%(upstream:short)%00%(objectname)%00%(upstream:track)%00%(upstream:remotename)%00%(upstream:remoteref) refs/heads/main refs/remotes/main [5ms]
2023-03-20 09:48:41.776 [info] > git status -z -uall [86ms]
2023-03-20 09:48:46.815 [info] > git config --get commit.template [15ms]
2023-03-20 09:48:46.818 [info] > git for-each-ref --format=%(refname)%00%(upstream:short)%00%(objectname)%00%(upstream:track)%00%(upstream:remotename)%00%(upstream:remoteref) refs/heads/main refs/remotes/main [5ms]
2023-03-20 09:48:46.928 [info] > git status -z -uall [99ms]
2023-03-20 09:48:51.970 [info] > git config --get commit.template [19ms]
2023-03-20 09:48:51.972 [info] > git for-each-ref --format=%(refname)%00%(upstream:short)%00%(objectname)%00%(upstream:track)%00%(upstream:remotename)%00%(upstream:remoteref) refs/heads/main refs/remotes/main [4ms]
2023-03-20 09:48:52.067 [info] > git status -z -uall [85ms]
2023-03-20 09:48:57.101 [info] > git config --get commit.template [16ms]
2023-03-20 09:48:57.104 [info] > git for-each-ref --format=%(refname)%00%(upstream:short)%00%(objectname)%00%(upstream:track)%00%(upstream:remotename)%00%(upstream:remoteref) refs/heads/main refs/remotes/main [4ms]
2023-03-20 09:48:57.204 [info] > git status -z -uall [90ms]
2023-03-20 09:49:02.229 [info] > git config --get commit.template [6ms]
2023-03-20 09:49:02.230 [info] > git for-each-ref --format=%(refname)%00%(upstream:short)%00%(objectname)%00%(upstream:track)%00%(upstream:remotename)%00%(upstream:remoteref) refs/heads/main refs/remotes/main [2ms]
2023-03-20 09:49:02.313 [info] > git status -z -uall [80ms]
2023-03-20 09:49:40.281 [info] > git config --get commit.template [6ms]
2023-03-20 09:49:40.282 [info] > git for-each-ref --format=%(refname)%00%(upstream:short)%00%(objectname)%00%(upstream:track)%00%(upstream:remotename)%00%(upstream:remoteref) refs/heads/main refs/remotes/main [1ms]
2023-03-20 09:49:40.354 [info] > git status -z -uall [69ms]
2023-03-20 09:49:45.386 [info] > git config --get commit.template [13ms]
2023-03-20 09:49:45.388 [info] > git for-each-ref --format=%(refname)%00%(upstream:short)%00%(objectname)%00%(upstream:track)%00%(upstream:remotename)%00%(upstream:remoteref) refs/heads/main refs/remotes/main [4ms]
2023-03-20 09:49:45.489 [info] > git status -z -uall [90ms]
2023-03-20 09:49:50.506 [info] > git config --get commit.template [6ms]
2023-03-20 09:49:50.507 [info] > git for-each-ref --format=%(refname)%00%(upstream:short)%00%(objectname)%00%(upstream:track)%00%(upstream:remotename)%00%(upstream:remoteref) refs/heads/main refs/remotes/main [2ms]
2023-03-20 09:49:50.608 [info] > git status -z -uall [95ms]
2023-03-20 09:49:55.637 [info] > git config --get commit.template [14ms]
2023-03-20 09:49:55.640 [info] > git for-each-ref --format=%(refname)%00%(upstream:short)%00%(objectname)%00%(upstream:track)%00%(upstream:remotename)%00%(upstream:remoteref) refs/heads/main refs/remotes/main [4ms]
2023-03-20 09:49:55.746 [info] > git status -z -uall [95ms]
2023-03-20 09:50:00.775 [info] > git config --get commit.template [13ms]
2023-03-20 09:50:00.777 [info] > git for-each-ref --format=%(refname)%00%(upstream:short)%00%(objectname)%00%(upstream:track)%00%(upstream:remotename)%00%(upstream:remoteref) refs/heads/main refs/remotes/main [4ms]
2023-03-20 09:50:00.893 [info] > git status -z -uall [106ms]
2023-03-20 09:50:05.917 [info] > git config --get commit.template [3ms]
2023-03-20 09:50:05.930 [info] > git for-each-ref --format=%(refname)%00%(upstream:short)%00%(objectname)%00%(upstream:track)%00%(upstream:remotename)%00%(upstream:remoteref) refs/heads/main refs/remotes/main [3ms]
2023-03-20 09:50:06.059 [info] > git status -z -uall [119ms]
2023-03-20 09:50:27.311 [info] > git config --get commit.template [2ms]
2023-03-20 09:50:27.317 [info] > git for-each-ref --format=%(refname)%00%(upstream:short)%00%(objectname)%00%(upstream:track)%00%(upstream:remotename)%00%(upstream:remoteref) refs/heads/main refs/remotes/main [1ms]
2023-03-20 09:50:27.393 [info] > git status -z -uall [73ms]
2023-03-20 09:50:32.423 [info] > git config --get commit.template [12ms]
2023-03-20 09:50:32.425 [info] > git for-each-ref --format=%(refname)%00%(upstream:short)%00%(objectname)%00%(upstream:track)%00%(upstream:remotename)%00%(upstream:remoteref) refs/heads/main refs/remotes/main [4ms]
2023-03-20 09:50:32.540 [info] > git status -z -uall [106ms]
2023-03-20 09:50:37.571 [info] > git config --get commit.template [13ms]
2023-03-20 09:50:37.574 [info] > git for-each-ref --format=%(refname)%00%(upstream:short)%00%(objectname)%00%(upstream:track)%00%(upstream:remotename)%00%(upstream:remoteref) refs/heads/main refs/remotes/main [4ms]
2023-03-20 09:50:37.680 [info] > git status -z -uall [96ms]
2023-03-20 09:50:54.082 [info] > git config --get commit.template [8ms]
2023-03-20 09:50:54.082 [info] > git for-each-ref --format=%(refname)%00%(upstream:short)%00%(objectname)%00%(upstream:track)%00%(upstream:remotename)%00%(upstream:remoteref) refs/heads/main refs/remotes/main [1ms]
2023-03-20 09:50:54.160 [info] > git status -z -uall [74ms]
2023-03-20 09:50:59.186 [info] > git config --get commit.template [9ms]
2023-03-20 09:50:59.187 [info] > git for-each-ref --format=%(refname)%00%(upstream:short)%00%(objectname)%00%(upstream:track)%00%(upstream:remotename)%00%(upstream:remoteref) refs/heads/main refs/remotes/main [4ms]
2023-03-20 09:50:59.282 [info] > git status -z -uall [87ms]
2023-03-20 09:51:04.317 [info] > git config --get commit.template [15ms]
2023-03-20 09:51:04.321 [info] > git for-each-ref --format=%(refname)%00%(upstream:short)%00%(objectname)%00%(upstream:track)%00%(upstream:remotename)%00%(upstream:remoteref) refs/heads/main refs/remotes/main [5ms]
2023-03-20 09:51:04.539 [info] > git status -z -uall [207ms]
2023-03-20 09:51:09.569 [info] > git config --get commit.template [14ms]
2023-03-20 09:51:09.571 [info] > git for-each-ref --format=%(refname)%00%(upstream:short)%00%(objectname)%00%(upstream:track)%00%(upstream:remotename)%00%(upstream:remoteref) refs/heads/main refs/remotes/main [4ms]
2023-03-20 09:51:09.681 [info] > git status -z -uall [100ms]
2023-03-20 09:51:12.255 [info] > git show --textconv HEAD:index.html [12ms]
2023-03-20 09:51:12.259 [info] > git ls-tree -l HEAD -- /home/brantellah/index.html [5ms]
2023-03-20 09:51:14.704 [info] > git config --get commit.template [6ms]
2023-03-20 09:51:14.718 [info] > git for-each-ref --format=%(refname)%00%(upstream:short)%00%(objectname)%00%(upstream:track)%00%(upstream:remotename)%00%(upstream:remoteref) refs/heads/main refs/remotes/main [3ms]
2023-03-20 09:51:14.821 [info] > git status -z -uall [95ms]
2023-03-20 09:52:00.012 [info] > git config --get commit.template [6ms]
2023-03-20 09:52:00.014 [info] > git for-each-ref --format=%(refname)%00%(upstream:short)%00%(objectname)%00%(upstream:track)%00%(upstream:remotename)%00%(upstream:remoteref) refs/heads/main refs/remotes/main [1ms]
2023-03-20 09:52:00.092 [info] > git status -z -uall [74ms]
2023-03-20 09:52:05.127 [info] > git config --get commit.template [14ms]
2023-03-20 09:52:05.129 [info] > git for-each-ref --format=%(refname)%00%(upstream:short)%00%(objectname)%00%(upstream:track)%00%(upstream:remotename)%00%(upstream:remoteref) refs/heads/main refs/remotes/main [4ms]
2023-03-20 09:52:05.229 [info] > git status -z -uall [89ms]
2023-03-20 09:52:10.265 [info] > git config --get commit.template [17ms]
2023-03-20 09:52:10.266 [info] > git for-each-ref --format=%(refname)%00%(upstream:short)%00%(objectname)%00%(upstream:track)%00%(upstream:remotename)%00%(upstream:remoteref) refs/heads/main refs/remotes/main [7ms]
2023-03-20 09:52:10.360 [info] > git status -z -uall [83ms]
2023-03-20 09:52:43.830 [info] > git config --get commit.template [7ms]
2023-03-20 09:52:43.831 [info] > git for-each-ref --format=%(refname)%00%(upstream:short)%00%(objectname)%00%(upstream:track)%00%(upstream:remotename)%00%(upstream:remoteref) refs/heads/main refs/remotes/main [1ms]
2023-03-20 09:52:43.908 [info] > git status -z -uall [73ms]
2023-03-20 09:52:48.929 [info] > git config --get commit.template [2ms]
2023-03-20 09:52:48.944 [info] > git for-each-ref --format=%(refname)%00%(upstream:short)%00%(objectname)%00%(upstream:track)%00%(upstream:remotename)%00%(upstream:remoteref) refs/heads/main refs/remotes/main [4ms]
2023-03-20 09:52:49.132 [info] > git status -z -uall [177ms]
2023-03-20 09:52:54.168 [info] > git config --get commit.template [15ms]
2023-03-20 09:52:54.170 [info] > git for-each-ref --format=%(refname)%00%(upstream:short)%00%(objectname)%00%(upstream:track)%00%(upstream:remotename)%00%(upstream:remoteref) refs/heads/main refs/remotes/main [4ms]
2023-03-20 09:52:54.273 [info] > git status -z -uall [92ms]
2023-03-20 09:52:59.312 [info] > git config --get commit.template [17ms]
2023-03-20 09:52:59.315 [info] > git for-each-ref --format=%(refname)%00%(upstream:short)%00%(objectname)%00%(upstream:track)%00%(upstream:remotename)%00%(upstream:remoteref) refs/heads/main refs/remotes/main [5ms]
2023-03-20 09:52:59.411 [info] > git status -z -uall [87ms]
2023-03-20 09:53:04.441 [info] > git config --get commit.template [12ms]
2023-03-20 09:53:04.444 [info] > git for-each-ref --format=%(refname)%00%(upstream:short)%00%(objectname)%00%(upstream:track)%00%(upstream:remotename)%00%(upstream:remoteref) refs/heads/main refs/remotes/main [4ms]
2023-03-20 09:53:04.552 [info] > git status -z -uall [99ms]
2023-03-20 09:53:09.574 [info] > git config --get commit.template [4ms]
2023-03-20 09:53:09.591 [info] > git for-each-ref --format=%(refname)%00%(upstream:short)%00%(objectname)%00%(upstream:track)%00%(upstream:remotename)%00%(upstream:remoteref) refs/heads/main refs/remotes/main [5ms]
2023-03-20 09:53:09.710 [info] > git status -z -uall [108ms]
2023-03-20 09:53:14.725 [info] > git config --get commit.template [1ms]
2023-03-20 09:53:14.730 [info] > git for-each-ref --format=%(refname)%00%(upstream:short)%00%(objectname)%00%(upstream:track)%00%(upstream:remotename)%00%(upstream:remoteref) refs/heads/main refs/remotes/main [2ms]
2023-03-20 09:53:14.814 [info] > git status -z -uall [80ms]
2023-03-20 09:53:19.835 [info] > git config --get commit.template [2ms]
2023-03-20 09:53:19.849 [info] > git for-each-ref --format=%(refname)%00%(upstream:short)%00%(objectname)%00%(upstream:track)%00%(upstream:remotename)%00%(upstream:remoteref) refs/heads/main refs/remotes/main [4ms]
2023-03-20 09:53:19.950 [info] > git status -z -uall [92ms]
2023-03-20 09:53:24.966 [info] > git config --get commit.template [6ms]
2023-03-20 09:53:24.967 [info] > git for-each-ref --format=%(refname)%00%(upstream:short)%00%(objectname)%00%(upstream:track)%00%(upstream:remotename)%00%(upstream:remoteref) refs/heads/main refs/remotes/main [1ms]
2023-03-20 09:53:25.058 [info] > git status -z -uall [87ms]
2023-03-20 09:53:30.097 [info] > git config --get commit.template [18ms]
2023-03-20 09:53:30.098 [info] > git for-each-ref --format=%(refname)%00%(upstream:short)%00%(objectname)%00%(upstream:track)%00%(upstream:remotename)%00%(upstream:remoteref) refs/heads/main refs/remotes/main [5ms]
2023-03-20 09:53:30.197 [info] > git status -z -uall [91ms]
2023-03-20 09:53:35.230 [info] > git config --get commit.template [14ms]
2023-03-20 09:53:35.232 [info] > git for-each-ref --format=%(refname)%00%(upstream:short)%00%(objectname)%00%(upstream:track)%00%(upstream:remotename)%00%(upstream:remoteref) refs/heads/main refs/remotes/main [4ms]
2023-03-20 09:53:35.326 [info] > git status -z -uall [84ms]
2023-03-20 09:53:40.357 [info] > git config --get commit.template [13ms]
2023-03-20 09:53:40.359 [info] > git for-each-ref --format=%(refname)%00%(upstream:short)%00%(objectname)%00%(upstream:track)%00%(upstream:remotename)%00%(upstream:remoteref) refs/heads/main refs/remotes/main [4ms]
2023-03-20 09:53:40.466 [info] > git status -z -uall [96ms]
2023-03-20 09:53:54.564 [info] > git config --get commit.template [2ms]
2023-03-20 09:53:54.572 [info] > git for-each-ref --format=%(refname)%00%(upstream:short)%00%(objectname)%00%(upstream:track)%00%(upstream:remotename)%00%(upstream:remoteref) refs/heads/main refs/remotes/main [2ms]
2023-03-20 09:53:54.651 [info] > git status -z -uall [74ms]
2023-03-20 09:53:59.681 [info] > git config --get commit.template [12ms]
2023-03-20 09:53:59.684 [info] > git for-each-ref --format=%(refname)%00%(upstream:short)%00%(objectname)%00%(upstream:track)%00%(upstream:remotename)%00%(upstream:remoteref) refs/heads/main refs/remotes/main [4ms]
2023-03-20 09:53:59.782 [info] > git status -z -uall [88ms]
2023-03-20 09:54:26.122 [info] > git config --get commit.template [2ms]
2023-03-20 09:54:26.130 [info] > git for-each-ref --format=%(refname)%00%(upstream:short)%00%(objectname)%00%(upstream:track)%00%(upstream:remotename)%00%(upstream:remoteref) refs/heads/main refs/remotes/main [2ms]
2023-03-20 09:54:26.203 [info] > git status -z -uall [69ms]
2023-03-20 09:54:31.236 [info] > git config --get commit.template [14ms]
2023-03-20 09:54:31.238 [info] > git for-each-ref --format=%(refname)%00%(upstream:short)%00%(objectname)%00%(upstream:track)%00%(upstream:remotename)%00%(upstream:remoteref) refs/heads/main refs/remotes/main [4ms]
2023-03-20 09:54:31.419 [info] > git status -z -uall [170ms]
2023-03-20 09:54:36.442 [info] > git config --get commit.template [3ms]
2023-03-20 09:54:36.457 [info] > git for-each-ref --format=%(refname)%00%(upstream:short)%00%(objectname)%00%(upstream:track)%00%(upstream:remotename)%00%(upstream:remoteref) refs/heads/main refs/remotes/main [4ms]
2023-03-20 09:54:36.558 [info] > git status -z -uall [92ms]
2023-03-20 09:54:41.593 [info] > git config --get commit.template [14ms]
2023-03-20 09:54:41.596 [info] > git for-each-ref --format=%(refname)%00%(upstream:short)%00%(objectname)%00%(upstream:track)%00%(upstream:remotename)%00%(upstream:remoteref) refs/heads/main refs/remotes/main [4ms]
2023-03-20 09:54:41.685 [info] > git status -z -uall [83ms]
2023-03-20 09:54:46.718 [info] > git config --get commit.template [15ms]
2023-03-20 09:54:46.721 [info] > git for-each-ref --format=%(refname)%00%(upstream:short)%00%(objectname)%00%(upstream:track)%00%(upstream:remotename)%00%(upstream:remoteref) refs/heads/main refs/remotes/main [5ms]
2023-03-20 09:54:46.850 [info] > git status -z -uall [119ms]
2023-03-20 09:54:51.881 [info] > git config --get commit.template [12ms]
2023-03-20 09:54:51.884 [info] > git for-each-ref --format=%(refname)%00%(upstream:short)%00%(objectname)%00%(upstream:track)%00%(upstream:remotename)%00%(upstream:remoteref) refs/heads/main refs/remotes/main [3ms]
2023-03-20 09:54:51.977 [info] > git status -z -uall [82ms]
2023-03-20 09:55:03.847 [info] > git config --get commit.template [2ms]
2023-03-20 09:55:03.853 [info] > git for-each-ref --format=%(refname)%00%(upstream:short)%00%(objectname)%00%(upstream:track)%00%(upstream:remotename)%00%(upstream:remoteref) refs/heads/main refs/remotes/main [1ms]
2023-03-20 09:55:03.927 [info] > git status -z -uall [69ms]
2023-03-20 09:55:08.950 [info] > git config --get commit.template [3ms]
2023-03-20 09:55:08.964 [info] > git for-each-ref --format=%(refname)%00%(upstream:short)%00%(objectname)%00%(upstream:track)%00%(upstream:remotename)%00%(upstream:remoteref) refs/heads/main refs/remotes/main [3ms]
2023-03-20 09:55:09.063 [info] > git status -z -uall [87ms]
2023-03-20 09:55:14.096 [info] > git config --get commit.template [13ms]
2023-03-20 09:55:14.098 [info] > git for-each-ref --format=%(refname)%00%(upstream:short)%00%(objectname)%00%(upstream:track)%00%(upstream:remotename)%00%(upstream:remoteref) refs/heads/main refs/remotes/main [4ms]
2023-03-20 09:55:14.213 [info] > git status -z -uall [104ms]
2023-03-20 09:55:19.232 [info] > git config --get commit.template [1ms]
2023-03-20 09:55:19.239 [info] > git for-each-ref --format=%(refname)%00%(upstream:short)%00%(objectname)%00%(upstream:track)%00%(upstream:remotename)%00%(upstream:remoteref) refs/heads/main refs/remotes/main [1ms]
2023-03-20 09:55:19.331 [info] > git status -z -uall [87ms]
2023-03-20 09:55:24.343 [info] > git config --get commit.template [1ms]
2023-03-20 09:55:24.349 [info] > git for-each-ref --format=%(refname)%00%(upstream:short)%00%(objectname)%00%(upstream:track)%00%(upstream:remotename)%00%(upstream:remoteref) refs/heads/main refs/remotes/main [2ms]
2023-03-20 09:55:24.430 [info] > git status -z -uall [77ms]
2023-03-20 09:55:29.463 [info] > git config --get commit.template [12ms]
2023-03-20 09:55:29.464 [info] > git for-each-ref --format=%(refname)%00%(upstream:short)%00%(objectname)%00%(upstream:track)%00%(upstream:remotename)%00%(upstream:remoteref) refs/heads/main refs/remotes/main [4ms]
2023-03-20 09:55:29.570 [info] > git status -z -uall [97ms]
2023-03-20 09:55:34.585 [info] > git config --get commit.template [1ms]
2023-03-20 09:55:34.592 [info] > git for-each-ref --format=%(refname)%00%(upstream:short)%00%(objectname)%00%(upstream:track)%00%(upstream:remotename)%00%(upstream:remoteref) refs/heads/main refs/remotes/main [2ms]
2023-03-20 09:55:34.693 [info] > git status -z -uall [95ms]
2023-03-20 09:55:39.730 [info] > git config --get commit.template [15ms]
2023-03-20 09:55:39.731 [info] > git for-each-ref --format=%(refname)%00%(upstream:short)%00%(objectname)%00%(upstream:track)%00%(upstream:remotename)%00%(upstream:remoteref) refs/heads/main refs/remotes/main [4ms]
2023-03-20 09:55:39.842 [info] > git status -z -uall [100ms]
2023-03-20 09:55:44.882 [info] > git config --get commit.template [13ms]
2023-03-20 09:55:44.884 [info] > git for-each-ref --format=%(refname)%00%(upstream:short)%00%(objectname)%00%(upstream:track)%00%(upstream:remotename)%00%(upstream:remoteref) refs/heads/main refs/remotes/main [3ms]
2023-03-20 09:55:44.973 [info] > git status -z -uall [82ms]
2023-03-20 09:55:50.004 [info] > git config --get commit.template [10ms]
2023-03-20 09:55:50.006 [info] > git for-each-ref --format=%(refname)%00%(upstream:short)%00%(objectname)%00%(upstream:track)%00%(upstream:remotename)%00%(upstream:remoteref) refs/heads/main refs/remotes/main [3ms]
2023-03-20 09:55:50.096 [info] > git status -z -uall [82ms]
2023-03-20 09:55:55.116 [info] > git config --get commit.template [8ms]
2023-03-20 09:55:55.117 [info] > git for-each-ref --format=%(refname)%00%(upstream:short)%00%(objectname)%00%(upstream:track)%00%(upstream:remotename)%00%(upstream:remoteref) refs/heads/main refs/remotes/main [3ms]
2023-03-20 09:55:55.218 [info] > git status -z -uall [94ms]
2023-03-20 09:56:00.238 [info] > git config --get commit.template [6ms]
2023-03-20 09:56:00.238 [info] > git for-each-ref --format=%(refname)%00%(upstream:short)%00%(objectname)%00%(upstream:track)%00%(upstream:remotename)%00%(upstream:remoteref) refs/heads/main refs/remotes/main [3ms]
2023-03-20 09:56:00.348 [info] > git status -z -uall [106ms]
2023-03-20 09:56:05.383 [info] > git config --get commit.template [15ms]
2023-03-20 09:56:05.384 [info] > git for-each-ref --format=%(refname)%00%(upstream:short)%00%(objectname)%00%(upstream:track)%00%(upstream:remotename)%00%(upstream:remoteref) refs/heads/main refs/remotes/main [4ms]
2023-03-20 09:56:05.473 [info] > git status -z -uall [80ms]
2023-03-20 09:56:10.503 [info] > git config --get commit.template [13ms]
2023-03-20 09:56:10.505 [info] > git for-each-ref --format=%(refname)%00%(upstream:short)%00%(objectname)%00%(upstream:track)%00%(upstream:remotename)%00%(upstream:remoteref) refs/heads/main refs/remotes/main [4ms]
2023-03-20 09:56:10.617 [info] > git status -z -uall [104ms]
2023-03-20 09:56:15.647 [info] > git config --get commit.template [11ms]
2023-03-20 09:56:15.649 [info] > git for-each-ref --format=%(refname)%00%(upstream:short)%00%(objectname)%00%(upstream:track)%00%(upstream:remotename)%00%(upstream:remoteref) refs/heads/main refs/remotes/main [4ms]
2023-03-20 09:56:15.767 [info] > git status -z -uall [107ms]
2023-03-20 09:56:35.194 [info] > git config --get commit.template [4ms]
2023-03-20 09:56:35.195 [info] > git for-each-ref --format=%(refname)%00%(upstream:short)%00%(objectname)%00%(upstream:track)%00%(upstream:remotename)%00%(upstream:remoteref) refs/heads/main refs/remotes/main [1ms]
2023-03-20 09:56:35.272 [info] > git status -z -uall [74ms]
2023-03-20 09:56:40.304 [info] > git config --get commit.template [11ms]
2023-03-20 09:56:40.305 [info] > git for-each-ref --format=%(refname)%00%(upstream:short)%00%(objectname)%00%(upstream:track)%00%(upstream:remotename)%00%(upstream:remoteref) refs/heads/main refs/remotes/main [2ms]
2023-03-20 09:56:40.392 [info] > git status -z -uall [81ms]
2023-03-20 09:56:45.430 [info] > git config --get commit.template [14ms]
2023-03-20 09:56:45.431 [info] > git for-each-ref --format=%(refname)%00%(upstream:short)%00%(objectname)%00%(upstream:track)%00%(upstream:remotename)%00%(upstream:remoteref) refs/heads/main refs/remotes/main [4ms]
2023-03-20 09:56:45.542 [info] > git status -z -uall [100ms]
2023-03-20 09:56:50.558 [info] > git config --get commit.template [1ms]
2023-03-20 09:56:50.564 [info] > git for-each-ref --format=%(refname)%00%(upstream:short)%00%(objectname)%00%(upstream:track)%00%(upstream:remotename)%00%(upstream:remoteref) refs/heads/main refs/remotes/main [1ms]
2023-03-20 09:56:50.654 [info] > git status -z -uall [86ms]
2023-03-20 09:56:55.683 [info] > git config --get commit.template [12ms]
2023-03-20 09:56:55.686 [info] > git for-each-ref --format=%(refname)%00%(upstream:short)%00%(objectname)%00%(upstream:track)%00%(upstream:remotename)%00%(upstream:remoteref) refs/heads/main refs/remotes/main [4ms]
2023-03-20 09:56:55.782 [info] > git status -z -uall [85ms]
2023-03-20 09:57:00.804 [info] > git config --get commit.template [4ms]
2023-03-20 09:57:00.819 [info] > git for-each-ref --format=%(refname)%00%(upstream:short)%00%(objectname)%00%(upstream:track)%00%(upstream:remotename)%00%(upstream:remoteref) refs/heads/main refs/remotes/main [3ms]
2023-03-20 09:57:00.915 [info] > git status -z -uall [89ms]
2023-03-20 09:57:05.951 [info] > git config --get commit.template [17ms]
2023-03-20 09:57:05.953 [info] > git for-each-ref --format=%(refname)%00%(upstream:short)%00%(objectname)%00%(upstream:track)%00%(upstream:remotename)%00%(upstream:remoteref) refs/heads/main refs/remotes/main [3ms]
2023-03-20 09:57:06.039 [info] > git status -z -uall [73ms]
2023-03-20 09:57:15.710 [info] > git config --get commit.template [8ms]
2023-03-20 09:57:15.711 [info] > git for-each-ref --format=%(refname)%00%(upstream:short)%00%(objectname)%00%(upstream:track)%00%(upstream:remotename)%00%(upstream:remoteref) refs/heads/main refs/remotes/main [1ms]
2023-03-20 09:57:15.787 [info] > git status -z -uall [73ms]
2023-03-20 09:57:20.820 [info] > git config --get commit.template [14ms]
2023-03-20 09:57:20.821 [info] > git for-each-ref --format=%(refname)%00%(upstream:short)%00%(objectname)%00%(upstream:track)%00%(upstream:remotename)%00%(upstream:remoteref) refs/heads/main refs/remotes/main [4ms]
2023-03-20 09:57:20.933 [info] > git status -z -uall [102ms]
2023-03-20 09:57:25.964 [info] > git config --get commit.template [13ms]
2023-03-20 09:57:25.966 [info] > git for-each-ref --format=%(refname)%00%(upstream:short)%00%(objectname)%00%(upstream:track)%00%(upstream:remotename)%00%(upstream:remoteref) refs/heads/main refs/remotes/main [5ms]
2023-03-20 09:57:26.068 [info] > git status -z -uall [91ms]
2023-03-20 09:57:31.093 [info] > git config --get commit.template [7ms]
2023-03-20 09:57:31.094 [info] > git for-each-ref --format=%(refname)%00%(upstream:short)%00%(objectname)%00%(upstream:track)%00%(upstream:remotename)%00%(upstream:remoteref) refs/heads/main refs/remotes/main [2ms]
2023-03-20 09:57:31.197 [info] > git status -z -uall [96ms]
2023-03-20 09:57:38.331 [info] > git config --get commit.template [7ms]
2023-03-20 09:57:38.332 [info] > git for-each-ref --format=%(refname)%00%(upstream:short)%00%(objectname)%00%(upstream:track)%00%(upstream:remotename)%00%(upstream:remoteref) refs/heads/main refs/remotes/main [2ms]
2023-03-20 09:57:38.405 [info] > git status -z -uall [69ms]
2023-03-20 09:57:43.417 [info] > git config --get commit.template [4ms]
2023-03-20 09:57:43.418 [info] > git for-each-ref --format=%(refname)%00%(upstream:short)%00%(objectname)%00%(upstream:track)%00%(upstream:remotename)%00%(upstream:remoteref) refs/heads/main refs/remotes/main [2ms]
2023-03-20 09:57:43.501 [info] > git status -z -uall [80ms]
2023-03-20 09:57:48.538 [info] > git config --get commit.template [17ms]
2023-03-20 09:57:48.540 [info] > git for-each-ref --format=%(refname)%00%(upstream:short)%00%(objectname)%00%(upstream:track)%00%(upstream:remotename)%00%(upstream:remoteref) refs/heads/main refs/remotes/main [4ms]
2023-03-20 09:57:48.634 [info] > git status -z -uall [85ms]
2023-03-20 09:57:53.665 [info] > git config --get commit.template [13ms]
2023-03-20 09:57:53.667 [info] > git for-each-ref --format=%(refname)%00%(upstream:short)%00%(objectname)%00%(upstream:track)%00%(upstream:remotename)%00%(upstream:remoteref) refs/heads/main refs/remotes/main [4ms]
2023-03-20 09:57:53.782 [info] > git status -z -uall [107ms]
2023-03-20 09:57:58.813 [info] > git config --get commit.template [14ms]
2023-03-20 09:57:58.815 [info] > git for-each-ref --format=%(refname)%00%(upstream:short)%00%(objectname)%00%(upstream:track)%00%(upstream:remotename)%00%(upstream:remoteref) refs/heads/main refs/remotes/main [4ms]
2023-03-20 09:57:58.913 [info] > git status -z -uall [88ms]
2023-03-20 09:58:03.934 [info] > git config --get commit.template [9ms]
2023-03-20 09:58:03.935 [info] > git for-each-ref --format=%(refname)%00%(upstream:short)%00%(objectname)%00%(upstream:track)%00%(upstream:remotename)%00%(upstream:remoteref) refs/heads/main refs/remotes/main [2ms]
2023-03-20 09:58:04.033 [info] > git status -z -uall [91ms]
2023-03-20 09:58:09.067 [info] > git config --get commit.template [13ms]
2023-03-20 09:58:09.071 [info] > git for-each-ref --format=%(refname)%00%(upstream:short)%00%(objectname)%00%(upstream:track)%00%(upstream:remotename)%00%(upstream:remoteref) refs/heads/main refs/remotes/main [5ms]
2023-03-20 09:58:09.167 [info] > git status -z -uall [85ms]
2023-03-20 09:58:14.205 [info] > git config --get commit.template [16ms]
2023-03-20 09:58:14.207 [info] > git for-each-ref --format=%(refname)%00%(upstream:short)%00%(objectname)%00%(upstream:track)%00%(upstream:remotename)%00%(upstream:remoteref) refs/heads/main refs/remotes/main [5ms]
2023-03-20 09:58:14.435 [info] > git status -z -uall [214ms]
2023-03-20 09:58:36.860 [info] > git config --get commit.template [3ms]
2023-03-20 09:58:36.868 [info] > git for-each-ref --format=%(refname)%00%(upstream:short)%00%(objectname)%00%(upstream:track)%00%(upstream:remotename)%00%(upstream:remoteref) refs/heads/main refs/remotes/main [2ms]
2023-03-20 09:58:36.945 [info] > git status -z -uall [72ms]
2023-03-20 09:58:41.981 [info] > git config --get commit.template [16ms]
2023-03-20 09:58:41.984 [info] > git for-each-ref --format=%(refname)%00%(upstream:short)%00%(objectname)%00%(upstream:track)%00%(upstream:remotename)%00%(upstream:remoteref) refs/heads/main refs/remotes/main [4ms]
2023-03-20 09:58:42.077 [info] > git status -z -uall [81ms]
2023-03-20 09:58:47.112 [info] > git config --get commit.template [14ms]
2023-03-20 09:58:47.115 [info] > git for-each-ref --format=%(refname)%00%(upstream:short)%00%(objectname)%00%(upstream:track)%00%(upstream:remotename)%00%(upstream:remoteref) refs/heads/main refs/remotes/main [4ms]
2023-03-20 09:58:47.227 [info] > git status -z -uall [101ms]
2023-03-20 09:58:52.263 [info] > git config --get commit.template [17ms]
2023-03-20 09:58:52.264 [info] > git for-each-ref --format=%(refname)%00%(upstream:short)%00%(objectname)%00%(upstream:track)%00%(upstream:remotename)%00%(upstream:remoteref) refs/heads/main refs/remotes/main [5ms]
2023-03-20 09:58:52.356 [info] > git status -z -uall [85ms]
2023-03-20 09:58:57.388 [info] > git config --get commit.template [12ms]
2023-03-20 09:58:57.389 [info] > git for-each-ref --format=%(refname)%00%(upstream:short)%00%(objectname)%00%(upstream:track)%00%(upstream:remotename)%00%(upstream:remoteref) refs/heads/main refs/remotes/main [2ms]
2023-03-20 09:58:57.480 [info] > git status -z -uall [85ms]
2023-03-20 09:59:02.513 [info] > git config --get commit.template [14ms]
2023-03-20 09:59:02.515 [info] > git for-each-ref --format=%(refname)%00%(upstream:short)%00%(objectname)%00%(upstream:track)%00%(upstream:remotename)%00%(upstream:remoteref) refs/heads/main refs/remotes/main [4ms]
2023-03-20 09:59:02.625 [info] > git status -z -uall [100ms]
2023-03-20 09:59:07.658 [info] > git config --get commit.template [13ms]
2023-03-20 09:59:07.660 [info] > git for-each-ref --format=%(refname)%00%(upstream:short)%00%(objectname)%00%(upstream:track)%00%(upstream:remotename)%00%(upstream:remoteref) refs/heads/main refs/remotes/main [5ms]
2023-03-20 09:59:07.766 [info] > git status -z -uall [96ms]
2023-03-20 09:59:12.799 [info] > git config --get commit.template [14ms]
2023-03-20 09:59:12.800 [info] > git for-each-ref --format=%(refname)%00%(upstream:short)%00%(objectname)%00%(upstream:track)%00%(upstream:remotename)%00%(upstream:remoteref) refs/heads/main refs/remotes/main [4ms]
2023-03-20 09:59:12.907 [info] > git status -z -uall [96ms]
2023-03-20 09:59:20.479 [info] > git config --get commit.template [5ms]
2023-03-20 09:59:20.480 [info] > git for-each-ref --format=%(refname)%00%(upstream:short)%00%(objectname)%00%(upstream:track)%00%(upstream:remotename)%00%(upstream:remoteref) refs/heads/main refs/remotes/main [2ms]
2023-03-20 09:59:20.558 [info] > git status -z -uall [74ms]
2023-03-20 09:59:25.586 [info] > git config --get commit.template [8ms]
2023-03-20 09:59:25.589 [info] > git for-each-ref --format=%(refname)%00%(upstream:short)%00%(objectname)%00%(upstream:track)%00%(upstream:remotename)%00%(upstream:remoteref) refs/heads/main refs/remotes/main [4ms]
2023-03-20 09:59:25.674 [info] > git status -z -uall [80ms]
2023-03-20 09:59:30.705 [info] > git config --get commit.template [14ms]
2023-03-20 09:59:30.708 [info] > git for-each-ref --format=%(refname)%00%(upstream:short)%00%(objectname)%00%(upstream:track)%00%(upstream:remotename)%00%(upstream:remoteref) refs/heads/main refs/remotes/main [4ms]
2023-03-20 09:59:30.825 [info] > git status -z -uall [106ms]
2023-03-20 09:59:35.860 [info] > git config --get commit.template [14ms]
2023-03-20 09:59:35.863 [info] > git for-each-ref --format=%(refname)%00%(upstream:short)%00%(objectname)%00%(upstream:track)%00%(upstream:remotename)%00%(upstream:remoteref) refs/heads/main refs/remotes/main [4ms]
2023-03-20 09:59:35.959 [info] > git status -z -uall [86ms]
2023-03-20 09:59:40.992 [info] > git config --get commit.template [14ms]
2023-03-20 09:59:40.995 [info] > git for-each-ref --format=%(refname)%00%(upstream:short)%00%(objectname)%00%(upstream:track)%00%(upstream:remotename)%00%(upstream:remoteref) refs/heads/main refs/remotes/main [4ms]
2023-03-20 09:59:41.097 [info] > git status -z -uall [92ms]
2023-03-20 09:59:46.127 [info] > git config --get commit.template [12ms]
2023-03-20 09:59:46.129 [info] > git for-each-ref --format=%(refname)%00%(upstream:short)%00%(objectname)%00%(upstream:track)%00%(upstream:remotename)%00%(upstream:remoteref) refs/heads/main refs/remotes/main [3ms]
2023-03-20 09:59:46.235 [info] > git status -z -uall [97ms]
2023-03-20 09:59:51.267 [info] > git config --get commit.template [13ms]
2023-03-20 09:59:51.269 [info] > git for-each-ref --format=%(refname)%00%(upstream:short)%00%(objectname)%00%(upstream:track)%00%(upstream:remotename)%00%(upstream:remoteref) refs/heads/main refs/remotes/main [5ms]
2023-03-20 09:59:51.381 [info] > git status -z -uall [101ms]
2023-03-20 10:00:06.642 [info] > git config --get commit.template [7ms]
2023-03-20 10:00:06.643 [info] > git for-each-ref --format=%(refname)%00%(upstream:short)%00%(objectname)%00%(upstream:track)%00%(upstream:remotename)%00%(upstream:remoteref) refs/heads/main refs/remotes/main [2ms]
2023-03-20 10:00:06.719 [info] > git status -z -uall [71ms]
2023-03-20 10:00:11.760 [info] > git config --get commit.template [16ms]
2023-03-20 10:00:11.761 [info] > git for-each-ref --format=%(refname)%00%(upstream:short)%00%(objectname)%00%(upstream:track)%00%(upstream:remotename)%00%(upstream:remoteref) refs/heads/main refs/remotes/main [4ms]
2023-03-20 10:00:11.859 [info] > git status -z -uall [85ms]
2023-03-20 10:00:16.894 [info] > git config --get commit.template [15ms]
2023-03-20 10:00:16.897 [info] > git for-each-ref --format=%(refname)%00%(upstream:short)%00%(objectname)%00%(upstream:track)%00%(upstream:remotename)%00%(upstream:remoteref) refs/heads/main refs/remotes/main [4ms]
2023-03-20 10:00:17.004 [info] > git status -z -uall [97ms]
2023-03-20 10:00:22.038 [info] > git config --get commit.template [16ms]
2023-03-20 10:00:22.042 [info] > git for-each-ref --format=%(refname)%00%(upstream:short)%00%(objectname)%00%(upstream:track)%00%(upstream:remotename)%00%(upstream:remoteref) refs/heads/main refs/remotes/main [5ms]
2023-03-20 10:00:22.288 [info] > git status -z -uall [234ms]
2023-03-20 10:00:27.311 [info] > git config --get commit.template [3ms]
2023-03-20 10:00:27.325 [info] > git for-each-ref --format=%(refname)%00%(upstream:short)%00%(objectname)%00%(upstream:track)%00%(upstream:remotename)%00%(upstream:remoteref) refs/heads/main refs/remotes/main [4ms]
2023-03-20 10:00:27.422 [info] > git status -z -uall [85ms]
2023-03-20 10:00:32.451 [info] > git config --get commit.template [12ms]
2023-03-20 10:00:32.453 [info] > git for-each-ref --format=%(refname)%00%(upstream:short)%00%(objectname)%00%(upstream:track)%00%(upstream:remotename)%00%(upstream:remoteref) refs/heads/main refs/remotes/main [4ms]
2023-03-20 10:00:32.559 [info] > git status -z -uall [97ms]
2023-03-20 10:00:37.589 [info] > git config --get commit.template [14ms]
2023-03-20 10:00:37.594 [info] > git for-each-ref --format=%(refname)%00%(upstream:short)%00%(objectname)%00%(upstream:track)%00%(upstream:remotename)%00%(upstream:remoteref) refs/heads/main refs/remotes/main [6ms]
2023-03-20 10:00:37.694 [info] > git status -z -uall [90ms]
2023-03-20 10:00:48.935 [info] > git config --get commit.template [10ms]
2023-03-20 10:00:48.935 [info] > git for-each-ref --format=%(refname)%00%(upstream:short)%00%(objectname)%00%(upstream:track)%00%(upstream:remotename)%00%(upstream:remoteref) refs/heads/main refs/remotes/main [1ms]
2023-03-20 10:00:49.011 [info] > git status -z -uall [71ms]
2023-03-20 10:00:54.029 [info] > git config --get commit.template [6ms]
2023-03-20 10:00:54.030 [info] > git for-each-ref --format=%(refname)%00%(upstream:short)%00%(objectname)%00%(upstream:track)%00%(upstream:remotename)%00%(upstream:remoteref) refs/heads/main refs/remotes/main [1ms]
2023-03-20 10:00:54.110 [info] > git status -z -uall [75ms]
2023-03-20 10:01:12.038 [info] > git config --get commit.template [2ms]
2023-03-20 10:01:12.044 [info] > git for-each-ref --format=%(refname)%00%(upstream:short)%00%(objectname)%00%(upstream:track)%00%(upstream:remotename)%00%(upstream:remoteref) refs/heads/main refs/remotes/main [1ms]
2023-03-20 10:01:12.122 [info] > git status -z -uall [71ms]
2023-03-20 10:01:17.153 [info] > git config --get commit.template [13ms]
2023-03-20 10:01:17.155 [info] > git for-each-ref --format=%(refname)%00%(upstream:short)%00%(objectname)%00%(upstream:track)%00%(upstream:remotename)%00%(upstream:remoteref) refs/heads/main refs/remotes/main [4ms]
2023-03-20 10:01:17.243 [info] > git status -z -uall [82ms]
2023-03-20 10:01:22.259 [info] > git config --get commit.template [5ms]
2023-03-20 10:01:22.260 [info] > git for-each-ref --format=%(refname)%00%(upstream:short)%00%(objectname)%00%(upstream:track)%00%(upstream:remotename)%00%(upstream:remoteref) refs/heads/main refs/remotes/main [2ms]
2023-03-20 10:01:22.356 [info] > git status -z -uall [92ms]
2023-03-20 10:01:27.373 [info] > git config --get commit.template [6ms]
2023-03-20 10:01:27.374 [info] > git for-each-ref --format=%(refname)%00%(upstream:short)%00%(objectname)%00%(upstream:track)%00%(upstream:remotename)%00%(upstream:remoteref) refs/heads/main refs/remotes/main [2ms]
2023-03-20 10:01:27.474 [info] > git status -z -uall [93ms]
2023-03-20 10:01:32.496 [info] > git config --get commit.template [9ms]
2023-03-20 10:01:32.498 [info] > git for-each-ref --format=%(refname)%00%(upstream:short)%00%(objectname)%00%(upstream:track)%00%(upstream:remotename)%00%(upstream:remoteref) refs/heads/main refs/remotes/main [4ms]
2023-03-20 10:01:32.601 [info] > git status -z -uall [95ms]
2023-03-20 10:01:37.620 [info] > git config --get commit.template [7ms]
2023-03-20 10:01:37.621 [info] > git for-each-ref --format=%(refname)%00%(upstream:short)%00%(objectname)%00%(upstream:track)%00%(upstream:remotename)%00%(upstream:remoteref) refs/heads/main refs/remotes/main [2ms]
2023-03-20 10:01:37.705 [info] > git status -z -uall [79ms]
2023-03-20 10:01:42.722 [info] > git config --get commit.template [2ms]
2023-03-20 10:01:42.728 [info] > git for-each-ref --format=%(refname)%00%(upstream:short)%00%(objectname)%00%(upstream:track)%00%(upstream:remotename)%00%(upstream:remoteref) refs/heads/main refs/remotes/main [2ms]
2023-03-20 10:01:42.806 [info] > git status -z -uall [72ms]
2023-03-20 10:01:47.835 [info] > git config --get commit.template [13ms]
2023-03-20 10:01:47.838 [info] > git for-each-ref --format=%(refname)%00%(upstream:short)%00%(objectname)%00%(upstream:track)%00%(upstream:remotename)%00%(upstream:remoteref) refs/heads/main refs/remotes/main [4ms]
2023-03-20 10:01:47.944 [info] > git status -z -uall [97ms]
2023-03-20 10:01:52.985 [info] > git config --get commit.template [22ms]
2023-03-20 10:01:52.987 [info] > git for-each-ref --format=%(refname)%00%(upstream:short)%00%(objectname)%00%(upstream:track)%00%(upstream:remotename)%00%(upstream:remoteref) refs/heads/main refs/remotes/main [8ms]
2023-03-20 10:01:53.072 [info] > git status -z -uall [78ms]
2023-03-20 10:01:58.102 [info] > git config --get commit.template [12ms]
2023-03-20 10:01:58.104 [info] > git for-each-ref --format=%(refname)%00%(upstream:short)%00%(objectname)%00%(upstream:track)%00%(upstream:remotename)%00%(upstream:remoteref) refs/heads/main refs/remotes/main [3ms]
2023-03-20 10:01:58.211 [info] > git status -z -uall [99ms]
2023-03-20 10:02:03.232 [info] > git config --get commit.template [8ms]
2023-03-20 10:02:03.233 [info] > git for-each-ref --format=%(refname)%00%(upstream:short)%00%(objectname)%00%(upstream:track)%00%(upstream:remotename)%00%(upstream:remoteref) refs/heads/main refs/remotes/main [3ms]
2023-03-20 10:02:03.338 [info] > git status -z -uall [99ms]
2023-03-20 10:02:08.370 [info] > git config --get commit.template [15ms]
2023-03-20 10:02:08.371 [info] > git for-each-ref --format=%(refname)%00%(upstream:short)%00%(objectname)%00%(upstream:track)%00%(upstream:remotename)%00%(upstream:remoteref) refs/heads/main refs/remotes/main [4ms]
2023-03-20 10:02:08.475 [info] > git status -z -uall [92ms]
2023-03-20 10:02:13.512 [info] > git config --get commit.template [18ms]
2023-03-20 10:02:13.514 [info] > git for-each-ref --format=%(refname)%00%(upstream:short)%00%(objectname)%00%(upstream:track)%00%(upstream:remotename)%00%(upstream:remoteref) refs/heads/main refs/remotes/main [5ms]
2023-03-20 10:02:13.621 [info] > git status -z -uall [94ms]
2023-03-20 10:02:18.643 [info] > git config --get commit.template [6ms]
2023-03-20 10:02:18.644 [info] > git for-each-ref --format=%(refname)%00%(upstream:short)%00%(objectname)%00%(upstream:track)%00%(upstream:remotename)%00%(upstream:remoteref) refs/heads/main refs/remotes/main [2ms]
2023-03-20 10:02:18.728 [info] > git status -z -uall [78ms]
2023-03-20 10:02:23.758 [info] > git config --get commit.template [14ms]
2023-03-20 10:02:23.761 [info] > git for-each-ref --format=%(refname)%00%(upstream:short)%00%(objectname)%00%(upstream:track)%00%(upstream:remotename)%00%(upstream:remoteref) refs/heads/main refs/remotes/main [4ms]
2023-03-20 10:02:23.876 [info] > git status -z -uall [105ms]
2023-03-20 10:02:28.905 [info] > git config --get commit.template [13ms]
2023-03-20 10:02:28.908 [info] > git for-each-ref --format=%(refname)%00%(upstream:short)%00%(objectname)%00%(upstream:track)%00%(upstream:remotename)%00%(upstream:remoteref) refs/heads/main refs/remotes/main [4ms]
2023-03-20 10:02:29.014 [info] > git status -z -uall [97ms]
2023-03-20 10:02:34.052 [info] > git config --get commit.template [16ms]
2023-03-20 10:02:34.057 [info] > git for-each-ref --format=%(refname)%00%(upstream:short)%00%(objectname)%00%(upstream:track)%00%(upstream:remotename)%00%(upstream:remoteref) refs/heads/main refs/remotes/main [5ms]
2023-03-20 10:02:34.143 [info] > git status -z -uall [77ms]
2023-03-20 10:02:39.179 [info] > git config --get commit.template [15ms]
2023-03-20 10:02:39.182 [info] > git for-each-ref --format=%(refname)%00%(upstream:short)%00%(objectname)%00%(upstream:track)%00%(upstream:remotename)%00%(upstream:remoteref) refs/heads/main refs/remotes/main [4ms]
2023-03-20 10:02:39.274 [info] > git status -z -uall [85ms]
2023-03-20 10:02:44.308 [info] > git config --get commit.template [14ms]
2023-03-20 10:02:44.311 [info] > git for-each-ref --format=%(refname)%00%(upstream:short)%00%(objectname)%00%(upstream:track)%00%(upstream:remotename)%00%(upstream:remoteref) refs/heads/main refs/remotes/main [4ms]
2023-03-20 10:02:44.509 [info] > git status -z -uall [187ms]
2023-03-20 10:02:49.539 [info] > git config --get commit.template [12ms]
2023-03-20 10:02:49.540 [info] > git for-each-ref --format=%(refname)%00%(upstream:short)%00%(objectname)%00%(upstream:track)%00%(upstream:remotename)%00%(upstream:remoteref) refs/heads/main refs/remotes/main [1ms]
2023-03-20 10:02:49.657 [info] > git status -z -uall [111ms]
2023-03-20 10:02:54.690 [info] > git config --get commit.template [13ms]
2023-03-20 10:02:54.693 [info] > git for-each-ref --format=%(refname)%00%(upstream:short)%00%(objectname)%00%(upstream:track)%00%(upstream:remotename)%00%(upstream:remoteref) refs/heads/main refs/remotes/main [4ms]
2023-03-20 10:02:54.806 [info] > git status -z -uall [102ms]
2023-03-20 10:02:59.819 [info] > git config --get commit.template [1ms]
2023-03-20 10:02:59.824 [info] > git for-each-ref --format=%(refname)%00%(upstream:short)%00%(objectname)%00%(upstream:track)%00%(upstream:remotename)%00%(upstream:remoteref) refs/heads/main refs/remotes/main [2ms]
2023-03-20 10:02:59.901 [info] > git status -z -uall [73ms]
2023-03-20 10:03:04.924 [info] > git config --get commit.template [6ms]
2023-03-20 10:03:04.925 [info] > git for-each-ref --format=%(refname)%00%(upstream:short)%00%(objectname)%00%(upstream:track)%00%(upstream:remotename)%00%(upstream:remoteref) refs/heads/main refs/remotes/main [2ms]
2023-03-20 10:03:05.003 [info] > git status -z -uall [75ms]
2023-03-20 10:03:10.032 [info] > git config --get commit.template [14ms]
2023-03-20 10:03:10.033 [info] > git for-each-ref --format=%(refname)%00%(upstream:short)%00%(objectname)%00%(upstream:track)%00%(upstream:remotename)%00%(upstream:remoteref) refs/heads/main refs/remotes/main [3ms]
2023-03-20 10:03:10.149 [info] > git status -z -uall [107ms]
2023-03-20 10:03:15.181 [info] > git config --get commit.template [13ms]
2023-03-20 10:03:15.183 [info] > git for-each-ref --format=%(refname)%00%(upstream:short)%00%(objectname)%00%(upstream:track)%00%(upstream:remotename)%00%(upstream:remoteref) refs/heads/main refs/remotes/main [4ms]
2023-03-20 10:03:15.288 [info] > git status -z -uall [95ms]
2023-03-20 10:03:20.317 [info] > git config --get commit.template [12ms]
2023-03-20 10:03:20.320 [info] > git for-each-ref --format=%(refname)%00%(upstream:short)%00%(objectname)%00%(upstream:track)%00%(upstream:remotename)%00%(upstream:remoteref) refs/heads/main refs/remotes/main [3ms]
2023-03-20 10:03:20.429 [info] > git status -z -uall [100ms]
2023-03-20 10:03:25.463 [info] > git config --get commit.template [14ms]
2023-03-20 10:03:25.464 [info] > git for-each-ref --format=%(refname)%00%(upstream:short)%00%(objectname)%00%(upstream:track)%00%(upstream:remotename)%00%(upstream:remoteref) refs/heads/main refs/remotes/main [4ms]
2023-03-20 10:03:25.588 [info] > git status -z -uall [114ms]
2023-03-20 10:03:48.656 [info] > git config --get commit.template [4ms]
2023-03-20 10:03:48.657 [info] > git for-each-ref --format=%(refname)%00%(upstream:short)%00%(objectname)%00%(upstream:track)%00%(upstream:remotename)%00%(upstream:remoteref) refs/heads/main refs/remotes/main [1ms]
2023-03-20 10:03:48.737 [info] > git status -z -uall [77ms]
2023-03-20 10:03:53.775 [info] > git config --get commit.template [16ms]
2023-03-20 10:03:53.777 [info] > git for-each-ref --format=%(refname)%00%(upstream:short)%00%(objectname)%00%(upstream:track)%00%(upstream:remotename)%00%(upstream:remoteref) refs/heads/main refs/remotes/main [5ms]
2023-03-20 10:03:53.876 [info] > git status -z -uall [85ms]
2023-03-20 10:03:58.897 [info] > git config --get commit.template [4ms]
2023-03-20 10:03:58.913 [info] > git for-each-ref --format=%(refname)%00%(upstream:short)%00%(objectname)%00%(upstream:track)%00%(upstream:remotename)%00%(upstream:remoteref) refs/heads/main refs/remotes/main [4ms]
2023-03-20 10:03:59.023 [info] > git status -z -uall [100ms]
2023-03-20 10:04:04.044 [info] > git config --get commit.template [4ms]
2023-03-20 10:04:04.058 [info] > git for-each-ref --format=%(refname)%00%(upstream:short)%00%(objectname)%00%(upstream:track)%00%(upstream:remotename)%00%(upstream:remoteref) refs/heads/main refs/remotes/main [4ms]
2023-03-20 10:04:04.174 [info] > git status -z -uall [106ms]
2023-03-20 10:04:09.210 [info] > git config --get commit.template [14ms]
2023-03-20 10:04:09.213 [info] > git for-each-ref --format=%(refname)%00%(upstream:short)%00%(objectname)%00%(upstream:track)%00%(upstream:remotename)%00%(upstream:remoteref) refs/heads/main refs/remotes/main [5ms]
2023-03-20 10:04:09.320 [info] > git status -z -uall [96ms]
2023-03-20 10:04:14.342 [info] > git config --get commit.template [5ms]
2023-03-20 10:04:14.343 [info] > git for-each-ref --format=%(refname)%00%(upstream:short)%00%(objectname)%00%(upstream:track)%00%(upstream:remotename)%00%(upstream:remoteref) refs/heads/main refs/remotes/main [2ms]
2023-03-20 10:04:14.416 [info] > git status -z -uall [69ms]
2023-03-20 10:05:01.072 [info] > git config --get commit.template [6ms]
2023-03-20 10:05:01.073 [info] > git for-each-ref --format=%(refname)%00%(upstream:short)%00%(objectname)%00%(upstream:track)%00%(upstream:remotename)%00%(upstream:remoteref) refs/heads/main refs/remotes/main [2ms]
2023-03-20 10:05:01.149 [info] > git status -z -uall [71ms]
2023-03-20 10:05:06.181 [info] > git config --get commit.template [15ms]
2023-03-20 10:05:06.185 [info] > git for-each-ref --format=%(refname)%00%(upstream:short)%00%(objectname)%00%(upstream:track)%00%(upstream:remotename)%00%(upstream:remoteref) refs/heads/main refs/remotes/main [5ms]
2023-03-20 10:05:06.290 [info] > git status -z -uall [95ms]
2023-03-20 10:05:11.323 [info] > git config --get commit.template [16ms]
2023-03-20 10:05:11.324 [info] > git for-each-ref --format=%(refname)%00%(upstream:short)%00%(objectname)%00%(upstream:track)%00%(upstream:remotename)%00%(upstream:remoteref) refs/heads/main refs/remotes/main [4ms]
2023-03-20 10:05:11.428 [info] > git status -z -uall [93ms]
2023-03-20 10:05:16.466 [info] > git config --get commit.template [16ms]
2023-03-20 10:05:16.469 [info] > git for-each-ref --format=%(refname)%00%(upstream:short)%00%(objectname)%00%(upstream:track)%00%(upstream:remotename)%00%(upstream:remoteref) refs/heads/main refs/remotes/main [6ms]
2023-03-20 10:05:16.706 [info] > git status -z -uall [223ms]
2023-03-20 10:05:21.732 [info] > git config --get commit.template [6ms]
2023-03-20 10:05:21.749 [info] > git for-each-ref --format=%(refname)%00%(upstream:short)%00%(objectname)%00%(upstream:track)%00%(upstream:remotename)%00%(upstream:remoteref) refs/heads/main refs/remotes/main [4ms]
2023-03-20 10:05:21.863 [info] > git status -z -uall [95ms]
2023-03-20 10:05:26.885 [info] > git config --get commit.template [10ms]
2023-03-20 10:05:26.887 [info] > git for-each-ref --format=%(refname)%00%(upstream:short)%00%(objectname)%00%(upstream:track)%00%(upstream:remotename)%00%(upstream:remoteref) refs/heads/main refs/remotes/main [2ms]
2023-03-20 10:05:26.995 [info] > git status -z -uall [101ms]
2023-03-20 10:05:32.021 [info] > git config --get commit.template [2ms]
2023-03-20 10:05:32.031 [info] > git for-each-ref --format=%(refname)%00%(upstream:short)%00%(objectname)%00%(upstream:track)%00%(upstream:remotename)%00%(upstream:remoteref) refs/heads/main refs/remotes/main [1ms]
2023-03-20 10:05:32.113 [info] > git status -z -uall [77ms]
2023-03-20 10:05:50.872 [info] > git config --get commit.template [10ms]
2023-03-20 10:05:50.874 [info] > git for-each-ref --format=%(refname)%00%(upstream:short)%00%(objectname)%00%(upstream:track)%00%(upstream:remotename)%00%(upstream:remoteref) refs/heads/main refs/remotes/main [3ms]
2023-03-20 10:05:50.952 [info] > git status -z -uall [72ms]
2023-03-20 10:05:55.982 [info] > git config --get commit.template [14ms]
2023-03-20 10:05:55.984 [info] > git for-each-ref --format=%(refname)%00%(upstream:short)%00%(objectname)%00%(upstream:track)%00%(upstream:remotename)%00%(upstream:remoteref) refs/heads/main refs/remotes/main [4ms]
2023-03-20 10:05:56.104 [info] > git status -z -uall [111ms]
2023-03-20 10:06:01.119 [info] > git config --get commit.template [5ms]
2023-03-20 10:06:01.120 [info] > git for-each-ref --format=%(refname)%00%(upstream:short)%00%(objectname)%00%(upstream:track)%00%(upstream:remotename)%00%(upstream:remoteref) refs/heads/main refs/remotes/main [1ms]
2023-03-20 10:06:01.216 [info] > git status -z -uall [92ms]
2023-03-20 10:06:27.981 [info] > git config --get commit.template [9ms]
2023-03-20 10:06:27.982 [info] > git for-each-ref --format=%(refname)%00%(upstream:short)%00%(objectname)%00%(upstream:track)%00%(upstream:remotename)%00%(upstream:remoteref) refs/heads/main refs/remotes/main [2ms]
2023-03-20 10:06:28.055 [info] > git status -z -uall [69ms]
2023-03-20 10:06:33.078 [info] > git config --get commit.template [3ms]
2023-03-20 10:06:33.092 [info] > git for-each-ref --format=%(refname)%00%(upstream:short)%00%(objectname)%00%(upstream:track)%00%(upstream:remotename)%00%(upstream:remoteref) refs/heads/main refs/remotes/main [4ms]
2023-03-20 10:06:33.196 [info] > git status -z -uall [94ms]
2023-03-20 10:06:38.228 [info] > git config --get commit.template [14ms]
2023-03-20 10:06:38.231 [info] > git for-each-ref --format=%(refname)%00%(upstream:short)%00%(objectname)%00%(upstream:track)%00%(upstream:remotename)%00%(upstream:remoteref) refs/heads/main refs/remotes/main [4ms]
2023-03-20 10:06:38.328 [info] > git status -z -uall [86ms]
2023-03-20 10:06:43.367 [info] > git config --get commit.template [21ms]
2023-03-20 10:06:43.369 [info] > git for-each-ref --format=%(refname)%00%(upstream:short)%00%(objectname)%00%(upstream:track)%00%(upstream:remotename)%00%(upstream:remoteref) refs/heads/main refs/remotes/main [5ms]
2023-03-20 10:06:43.461 [info] > git status -z -uall [85ms]
2023-03-20 10:06:48.495 [info] > git config --get commit.template [14ms]
2023-03-20 10:06:48.498 [info] > git for-each-ref --format=%(refname)%00%(upstream:short)%00%(objectname)%00%(upstream:track)%00%(upstream:remotename)%00%(upstream:remoteref) refs/heads/main refs/remotes/main [4ms]
2023-03-20 10:06:48.606 [info] > git status -z -uall [97ms]
2023-03-20 10:06:53.630 [info] > git config --get commit.template [4ms]
2023-03-20 10:06:53.646 [info] > git for-each-ref --format=%(refname)%00%(upstream:short)%00%(objectname)%00%(upstream:track)%00%(upstream:remotename)%00%(upstream:remoteref) refs/heads/main refs/remotes/main [4ms]
2023-03-20 10:06:53.752 [info] > git status -z -uall [96ms]
2023-03-20 10:06:58.783 [info] > git config --get commit.template [14ms]
2023-03-20 10:06:58.786 [info] > git for-each-ref --format=%(refname)%00%(upstream:short)%00%(objectname)%00%(upstream:track)%00%(upstream:remotename)%00%(upstream:remoteref) refs/heads/main refs/remotes/main [4ms]
2023-03-20 10:06:58.893 [info] > git status -z -uall [96ms]
2023-03-20 10:07:03.925 [info] > git config --get commit.template [12ms]
2023-03-20 10:07:03.927 [info] > git for-each-ref --format=%(refname)%00%(upstream:short)%00%(objectname)%00%(upstream:track)%00%(upstream:remotename)%00%(upstream:remoteref) refs/heads/main refs/remotes/main [3ms]
2023-03-20 10:07:04.023 [info] > git status -z -uall [90ms]
2023-03-20 10:07:09.053 [info] > git config --get commit.template [14ms]
2023-03-20 10:07:09.056 [info] > git for-each-ref --format=%(refname)%00%(upstream:short)%00%(objectname)%00%(upstream:track)%00%(upstream:remotename)%00%(upstream:remoteref) refs/heads/main refs/remotes/main [5ms]
2023-03-20 10:07:09.161 [info] > git status -z -uall [89ms]
2023-03-20 10:07:14.189 [info] > git config --get commit.template [15ms]
2023-03-20 10:07:14.192 [info] > git for-each-ref --format=%(refname)%00%(upstream:short)%00%(objectname)%00%(upstream:track)%00%(upstream:remotename)%00%(upstream:remoteref) refs/heads/main refs/remotes/main [4ms]
2023-03-20 10:07:14.317 [info] > git status -z -uall [115ms]
2023-03-20 10:07:38.535 [info] > git config --get commit.template [7ms]
2023-03-20 10:07:38.536 [info] > git for-each-ref --format=%(refname)%00%(upstream:short)%00%(objectname)%00%(upstream:track)%00%(upstream:remotename)%00%(upstream:remoteref) refs/heads/main refs/remotes/main [2ms]
2023-03-20 10:07:38.628 [info] > git status -z -uall [86ms]
2023-03-20 10:07:43.641 [info] > git config --get commit.template [1ms]
2023-03-20 10:07:43.649 [info] > git for-each-ref --format=%(refname)%00%(upstream:short)%00%(objectname)%00%(upstream:track)%00%(upstream:remotename)%00%(upstream:remoteref) refs/heads/main refs/remotes/main [2ms]
2023-03-20 10:07:43.734 [info] > git status -z -uall [80ms]
2023-03-20 10:07:48.765 [info] > git config --get commit.template [14ms]
2023-03-20 10:07:48.767 [info] > git for-each-ref --format=%(refname)%00%(upstream:short)%00%(objectname)%00%(upstream:track)%00%(upstream:remotename)%00%(upstream:remoteref) refs/heads/main refs/remotes/main [4ms]
2023-03-20 10:07:48.880 [info] > git status -z -uall [99ms]
2023-03-20 10:08:05.984 [info] > git config --get commit.template [4ms]
2023-03-20 10:08:05.985 [info] > git for-each-ref --format=%(refname)%00%(upstream:short)%00%(objectname)%00%(upstream:track)%00%(upstream:remotename)%00%(upstream:remoteref) refs/heads/main refs/remotes/main [2ms]
2023-03-20 10:08:06.058 [info] > git status -z -uall [69ms]
2023-03-20 10:08:11.095 [info] > git config --get commit.template [18ms]
2023-03-20 10:08:11.098 [info] > git for-each-ref --format=%(refname)%00%(upstream:short)%00%(objectname)%00%(upstream:track)%00%(upstream:remotename)%00%(upstream:remoteref) refs/heads/main refs/remotes/main [5ms]
2023-03-20 10:08:11.203 [info] > git status -z -uall [96ms]
2023-03-20 10:08:16.232 [info] > git config --get commit.template [11ms]
2023-03-20 10:08:16.233 [info] > git for-each-ref --format=%(refname)%00%(upstream:short)%00%(objectname)%00%(upstream:track)%00%(upstream:remotename)%00%(upstream:remoteref) refs/heads/main refs/remotes/main [2ms]
2023-03-20 10:08:16.309 [info] > git status -z -uall [71ms]
2023-03-20 10:08:21.342 [info] > git config --get commit.template [10ms]
2023-03-20 10:08:21.366 [info] > git for-each-ref --format=%(refname)%00%(upstream:short)%00%(objectname)%00%(upstream:track)%00%(upstream:remotename)%00%(upstream:remoteref) refs/heads/main refs/remotes/main [8ms]
2023-03-20 10:08:21.556 [info] > git status -z -uall [176ms]
2023-03-20 10:08:26.597 [info] > git for-each-ref --format=%(refname)%00%(upstream:short)%00%(objectname)%00%(upstream:track)%00%(upstream:remotename)%00%(upstream:remoteref) refs/heads/main refs/remotes/main [7ms]
2023-03-20 10:08:26.597 [info] > git config --get commit.template [19ms]
2023-03-20 10:08:26.694 [info] > git status -z -uall [86ms]
2023-03-20 10:08:31.710 [info] > git config --get commit.template [5ms]
2023-03-20 10:08:31.711 [info] > git for-each-ref --format=%(refname)%00%(upstream:short)%00%(objectname)%00%(upstream:track)%00%(upstream:remotename)%00%(upstream:remoteref) refs/heads/main refs/remotes/main [2ms]
2023-03-20 10:08:31.806 [info] > git status -z -uall [90ms]
2023-03-20 10:08:36.825 [info] > git config --get commit.template [6ms]
2023-03-20 10:08:36.826 [info] > git for-each-ref --format=%(refname)%00%(upstream:short)%00%(objectname)%00%(upstream:track)%00%(upstream:remotename)%00%(upstream:remoteref) refs/heads/main refs/remotes/main [1ms]
2023-03-20 10:08:36.923 [info] > git status -z -uall [92ms]
2023-03-20 10:08:41.940 [info] > git config --get commit.template [6ms]
2023-03-20 10:08:41.941 [info] > git for-each-ref --format=%(refname)%00%(upstream:short)%00%(objectname)%00%(upstream:track)%00%(upstream:remotename)%00%(upstream:remoteref) refs/heads/main refs/remotes/main [1ms]
2023-03-20 10:08:42.036 [info] > git status -z -uall [91ms]
2023-03-20 10:08:47.075 [info] > git config --get commit.template [17ms]
2023-03-20 10:08:47.078 [info] > git for-each-ref --format=%(refname)%00%(upstream:short)%00%(objectname)%00%(upstream:track)%00%(upstream:remotename)%00%(upstream:remoteref) refs/heads/main refs/remotes/main [4ms]
2023-03-20 10:08:47.177 [info] > git status -z -uall [89ms]
2023-03-20 10:08:52.210 [info] > git config --get commit.template [14ms]
2023-03-20 10:08:52.211 [info] > git for-each-ref --format=%(refname)%00%(upstream:short)%00%(objectname)%00%(upstream:track)%00%(upstream:remotename)%00%(upstream:remoteref) refs/heads/main refs/remotes/main [4ms]
2023-03-20 10:08:52.318 [info] > git status -z -uall [96ms]
2023-03-20 10:09:25.410 [info] > git config --get commit.template [8ms]
2023-03-20 10:09:25.410 [info] > git for-each-ref --format=%(refname)%00%(upstream:short)%00%(objectname)%00%(upstream:track)%00%(upstream:remotename)%00%(upstream:remoteref) refs/heads/main refs/remotes/main [2ms]
2023-03-20 10:09:25.489 [info] > git status -z -uall [73ms]
2023-03-20 10:09:30.528 [info] > git config --get commit.template [20ms]
2023-03-20 10:09:30.529 [info] > git for-each-ref --format=%(refname)%00%(upstream:short)%00%(objectname)%00%(upstream:track)%00%(upstream:remotename)%00%(upstream:remoteref) refs/heads/main refs/remotes/main [7ms]
2023-03-20 10:09:30.625 [info] > git status -z -uall [81ms]
2023-03-20 10:09:35.659 [info] > git config --get commit.template [15ms]
2023-03-20 10:09:35.661 [info] > git for-each-ref --format=%(refname)%00%(upstream:short)%00%(objectname)%00%(upstream:track)%00%(upstream:remotename)%00%(upstream:remoteref) refs/heads/main refs/remotes/main [4ms]
2023-03-20 10:09:35.758 [info] > git status -z -uall [87ms]
2023-03-20 10:09:40.776 [info] > git config --get commit.template [5ms]
2023-03-20 10:09:40.777 [info] > git for-each-ref --format=%(refname)%00%(upstream:short)%00%(objectname)%00%(upstream:track)%00%(upstream:remotename)%00%(upstream:remoteref) refs/heads/main refs/remotes/main [2ms]
2023-03-20 10:09:40.884 [info] > git status -z -uall [101ms]
2023-03-20 10:09:45.918 [info] > git for-each-ref --format=%(refname)%00%(upstream:short)%00%(objectname)%00%(upstream:track)%00%(upstream:remotename)%00%(upstream:remoteref) refs/heads/main refs/remotes/main [3ms]
2023-03-20 10:09:45.918 [info] > git config --get commit.template [17ms]
2023-03-20 10:09:46.022 [info] > git status -z -uall [94ms]
2023-03-20 10:09:51.041 [info] > git config --get commit.template [6ms]
2023-03-20 10:09:51.042 [info] > git for-each-ref --format=%(refname)%00%(upstream:short)%00%(objectname)%00%(upstream:track)%00%(upstream:remotename)%00%(upstream:remoteref) refs/heads/main refs/remotes/main [2ms]
2023-03-20 10:09:51.133 [info] > git status -z -uall [86ms]
2023-03-20 10:09:56.157 [info] > git config --get commit.template [5ms]
2023-03-20 10:09:56.157 [info] > git for-each-ref --format=%(refname)%00%(upstream:short)%00%(objectname)%00%(upstream:track)%00%(upstream:remotename)%00%(upstream:remoteref) refs/heads/main refs/remotes/main [1ms]
2023-03-20 10:09:56.249 [info] > git status -z -uall [88ms]
2023-03-20 10:10:01.266 [info] > git config --get commit.template [6ms]
2023-03-20 10:10:01.267 [info] > git for-each-ref --format=%(refname)%00%(upstream:short)%00%(objectname)%00%(upstream:track)%00%(upstream:remotename)%00%(upstream:remoteref) refs/heads/main refs/remotes/main [2ms]
2023-03-20 10:10:01.392 [info] > git status -z -uall [118ms]
2023-03-20 10:10:06.425 [info] > git config --get commit.template [13ms]
2023-03-20 10:10:06.427 [info] > git for-each-ref --format=%(refname)%00%(upstream:short)%00%(objectname)%00%(upstream:track)%00%(upstream:remotename)%00%(upstream:remoteref) refs/heads/main refs/remotes/main [3ms]
2023-03-20 10:10:06.534 [info] > git status -z -uall [98ms]
2023-03-20 10:10:11.554 [info] > git config --get commit.template [8ms]
2023-03-20 10:10:11.556 [info] > git for-each-ref --format=%(refname)%00%(upstream:short)%00%(objectname)%00%(upstream:track)%00%(upstream:remotename)%00%(upstream:remoteref) refs/heads/main refs/remotes/main [3ms]
2023-03-20 10:10:11.647 [info] > git status -z -uall [85ms]
2023-03-20 10:10:16.675 [info] > git for-each-ref --format=%(refname)%00%(upstream:short)%00%(objectname)%00%(upstream:track)%00%(upstream:remotename)%00%(upstream:remoteref) refs/heads/main refs/remotes/main [3ms]
2023-03-20 10:10:16.675 [info] > git config --get commit.template [16ms]
2023-03-20 10:10:16.783 [info] > git status -z -uall [100ms]
2023-03-20 10:10:21.813 [info] > git config --get commit.template [13ms]
2023-03-20 10:10:21.815 [info] > git for-each-ref --format=%(refname)%00%(upstream:short)%00%(objectname)%00%(upstream:track)%00%(upstream:remotename)%00%(upstream:remoteref) refs/heads/main refs/remotes/main [3ms]
2023-03-20 10:10:21.932 [info] > git status -z -uall [107ms]
2023-03-20 10:10:26.970 [info] > git config --get commit.template [14ms]
2023-03-20 10:10:26.973 [info] > git for-each-ref --format=%(refname)%00%(upstream:short)%00%(objectname)%00%(upstream:track)%00%(upstream:remotename)%00%(upstream:remoteref) refs/heads/main refs/remotes/main [5ms]
2023-03-20 10:10:27.076 [info] > git status -z -uall [92ms]
2023-03-20 10:10:32.099 [info] > git config --get commit.template [4ms]
2023-03-20 10:10:32.113 [info] > git for-each-ref --format=%(refname)%00%(upstream:short)%00%(objectname)%00%(upstream:track)%00%(upstream:remotename)%00%(upstream:remoteref) refs/heads/main refs/remotes/main [3ms]
2023-03-20 10:10:32.193 [info] > git status -z -uall [73ms]
2023-03-20 10:10:37.227 [info] > git for-each-ref --format=%(refname)%00%(upstream:short)%00%(objectname)%00%(upstream:track)%00%(upstream:remotename)%00%(upstream:remoteref) refs/heads/main refs/remotes/main [2ms]
2023-03-20 10:10:37.227 [info] > git config --get commit.template [19ms]
2023-03-20 10:10:37.322 [info] > git status -z -uall [84ms]
2023-03-20 10:10:47.433 [info] > git config --get commit.template [4ms]
2023-03-20 10:10:47.434 [info] > git for-each-ref --format=%(refname)%00%(upstream:short)%00%(objectname)%00%(upstream:track)%00%(upstream:remotename)%00%(upstream:remoteref) refs/heads/main refs/remotes/main [1ms]
2023-03-20 10:10:47.511 [info] > git status -z -uall [73ms]
2023-03-20 10:10:52.546 [info] > git config --get commit.template [16ms]
2023-03-20 10:10:52.548 [info] > git for-each-ref --format=%(refname)%00%(upstream:short)%00%(objectname)%00%(upstream:track)%00%(upstream:remotename)%00%(upstream:remoteref) refs/heads/main refs/remotes/main [5ms]
2023-03-20 10:10:52.646 [info] > git status -z -uall [88ms]
2023-03-20 10:10:57.681 [info] > git config --get commit.template [14ms]
2023-03-20 10:10:57.683 [info] > git for-each-ref --format=%(refname)%00%(upstream:short)%00%(objectname)%00%(upstream:track)%00%(upstream:remotename)%00%(upstream:remoteref) refs/heads/main refs/remotes/main [4ms]
2023-03-20 10:10:57.788 [info] > git status -z -uall [94ms]
2023-03-20 10:11:02.809 [info] > git config --get commit.template [6ms]
2023-03-20 10:11:02.810 [info] > git for-each-ref --format=%(refname)%00%(upstream:short)%00%(objectname)%00%(upstream:track)%00%(upstream:remotename)%00%(upstream:remoteref) refs/heads/main refs/remotes/main [2ms]
2023-03-20 10:11:02.895 [info] > git status -z -uall [82ms]
2023-03-20 10:11:07.930 [info] > git config --get commit.template [14ms]
2023-03-20 10:11:07.932 [info] > git for-each-ref --format=%(refname)%00%(upstream:short)%00%(objectname)%00%(upstream:track)%00%(upstream:remotename)%00%(upstream:remoteref) refs/heads/main refs/remotes/main [4ms]
2023-03-20 10:11:08.048 [info] > git status -z -uall [106ms]
2023-03-20 10:11:41.577 [info] > git config --get commit.template [9ms]
2023-03-20 10:11:41.580 [info] > git for-each-ref --format=%(refname)%00%(upstream:short)%00%(objectname)%00%(upstream:track)%00%(upstream:remotename)%00%(upstream:remoteref) refs/heads/main refs/remotes/main [4ms]
2023-03-20 10:11:41.662 [info] > git status -z -uall [78ms]
2023-03-20 10:11:46.676 [info] > git config --get commit.template [6ms]
2023-03-20 10:11:46.677 [info] > git for-each-ref --format=%(refname)%00%(upstream:short)%00%(objectname)%00%(upstream:track)%00%(upstream:remotename)%00%(upstream:remoteref) refs/heads/main refs/remotes/main [1ms]
2023-03-20 10:11:46.784 [info] > git status -z -uall [99ms]
2023-03-20 10:11:51.806 [info] > git config --get commit.template [12ms]
2023-03-20 10:11:51.809 [info] > git for-each-ref --format=%(refname)%00%(upstream:short)%00%(objectname)%00%(upstream:track)%00%(upstream:remotename)%00%(upstream:remoteref) refs/heads/main refs/remotes/main [5ms]
2023-03-20 10:11:51.929 [info] > git status -z -uall [108ms]
2023-03-20 10:11:56.957 [info] > git config --get commit.template [11ms]
2023-03-20 10:11:56.959 [info] > git for-each-ref --format=%(refname)%00%(upstream:short)%00%(objectname)%00%(upstream:track)%00%(upstream:remotename)%00%(upstream:remoteref) refs/heads/main refs/remotes/main [4ms]
2023-03-20 10:11:57.069 [info] > git status -z -uall [102ms]
2023-03-20 10:12:01.834 [info] > git ls-files --stage -- /home/brantellah/index.html [6ms]
2023-03-20 10:12:01.838 [info] > git ls-files --stage -- /home/brantellah/test.html [7ms]
2023-03-20 10:12:01.842 [info] > git cat-file -s 37da31aa668c742366976c4c1d3b50627844b31f [5ms]
2023-03-20 10:12:01.843 [info] > git cat-file -s 4282a7a081067dcce6678ea18d4023084838c288 [2ms]
2023-03-20 10:12:01.869 [info] > git show --textconv :index.html [14ms]
2023-03-20 10:12:01.869 [info] > git show --textconv :test.html [1ms]
2023-03-20 10:12:02.100 [info] > git config --get commit.template [15ms]
2023-03-20 10:12:02.101 [info] > git for-each-ref --format=%(refname)%00%(upstream:short)%00%(objectname)%00%(upstream:track)%00%(upstream:remotename)%00%(upstream:remoteref) refs/heads/main refs/remotes/main [4ms]
2023-03-20 10:12:02.257 [info] > git status -z -uall [143ms]
2023-03-20 10:12:07.288 [info] > git config --get commit.template [12ms]
2023-03-20 10:12:07.290 [info] > git for-each-ref --format=%(refname)%00%(upstream:short)%00%(objectname)%00%(upstream:track)%00%(upstream:remotename)%00%(upstream:remoteref) refs/heads/main refs/remotes/main [3ms]
2023-03-20 10:12:07.431 [info] > git status -z -uall [110ms]
2023-03-20 10:12:12.452 [info] > git config --get commit.template [9ms]
2023-03-20 10:12:12.453 [info] > git for-each-ref --format=%(refname)%00%(upstream:short)%00%(objectname)%00%(upstream:track)%00%(upstream:remotename)%00%(upstream:remoteref) refs/heads/main refs/remotes/main [2ms]
2023-03-20 10:12:12.549 [info] > git status -z -uall [89ms]
2023-03-20 10:12:17.578 [info] > git config --get commit.template [12ms]
2023-03-20 10:12:17.581 [info] > git for-each-ref --format=%(refname)%00%(upstream:short)%00%(objectname)%00%(upstream:track)%00%(upstream:remotename)%00%(upstream:remoteref) refs/heads/main refs/remotes/main [4ms]
2023-03-20 10:12:17.684 [info] > git status -z -uall [94ms]
2023-03-20 10:12:22.715 [info] > git config --get commit.template [12ms]
2023-03-20 10:12:22.717 [info] > git for-each-ref --format=%(refname)%00%(upstream:short)%00%(objectname)%00%(upstream:track)%00%(upstream:remotename)%00%(upstream:remoteref) refs/heads/main refs/remotes/main [4ms]
2023-03-20 10:12:22.829 [info] > git status -z -uall [103ms]
2023-03-20 10:12:24.711 [info] > git ls-files --stage -- /home/brantellah/index.html [19ms]
2023-03-20 10:12:24.723 [info] > git ls-files --stage -- /home/brantellah/test.html [20ms]
2023-03-20 10:12:24.731 [info] > git cat-file -s 37da31aa668c742366976c4c1d3b50627844b31f [10ms]
2023-03-20 10:12:24.732 [info] > git cat-file -s 4282a7a081067dcce6678ea18d4023084838c288 [2ms]
2023-03-20 10:12:24.764 [info] > git show --textconv :index.html [10ms]
2023-03-20 10:12:24.772 [info] > git show --textconv :test.html [11ms]
2023-03-20 10:12:27.845 [info] > git config --get commit.template [6ms]
2023-03-20 10:12:27.846 [info] > git for-each-ref --format=%(refname)%00%(upstream:short)%00%(objectname)%00%(upstream:track)%00%(upstream:remotename)%00%(upstream:remoteref) refs/heads/main refs/remotes/main [2ms]
2023-03-20 10:12:27.940 [info] > git status -z -uall [89ms]
2023-03-20 10:12:32.974 [info] > git config --get commit.template [13ms]
2023-03-20 10:12:32.977 [info] > git for-each-ref --format=%(refname)%00%(upstream:short)%00%(objectname)%00%(upstream:track)%00%(upstream:remotename)%00%(upstream:remoteref) refs/heads/main refs/remotes/main [4ms]
2023-03-20 10:12:33.068 [info] > git status -z -uall [81ms]
2023-03-20 10:12:38.083 [info] > git config --get commit.template [5ms]
2023-03-20 10:12:38.084 [info] > git for-each-ref --format=%(refname)%00%(upstream:short)%00%(objectname)%00%(upstream:track)%00%(upstream:remotename)%00%(upstream:remoteref) refs/heads/main refs/remotes/main [2ms]
2023-03-20 10:12:38.163 [info] > git status -z -uall [74ms]
2023-03-20 10:12:49.110 [info] > git config --get commit.template [7ms]
2023-03-20 10:12:49.111 [info] > git for-each-ref --format=%(refname)%00%(upstream:short)%00%(objectname)%00%(upstream:track)%00%(upstream:remotename)%00%(upstream:remoteref) refs/heads/main refs/remotes/main [1ms]
2023-03-20 10:12:49.184 [info] > git status -z -uall [70ms]
2023-03-20 10:12:54.214 [info] > git config --get commit.template [13ms]
2023-03-20 10:12:54.217 [info] > git for-each-ref --format=%(refname)%00%(upstream:short)%00%(objectname)%00%(upstream:track)%00%(upstream:remotename)%00%(upstream:remoteref) refs/heads/main refs/remotes/main [5ms]
2023-03-20 10:12:54.327 [info] > git status -z -uall [101ms]
2023-03-20 10:12:59.345 [info] > git config --get commit.template [6ms]
2023-03-20 10:12:59.346 [info] > git for-each-ref --format=%(refname)%00%(upstream:short)%00%(objectname)%00%(upstream:track)%00%(upstream:remotename)%00%(upstream:remoteref) refs/heads/main refs/remotes/main [1ms]
2023-03-20 10:12:59.468 [info] > git status -z -uall [118ms]
2023-03-20 10:13:04.493 [info] > git config --get commit.template [11ms]
2023-03-20 10:13:04.496 [info] > git for-each-ref --format=%(refname)%00%(upstream:short)%00%(objectname)%00%(upstream:track)%00%(upstream:remotename)%00%(upstream:remoteref) refs/heads/main refs/remotes/main [3ms]
2023-03-20 10:13:04.614 [info] > git status -z -uall [110ms]
2023-03-20 10:13:09.643 [info] > git config --get commit.template [13ms]
2023-03-20 10:13:09.645 [info] > git for-each-ref --format=%(refname)%00%(upstream:short)%00%(objectname)%00%(upstream:track)%00%(upstream:remotename)%00%(upstream:remoteref) refs/heads/main refs/remotes/main [4ms]
2023-03-20 10:13:09.755 [info] > git status -z -uall [99ms]
2023-03-20 10:13:14.786 [info] > git config --get commit.template [13ms]
2023-03-20 10:13:14.789 [info] > git for-each-ref --format=%(refname)%00%(upstream:short)%00%(objectname)%00%(upstream:track)%00%(upstream:remotename)%00%(upstream:remoteref) refs/heads/main refs/remotes/main [5ms]
2023-03-20 10:13:14.876 [info] > git status -z -uall [78ms]
2023-03-20 10:13:19.908 [info] > git config --get commit.template [14ms]
2023-03-20 10:13:19.911 [info] > git for-each-ref --format=%(refname)%00%(upstream:short)%00%(objectname)%00%(upstream:track)%00%(upstream:remotename)%00%(upstream:remoteref) refs/heads/main refs/remotes/main [4ms]
2023-03-20 10:13:20.015 [info] > git status -z -uall [93ms]
2023-03-20 10:13:25.046 [info] > git config --get commit.template [12ms]
2023-03-20 10:13:25.048 [info] > git for-each-ref --format=%(refname)%00%(upstream:short)%00%(objectname)%00%(upstream:track)%00%(upstream:remotename)%00%(upstream:remoteref) refs/heads/main refs/remotes/main [4ms]
2023-03-20 10:13:25.148 [info] > git status -z -uall [91ms]
2023-03-20 10:13:30.431 [info] > git config --get commit.template [1ms]
2023-03-20 10:13:30.440 [info] > git for-each-ref --format=%(refname)%00%(upstream:short)%00%(objectname)%00%(upstream:track)%00%(upstream:remotename)%00%(upstream:remoteref) refs/heads/main refs/remotes/main [4ms]
2023-03-20 10:13:30.539 [info] > git status -z -uall [94ms]
2023-03-20 10:13:35.562 [info] > git config --get commit.template [9ms]
2023-03-20 10:13:35.564 [info] > git for-each-ref --format=%(refname)%00%(upstream:short)%00%(objectname)%00%(upstream:track)%00%(upstream:remotename)%00%(upstream:remoteref) refs/heads/main refs/remotes/main [3ms]
2023-03-20 10:13:35.660 [info] > git status -z -uall [89ms]
2023-03-20 10:13:40.688 [info] > git config --get commit.template [12ms]
2023-03-20 10:13:40.690 [info] > git for-each-ref --format=%(refname)%00%(upstream:short)%00%(objectname)%00%(upstream:track)%00%(upstream:remotename)%00%(upstream:remoteref) refs/heads/main refs/remotes/main [4ms]
2023-03-20 10:13:40.786 [info] > git status -z -uall [86ms]
2023-03-20 10:13:45.812 [info] > git config --get commit.template [6ms]
2023-03-20 10:13:45.828 [info] > git for-each-ref --format=%(refname)%00%(upstream:short)%00%(objectname)%00%(upstream:track)%00%(upstream:remotename)%00%(upstream:remoteref) refs/heads/main refs/remotes/main [4ms]
2023-03-20 10:13:45.940 [info] > git status -z -uall [104ms]
2023-03-20 10:13:50.975 [info] > git config --get commit.template [18ms]
2023-03-20 10:13:50.976 [info] > git for-each-ref --format=%(refname)%00%(upstream:short)%00%(objectname)%00%(upstream:track)%00%(upstream:remotename)%00%(upstream:remoteref) refs/heads/main refs/remotes/main [4ms]
2023-03-20 10:13:51.085 [info] > git status -z -uall [98ms]
2023-03-20 10:13:56.117 [info] > git config --get commit.template [15ms]
2023-03-20 10:13:56.119 [info] > git for-each-ref --format=%(refname)%00%(upstream:short)%00%(objectname)%00%(upstream:track)%00%(upstream:remotename)%00%(upstream:remoteref) refs/heads/main refs/remotes/main [3ms]
2023-03-20 10:13:56.224 [info] > git status -z -uall [98ms]
2023-03-20 10:14:01.262 [info] > git config --get commit.template [19ms]
2023-03-20 10:14:01.264 [info] > git for-each-ref --format=%(refname)%00%(upstream:short)%00%(objectname)%00%(upstream:track)%00%(upstream:remotename)%00%(upstream:remoteref) refs/heads/main refs/remotes/main [5ms]
2023-03-20 10:14:01.358 [info] > git status -z -uall [86ms]
2023-03-20 10:14:06.401 [info] > git config --get commit.template [20ms]
2023-03-20 10:14:06.405 [info] > git for-each-ref --format=%(refname)%00%(upstream:short)%00%(objectname)%00%(upstream:track)%00%(upstream:remotename)%00%(upstream:remoteref) refs/heads/main refs/remotes/main [7ms]
2023-03-20 10:14:06.509 [info] > git status -z -uall [95ms]
2023-03-20 10:14:09.739 [info] > git check-ignore -v -z --stdin [20ms]
2023-03-20 10:14:09.740 [info] > git check-ignore -v -z --stdin [10ms]
2023-03-20 10:14:09.740 [info] > git check-ignore -v -z --stdin [3ms]
2023-03-20 10:14:09.744 [info] > git check-ignore -v -z --stdin [40ms]
2023-03-20 10:14:11.544 [info] > git config --get commit.template [16ms]
2023-03-20 10:14:11.547 [info] > git for-each-ref --format=%(refname)%00%(upstream:short)%00%(objectname)%00%(upstream:track)%00%(upstream:remotename)%00%(upstream:remoteref) refs/heads/main refs/remotes/main [4ms]
2023-03-20 10:14:11.647 [info] > git status -z -uall [89ms]
2023-03-20 10:14:16.681 [info] > git config --get commit.template [11ms]
2023-03-20 10:14:16.683 [info] > git for-each-ref --format=%(refname)%00%(upstream:short)%00%(objectname)%00%(upstream:track)%00%(upstream:remotename)%00%(upstream:remoteref) refs/heads/main refs/remotes/main [3ms]
2023-03-20 10:14:16.769 [info] > git status -z -uall [80ms]
2023-03-20 10:14:21.793 [info] > git config --get commit.template [7ms]
2023-03-20 10:14:21.795 [info] > git for-each-ref --format=%(refname)%00%(upstream:short)%00%(objectname)%00%(upstream:track)%00%(upstream:remotename)%00%(upstream:remoteref) refs/heads/main refs/remotes/main [2ms]
2023-03-20 10:14:21.898 [info] > git status -z -uall [97ms]
2023-03-20 10:14:26.915 [info] > git config --get commit.template [5ms]
2023-03-20 10:14:26.916 [info] > git for-each-ref --format=%(refname)%00%(upstream:short)%00%(objectname)%00%(upstream:track)%00%(upstream:remotename)%00%(upstream:remoteref) refs/heads/main refs/remotes/main [2ms]
2023-03-20 10:14:27.008 [info] > git status -z -uall [87ms]
2023-03-20 10:14:32.041 [info] > git config --get commit.template [13ms]
2023-03-20 10:14:32.044 [info] > git for-each-ref --format=%(refname)%00%(upstream:short)%00%(objectname)%00%(upstream:track)%00%(upstream:remotename)%00%(upstream:remoteref) refs/heads/main refs/remotes/main [4ms]
2023-03-20 10:14:32.150 [info] > git status -z -uall [95ms]
2023-03-20 10:14:37.182 [info] > git config --get commit.template [13ms]
2023-03-20 10:14:37.184 [info] > git for-each-ref --format=%(refname)%00%(upstream:short)%00%(objectname)%00%(upstream:track)%00%(upstream:remotename)%00%(upstream:remoteref) refs/heads/main refs/remotes/main [4ms]
2023-03-20 10:14:37.286 [info] > git status -z -uall [91ms]
